[2025-04-10 11:31:20] local.ERROR: Unauthenticated. {"exception":"[object] (Illuminate\\Auth\\AuthenticationException(code: 0): Unauthenticated. at C:\\xampp\\htdocs\\ddsbegateway\\vendor\\laravel\\passport\\src\\Http\\Middleware\\CheckCredentials.php:64)
[stacktrace]
#0 C:\\xampp\\htdocs\\ddsbegateway\\vendor\\illuminate\\pipeline\\Pipeline.php(180): Laravel\\Passport\\Http\\Middleware\\CheckCredentials->handle(Object(Laravel\\Lumen\\Http\\Request), Object(Closure))
#1 C:\\xampp\\htdocs\\ddsbegateway\\vendor\\laravel\\lumen-framework\\src\\Routing\\Pipeline.php(30): Illuminate\\Pipeline\\Pipeline->Illuminate\\Pipeline\\{closure}(Object(Laravel\\Lumen\\Http\\Request))
#2 C:\\xampp\\htdocs\\ddsbegateway\\vendor\\illuminate\\pipeline\\Pipeline.php(116): Laravel\\Lumen\\Routing\\Pipeline->Laravel\\Lumen\\Routing\\{closure}(Object(Laravel\\Lumen\\Http\\Request))
#3 C:\\xampp\\htdocs\\ddsbegateway\\vendor\\laravel\\lumen-framework\\src\\Concerns\\RoutesRequests.php(426): Illuminate\\Pipeline\\Pipeline->then(Object(Closure))
#4 C:\\xampp\\htdocs\\ddsbegateway\\vendor\\laravel\\lumen-framework\\src\\Concerns\\RoutesRequests.php(261): Laravel\\Lumen\\Application->sendThroughPipeline(Array, Object(Closure))
#5 C:\\xampp\\htdocs\\ddsbegateway\\vendor\\laravel\\lumen-framework\\src\\Concerns\\RoutesRequests.php(169): Laravel\\Lumen\\Application->handleFoundRoute(Array)
#6 C:\\xampp\\htdocs\\ddsbegateway\\vendor\\laravel\\lumen-framework\\src\\Concerns\\RoutesRequests.php(429): Laravel\\Lumen\\Application->Laravel\\Lumen\\Concerns\\{closure}(Object(Laravel\\Lumen\\Http\\Request))
#7 C:\\xampp\\htdocs\\ddsbegateway\\vendor\\laravel\\lumen-framework\\src\\Concerns\\RoutesRequests.php(165): Laravel\\Lumen\\Application->sendThroughPipeline(Array, Object(Closure))
#8 C:\\xampp\\htdocs\\ddsbegateway\\vendor\\laravel\\lumen-framework\\src\\Concerns\\RoutesRequests.php(112): Laravel\\Lumen\\Application->dispatch(NULL)
#9 C:\\xampp\\htdocs\\ddsbegateway\\public\\index.php(28): Laravel\\Lumen\\Application->run()
#10 {main}
"} 
[2025-04-10 11:32:38] local.ERROR: Client authentication failed {"exception":"[object] (Laravel\\Passport\\Exceptions\\OAuthServerException(code: 4): Client authentication failed at C:\\xampp\\htdocs\\ddsbegateway\\vendor\\laravel\\passport\\src\\Http\\Controllers\\HandlesOAuthErrors.php:26)
[stacktrace]
#0 C:\\xampp\\htdocs\\ddsbegateway\\vendor\\dusterio\\lumen-passport\\src\\Http\\Controllers\\AccessTokenController.php(25): Laravel\\Passport\\Http\\Controllers\\AccessTokenController->withErrorHandling(Object(Closure))
#1 C:\\xampp\\htdocs\\ddsbegateway\\vendor\\illuminate\\container\\BoundMethod.php(36): Dusterio\\LumenPassport\\Http\\Controllers\\AccessTokenController->issueToken(Object(Nyholm\\Psr7\\ServerRequest))
#2 C:\\xampp\\htdocs\\ddsbegateway\\vendor\\illuminate\\container\\Util.php(41): Illuminate\\Container\\BoundMethod::Illuminate\\Container\\{closure}()
#3 C:\\xampp\\htdocs\\ddsbegateway\\vendor\\illuminate\\container\\BoundMethod.php(93): Illuminate\\Container\\Util::unwrapIfClosure(Object(Closure))
#4 C:\\xampp\\htdocs\\ddsbegateway\\vendor\\illuminate\\container\\BoundMethod.php(35): Illuminate\\Container\\BoundMethod::callBoundMethod(Object(Laravel\\Lumen\\Application), Array, Object(Closure))
#5 C:\\xampp\\htdocs\\ddsbegateway\\vendor\\illuminate\\container\\Container.php(661): Illuminate\\Container\\BoundMethod::call(Object(Laravel\\Lumen\\Application), Array, Array, NULL)
#6 C:\\xampp\\htdocs\\ddsbegateway\\vendor\\laravel\\lumen-framework\\src\\Concerns\\RoutesRequests.php(389): Illuminate\\Container\\Container->call(Array, Array)
#7 C:\\xampp\\htdocs\\ddsbegateway\\vendor\\laravel\\lumen-framework\\src\\Concerns\\RoutesRequests.php(331): Laravel\\Lumen\\Application->callControllerCallable(Array, Array)
#8 C:\\xampp\\htdocs\\ddsbegateway\\vendor\\laravel\\lumen-framework\\src\\Concerns\\RoutesRequests.php(282): Laravel\\Lumen\\Application->callControllerAction(Array)
#9 C:\\xampp\\htdocs\\ddsbegateway\\vendor\\laravel\\lumen-framework\\src\\Concerns\\RoutesRequests.php(267): Laravel\\Lumen\\Application->callActionOnArrayBasedRoute(Array)
#10 C:\\xampp\\htdocs\\ddsbegateway\\vendor\\laravel\\lumen-framework\\src\\Concerns\\RoutesRequests.php(169): Laravel\\Lumen\\Application->handleFoundRoute(Array)
#11 C:\\xampp\\htdocs\\ddsbegateway\\vendor\\laravel\\lumen-framework\\src\\Concerns\\RoutesRequests.php(429): Laravel\\Lumen\\Application->Laravel\\Lumen\\Concerns\\{closure}(Object(Laravel\\Lumen\\Http\\Request))
#12 C:\\xampp\\htdocs\\ddsbegateway\\vendor\\laravel\\lumen-framework\\src\\Concerns\\RoutesRequests.php(165): Laravel\\Lumen\\Application->sendThroughPipeline(Array, Object(Closure))
#13 C:\\xampp\\htdocs\\ddsbegateway\\vendor\\laravel\\lumen-framework\\src\\Concerns\\RoutesRequests.php(112): Laravel\\Lumen\\Application->dispatch(NULL)
#14 C:\\xampp\\htdocs\\ddsbegateway\\public\\index.php(28): Laravel\\Lumen\\Application->run()
#15 {main}

[previous exception] [object] (League\\OAuth2\\Server\\Exception\\OAuthServerException(code: 4): Client authentication failed at C:\\xampp\\htdocs\\ddsbegateway\\vendor\\league\\oauth2-server\\src\\Exception\\OAuthServerException.php:154)
[stacktrace]
#0 C:\\xampp\\htdocs\\ddsbegateway\\vendor\\league\\oauth2-server\\src\\Grant\\AbstractGrant.php(199): League\\OAuth2\\Server\\Exception\\OAuthServerException::invalidClient(Object(Nyholm\\Psr7\\ServerRequest))
#1 C:\\xampp\\htdocs\\ddsbegateway\\vendor\\league\\oauth2-server\\src\\Grant\\ClientCredentialsGrant.php(45): League\\OAuth2\\Server\\Grant\\AbstractGrant->validateClient(Object(Nyholm\\Psr7\\ServerRequest))
#2 C:\\xampp\\htdocs\\ddsbegateway\\vendor\\league\\oauth2-server\\src\\AuthorizationServer.php(201): League\\OAuth2\\Server\\Grant\\ClientCredentialsGrant->respondToAccessTokenRequest(Object(Nyholm\\Psr7\\ServerRequest), Object(League\\OAuth2\\Server\\ResponseTypes\\BearerTokenResponse), Object(DateInterval))
#3 C:\\xampp\\htdocs\\ddsbegateway\\vendor\\dusterio\\lumen-passport\\src\\Http\\Controllers\\AccessTokenController.php(34): League\\OAuth2\\Server\\AuthorizationServer->respondToAccessTokenRequest(Object(Nyholm\\Psr7\\ServerRequest), Object(Laminas\\Diactoros\\Response))
#4 C:\\xampp\\htdocs\\ddsbegateway\\vendor\\laravel\\passport\\src\\Http\\Controllers\\HandlesOAuthErrors.php(24): Dusterio\\LumenPassport\\Http\\Controllers\\AccessTokenController->Dusterio\\LumenPassport\\Http\\Controllers\\{closure}()
#5 C:\\xampp\\htdocs\\ddsbegateway\\vendor\\dusterio\\lumen-passport\\src\\Http\\Controllers\\AccessTokenController.php(25): Laravel\\Passport\\Http\\Controllers\\AccessTokenController->withErrorHandling(Object(Closure))
#6 C:\\xampp\\htdocs\\ddsbegateway\\vendor\\illuminate\\container\\BoundMethod.php(36): Dusterio\\LumenPassport\\Http\\Controllers\\AccessTokenController->issueToken(Object(Nyholm\\Psr7\\ServerRequest))
#7 C:\\xampp\\htdocs\\ddsbegateway\\vendor\\illuminate\\container\\Util.php(41): Illuminate\\Container\\BoundMethod::Illuminate\\Container\\{closure}()
#8 C:\\xampp\\htdocs\\ddsbegateway\\vendor\\illuminate\\container\\BoundMethod.php(93): Illuminate\\Container\\Util::unwrapIfClosure(Object(Closure))
#9 C:\\xampp\\htdocs\\ddsbegateway\\vendor\\illuminate\\container\\BoundMethod.php(35): Illuminate\\Container\\BoundMethod::callBoundMethod(Object(Laravel\\Lumen\\Application), Array, Object(Closure))
#10 C:\\xampp\\htdocs\\ddsbegateway\\vendor\\illuminate\\container\\Container.php(661): Illuminate\\Container\\BoundMethod::call(Object(Laravel\\Lumen\\Application), Array, Array, NULL)
#11 C:\\xampp\\htdocs\\ddsbegateway\\vendor\\laravel\\lumen-framework\\src\\Concerns\\RoutesRequests.php(389): Illuminate\\Container\\Container->call(Array, Array)
#12 C:\\xampp\\htdocs\\ddsbegateway\\vendor\\laravel\\lumen-framework\\src\\Concerns\\RoutesRequests.php(331): Laravel\\Lumen\\Application->callControllerCallable(Array, Array)
#13 C:\\xampp\\htdocs\\ddsbegateway\\vendor\\laravel\\lumen-framework\\src\\Concerns\\RoutesRequests.php(282): Laravel\\Lumen\\Application->callControllerAction(Array)
#14 C:\\xampp\\htdocs\\ddsbegateway\\vendor\\laravel\\lumen-framework\\src\\Concerns\\RoutesRequests.php(267): Laravel\\Lumen\\Application->callActionOnArrayBasedRoute(Array)
#15 C:\\xampp\\htdocs\\ddsbegateway\\vendor\\laravel\\lumen-framework\\src\\Concerns\\RoutesRequests.php(169): Laravel\\Lumen\\Application->handleFoundRoute(Array)
#16 C:\\xampp\\htdocs\\ddsbegateway\\vendor\\laravel\\lumen-framework\\src\\Concerns\\RoutesRequests.php(429): Laravel\\Lumen\\Application->Laravel\\Lumen\\Concerns\\{closure}(Object(Laravel\\Lumen\\Http\\Request))
#17 C:\\xampp\\htdocs\\ddsbegateway\\vendor\\laravel\\lumen-framework\\src\\Concerns\\RoutesRequests.php(165): Laravel\\Lumen\\Application->sendThroughPipeline(Array, Object(Closure))
#18 C:\\xampp\\htdocs\\ddsbegateway\\vendor\\laravel\\lumen-framework\\src\\Concerns\\RoutesRequests.php(112): Laravel\\Lumen\\Application->dispatch(NULL)
#19 C:\\xampp\\htdocs\\ddsbegateway\\public\\index.php(28): Laravel\\Lumen\\Application->run()
#20 {main}
"} 
[2025-04-10 11:33:14] local.ERROR: Client authentication failed {"exception":"[object] (Laravel\\Passport\\Exceptions\\OAuthServerException(code: 4): Client authentication failed at C:\\xampp\\htdocs\\ddsbegateway\\vendor\\laravel\\passport\\src\\Http\\Controllers\\HandlesOAuthErrors.php:26)
[stacktrace]
#0 C:\\xampp\\htdocs\\ddsbegateway\\vendor\\dusterio\\lumen-passport\\src\\Http\\Controllers\\AccessTokenController.php(25): Laravel\\Passport\\Http\\Controllers\\AccessTokenController->withErrorHandling(Object(Closure))
#1 C:\\xampp\\htdocs\\ddsbegateway\\vendor\\illuminate\\container\\BoundMethod.php(36): Dusterio\\LumenPassport\\Http\\Controllers\\AccessTokenController->issueToken(Object(Nyholm\\Psr7\\ServerRequest))
#2 C:\\xampp\\htdocs\\ddsbegateway\\vendor\\illuminate\\container\\Util.php(41): Illuminate\\Container\\BoundMethod::Illuminate\\Container\\{closure}()
#3 C:\\xampp\\htdocs\\ddsbegateway\\vendor\\illuminate\\container\\BoundMethod.php(93): Illuminate\\Container\\Util::unwrapIfClosure(Object(Closure))
#4 C:\\xampp\\htdocs\\ddsbegateway\\vendor\\illuminate\\container\\BoundMethod.php(35): Illuminate\\Container\\BoundMethod::callBoundMethod(Object(Laravel\\Lumen\\Application), Array, Object(Closure))
#5 C:\\xampp\\htdocs\\ddsbegateway\\vendor\\illuminate\\container\\Container.php(661): Illuminate\\Container\\BoundMethod::call(Object(Laravel\\Lumen\\Application), Array, Array, NULL)
#6 C:\\xampp\\htdocs\\ddsbegateway\\vendor\\laravel\\lumen-framework\\src\\Concerns\\RoutesRequests.php(389): Illuminate\\Container\\Container->call(Array, Array)
#7 C:\\xampp\\htdocs\\ddsbegateway\\vendor\\laravel\\lumen-framework\\src\\Concerns\\RoutesRequests.php(331): Laravel\\Lumen\\Application->callControllerCallable(Array, Array)
#8 C:\\xampp\\htdocs\\ddsbegateway\\vendor\\laravel\\lumen-framework\\src\\Concerns\\RoutesRequests.php(282): Laravel\\Lumen\\Application->callControllerAction(Array)
#9 C:\\xampp\\htdocs\\ddsbegateway\\vendor\\laravel\\lumen-framework\\src\\Concerns\\RoutesRequests.php(267): Laravel\\Lumen\\Application->callActionOnArrayBasedRoute(Array)
#10 C:\\xampp\\htdocs\\ddsbegateway\\vendor\\laravel\\lumen-framework\\src\\Concerns\\RoutesRequests.php(169): Laravel\\Lumen\\Application->handleFoundRoute(Array)
#11 C:\\xampp\\htdocs\\ddsbegateway\\vendor\\laravel\\lumen-framework\\src\\Concerns\\RoutesRequests.php(429): Laravel\\Lumen\\Application->Laravel\\Lumen\\Concerns\\{closure}(Object(Laravel\\Lumen\\Http\\Request))
#12 C:\\xampp\\htdocs\\ddsbegateway\\vendor\\laravel\\lumen-framework\\src\\Concerns\\RoutesRequests.php(165): Laravel\\Lumen\\Application->sendThroughPipeline(Array, Object(Closure))
#13 C:\\xampp\\htdocs\\ddsbegateway\\vendor\\laravel\\lumen-framework\\src\\Concerns\\RoutesRequests.php(112): Laravel\\Lumen\\Application->dispatch(NULL)
#14 C:\\xampp\\htdocs\\ddsbegateway\\public\\index.php(28): Laravel\\Lumen\\Application->run()
#15 {main}

[previous exception] [object] (League\\OAuth2\\Server\\Exception\\OAuthServerException(code: 4): Client authentication failed at C:\\xampp\\htdocs\\ddsbegateway\\vendor\\league\\oauth2-server\\src\\Exception\\OAuthServerException.php:154)
[stacktrace]
#0 C:\\xampp\\htdocs\\ddsbegateway\\vendor\\league\\oauth2-server\\src\\Grant\\AbstractGrant.php(199): League\\OAuth2\\Server\\Exception\\OAuthServerException::invalidClient(Object(Nyholm\\Psr7\\ServerRequest))
#1 C:\\xampp\\htdocs\\ddsbegateway\\vendor\\league\\oauth2-server\\src\\Grant\\ClientCredentialsGrant.php(45): League\\OAuth2\\Server\\Grant\\AbstractGrant->validateClient(Object(Nyholm\\Psr7\\ServerRequest))
#2 C:\\xampp\\htdocs\\ddsbegateway\\vendor\\league\\oauth2-server\\src\\AuthorizationServer.php(201): League\\OAuth2\\Server\\Grant\\ClientCredentialsGrant->respondToAccessTokenRequest(Object(Nyholm\\Psr7\\ServerRequest), Object(League\\OAuth2\\Server\\ResponseTypes\\BearerTokenResponse), Object(DateInterval))
#3 C:\\xampp\\htdocs\\ddsbegateway\\vendor\\dusterio\\lumen-passport\\src\\Http\\Controllers\\AccessTokenController.php(34): League\\OAuth2\\Server\\AuthorizationServer->respondToAccessTokenRequest(Object(Nyholm\\Psr7\\ServerRequest), Object(Laminas\\Diactoros\\Response))
#4 C:\\xampp\\htdocs\\ddsbegateway\\vendor\\laravel\\passport\\src\\Http\\Controllers\\HandlesOAuthErrors.php(24): Dusterio\\LumenPassport\\Http\\Controllers\\AccessTokenController->Dusterio\\LumenPassport\\Http\\Controllers\\{closure}()
#5 C:\\xampp\\htdocs\\ddsbegateway\\vendor\\dusterio\\lumen-passport\\src\\Http\\Controllers\\AccessTokenController.php(25): Laravel\\Passport\\Http\\Controllers\\AccessTokenController->withErrorHandling(Object(Closure))
#6 C:\\xampp\\htdocs\\ddsbegateway\\vendor\\illuminate\\container\\BoundMethod.php(36): Dusterio\\LumenPassport\\Http\\Controllers\\AccessTokenController->issueToken(Object(Nyholm\\Psr7\\ServerRequest))
#7 C:\\xampp\\htdocs\\ddsbegateway\\vendor\\illuminate\\container\\Util.php(41): Illuminate\\Container\\BoundMethod::Illuminate\\Container\\{closure}()
#8 C:\\xampp\\htdocs\\ddsbegateway\\vendor\\illuminate\\container\\BoundMethod.php(93): Illuminate\\Container\\Util::unwrapIfClosure(Object(Closure))
#9 C:\\xampp\\htdocs\\ddsbegateway\\vendor\\illuminate\\container\\BoundMethod.php(35): Illuminate\\Container\\BoundMethod::callBoundMethod(Object(Laravel\\Lumen\\Application), Array, Object(Closure))
#10 C:\\xampp\\htdocs\\ddsbegateway\\vendor\\illuminate\\container\\Container.php(661): Illuminate\\Container\\BoundMethod::call(Object(Laravel\\Lumen\\Application), Array, Array, NULL)
#11 C:\\xampp\\htdocs\\ddsbegateway\\vendor\\laravel\\lumen-framework\\src\\Concerns\\RoutesRequests.php(389): Illuminate\\Container\\Container->call(Array, Array)
#12 C:\\xampp\\htdocs\\ddsbegateway\\vendor\\laravel\\lumen-framework\\src\\Concerns\\RoutesRequests.php(331): Laravel\\Lumen\\Application->callControllerCallable(Array, Array)
#13 C:\\xampp\\htdocs\\ddsbegateway\\vendor\\laravel\\lumen-framework\\src\\Concerns\\RoutesRequests.php(282): Laravel\\Lumen\\Application->callControllerAction(Array)
#14 C:\\xampp\\htdocs\\ddsbegateway\\vendor\\laravel\\lumen-framework\\src\\Concerns\\RoutesRequests.php(267): Laravel\\Lumen\\Application->callActionOnArrayBasedRoute(Array)
#15 C:\\xampp\\htdocs\\ddsbegateway\\vendor\\laravel\\lumen-framework\\src\\Concerns\\RoutesRequests.php(169): Laravel\\Lumen\\Application->handleFoundRoute(Array)
#16 C:\\xampp\\htdocs\\ddsbegateway\\vendor\\laravel\\lumen-framework\\src\\Concerns\\RoutesRequests.php(429): Laravel\\Lumen\\Application->Laravel\\Lumen\\Concerns\\{closure}(Object(Laravel\\Lumen\\Http\\Request))
#17 C:\\xampp\\htdocs\\ddsbegateway\\vendor\\laravel\\lumen-framework\\src\\Concerns\\RoutesRequests.php(165): Laravel\\Lumen\\Application->sendThroughPipeline(Array, Object(Closure))
#18 C:\\xampp\\htdocs\\ddsbegateway\\vendor\\laravel\\lumen-framework\\src\\Concerns\\RoutesRequests.php(112): Laravel\\Lumen\\Application->dispatch(NULL)
#19 C:\\xampp\\htdocs\\ddsbegateway\\public\\index.php(28): Laravel\\Lumen\\Application->run()
#20 {main}
"} 
[2025-04-10 11:35:07] local.ERROR: Client authentication failed {"exception":"[object] (Laravel\\Passport\\Exceptions\\OAuthServerException(code: 4): Client authentication failed at C:\\xampp\\htdocs\\ddsbegateway\\vendor\\laravel\\passport\\src\\Http\\Controllers\\HandlesOAuthErrors.php:26)
[stacktrace]
#0 C:\\xampp\\htdocs\\ddsbegateway\\vendor\\dusterio\\lumen-passport\\src\\Http\\Controllers\\AccessTokenController.php(25): Laravel\\Passport\\Http\\Controllers\\AccessTokenController->withErrorHandling(Object(Closure))
#1 C:\\xampp\\htdocs\\ddsbegateway\\vendor\\illuminate\\container\\BoundMethod.php(36): Dusterio\\LumenPassport\\Http\\Controllers\\AccessTokenController->issueToken(Object(Nyholm\\Psr7\\ServerRequest))
#2 C:\\xampp\\htdocs\\ddsbegateway\\vendor\\illuminate\\container\\Util.php(41): Illuminate\\Container\\BoundMethod::Illuminate\\Container\\{closure}()
#3 C:\\xampp\\htdocs\\ddsbegateway\\vendor\\illuminate\\container\\BoundMethod.php(93): Illuminate\\Container\\Util::unwrapIfClosure(Object(Closure))
#4 C:\\xampp\\htdocs\\ddsbegateway\\vendor\\illuminate\\container\\BoundMethod.php(35): Illuminate\\Container\\BoundMethod::callBoundMethod(Object(Laravel\\Lumen\\Application), Array, Object(Closure))
#5 C:\\xampp\\htdocs\\ddsbegateway\\vendor\\illuminate\\container\\Container.php(661): Illuminate\\Container\\BoundMethod::call(Object(Laravel\\Lumen\\Application), Array, Array, NULL)
#6 C:\\xampp\\htdocs\\ddsbegateway\\vendor\\laravel\\lumen-framework\\src\\Concerns\\RoutesRequests.php(389): Illuminate\\Container\\Container->call(Array, Array)
#7 C:\\xampp\\htdocs\\ddsbegateway\\vendor\\laravel\\lumen-framework\\src\\Concerns\\RoutesRequests.php(331): Laravel\\Lumen\\Application->callControllerCallable(Array, Array)
#8 C:\\xampp\\htdocs\\ddsbegateway\\vendor\\laravel\\lumen-framework\\src\\Concerns\\RoutesRequests.php(282): Laravel\\Lumen\\Application->callControllerAction(Array)
#9 C:\\xampp\\htdocs\\ddsbegateway\\vendor\\laravel\\lumen-framework\\src\\Concerns\\RoutesRequests.php(267): Laravel\\Lumen\\Application->callActionOnArrayBasedRoute(Array)
#10 C:\\xampp\\htdocs\\ddsbegateway\\vendor\\laravel\\lumen-framework\\src\\Concerns\\RoutesRequests.php(169): Laravel\\Lumen\\Application->handleFoundRoute(Array)
#11 C:\\xampp\\htdocs\\ddsbegateway\\vendor\\laravel\\lumen-framework\\src\\Concerns\\RoutesRequests.php(429): Laravel\\Lumen\\Application->Laravel\\Lumen\\Concerns\\{closure}(Object(Laravel\\Lumen\\Http\\Request))
#12 C:\\xampp\\htdocs\\ddsbegateway\\vendor\\laravel\\lumen-framework\\src\\Concerns\\RoutesRequests.php(165): Laravel\\Lumen\\Application->sendThroughPipeline(Array, Object(Closure))
#13 C:\\xampp\\htdocs\\ddsbegateway\\vendor\\laravel\\lumen-framework\\src\\Concerns\\RoutesRequests.php(112): Laravel\\Lumen\\Application->dispatch(NULL)
#14 C:\\xampp\\htdocs\\ddsbegateway\\public\\index.php(28): Laravel\\Lumen\\Application->run()
#15 {main}

[previous exception] [object] (League\\OAuth2\\Server\\Exception\\OAuthServerException(code: 4): Client authentication failed at C:\\xampp\\htdocs\\ddsbegateway\\vendor\\league\\oauth2-server\\src\\Exception\\OAuthServerException.php:154)
[stacktrace]
#0 C:\\xampp\\htdocs\\ddsbegateway\\vendor\\league\\oauth2-server\\src\\Grant\\AbstractGrant.php(199): League\\OAuth2\\Server\\Exception\\OAuthServerException::invalidClient(Object(Nyholm\\Psr7\\ServerRequest))
#1 C:\\xampp\\htdocs\\ddsbegateway\\vendor\\league\\oauth2-server\\src\\Grant\\ClientCredentialsGrant.php(45): League\\OAuth2\\Server\\Grant\\AbstractGrant->validateClient(Object(Nyholm\\Psr7\\ServerRequest))
#2 C:\\xampp\\htdocs\\ddsbegateway\\vendor\\league\\oauth2-server\\src\\AuthorizationServer.php(201): League\\OAuth2\\Server\\Grant\\ClientCredentialsGrant->respondToAccessTokenRequest(Object(Nyholm\\Psr7\\ServerRequest), Object(League\\OAuth2\\Server\\ResponseTypes\\BearerTokenResponse), Object(DateInterval))
#3 C:\\xampp\\htdocs\\ddsbegateway\\vendor\\dusterio\\lumen-passport\\src\\Http\\Controllers\\AccessTokenController.php(34): League\\OAuth2\\Server\\AuthorizationServer->respondToAccessTokenRequest(Object(Nyholm\\Psr7\\ServerRequest), Object(Laminas\\Diactoros\\Response))
#4 C:\\xampp\\htdocs\\ddsbegateway\\vendor\\laravel\\passport\\src\\Http\\Controllers\\HandlesOAuthErrors.php(24): Dusterio\\LumenPassport\\Http\\Controllers\\AccessTokenController->Dusterio\\LumenPassport\\Http\\Controllers\\{closure}()
#5 C:\\xampp\\htdocs\\ddsbegateway\\vendor\\dusterio\\lumen-passport\\src\\Http\\Controllers\\AccessTokenController.php(25): Laravel\\Passport\\Http\\Controllers\\AccessTokenController->withErrorHandling(Object(Closure))
#6 C:\\xampp\\htdocs\\ddsbegateway\\vendor\\illuminate\\container\\BoundMethod.php(36): Dusterio\\LumenPassport\\Http\\Controllers\\AccessTokenController->issueToken(Object(Nyholm\\Psr7\\ServerRequest))
#7 C:\\xampp\\htdocs\\ddsbegateway\\vendor\\illuminate\\container\\Util.php(41): Illuminate\\Container\\BoundMethod::Illuminate\\Container\\{closure}()
#8 C:\\xampp\\htdocs\\ddsbegateway\\vendor\\illuminate\\container\\BoundMethod.php(93): Illuminate\\Container\\Util::unwrapIfClosure(Object(Closure))
#9 C:\\xampp\\htdocs\\ddsbegateway\\vendor\\illuminate\\container\\BoundMethod.php(35): Illuminate\\Container\\BoundMethod::callBoundMethod(Object(Laravel\\Lumen\\Application), Array, Object(Closure))
#10 C:\\xampp\\htdocs\\ddsbegateway\\vendor\\illuminate\\container\\Container.php(661): Illuminate\\Container\\BoundMethod::call(Object(Laravel\\Lumen\\Application), Array, Array, NULL)
#11 C:\\xampp\\htdocs\\ddsbegateway\\vendor\\laravel\\lumen-framework\\src\\Concerns\\RoutesRequests.php(389): Illuminate\\Container\\Container->call(Array, Array)
#12 C:\\xampp\\htdocs\\ddsbegateway\\vendor\\laravel\\lumen-framework\\src\\Concerns\\RoutesRequests.php(331): Laravel\\Lumen\\Application->callControllerCallable(Array, Array)
#13 C:\\xampp\\htdocs\\ddsbegateway\\vendor\\laravel\\lumen-framework\\src\\Concerns\\RoutesRequests.php(282): Laravel\\Lumen\\Application->callControllerAction(Array)
#14 C:\\xampp\\htdocs\\ddsbegateway\\vendor\\laravel\\lumen-framework\\src\\Concerns\\RoutesRequests.php(267): Laravel\\Lumen\\Application->callActionOnArrayBasedRoute(Array)
#15 C:\\xampp\\htdocs\\ddsbegateway\\vendor\\laravel\\lumen-framework\\src\\Concerns\\RoutesRequests.php(169): Laravel\\Lumen\\Application->handleFoundRoute(Array)
#16 C:\\xampp\\htdocs\\ddsbegateway\\vendor\\laravel\\lumen-framework\\src\\Concerns\\RoutesRequests.php(429): Laravel\\Lumen\\Application->Laravel\\Lumen\\Concerns\\{closure}(Object(Laravel\\Lumen\\Http\\Request))
#17 C:\\xampp\\htdocs\\ddsbegateway\\vendor\\laravel\\lumen-framework\\src\\Concerns\\RoutesRequests.php(165): Laravel\\Lumen\\Application->sendThroughPipeline(Array, Object(Closure))
#18 C:\\xampp\\htdocs\\ddsbegateway\\vendor\\laravel\\lumen-framework\\src\\Concerns\\RoutesRequests.php(112): Laravel\\Lumen\\Application->dispatch(NULL)
#19 C:\\xampp\\htdocs\\ddsbegateway\\public\\index.php(28): Laravel\\Lumen\\Application->run()
#20 {main}
"} 
[2025-04-10 11:48:44] local.ERROR: Client error: `GET http://localhost:8000/users/7` resulted in a `404 Not Found` response:
{"error":"Does not exist any instance of User with the given id","code":404}
 {"exception":"[object] (GuzzleHttp\\Exception\\ClientException(code: 404): Client error: `GET http://localhost:8000/users/7` resulted in a `404 Not Found` response:
{\"error\":\"Does not exist any instance of User with the given id\",\"code\":404}
 at C:\\xampp\\htdocs\\ddsbegateway\\vendor\\guzzlehttp\\guzzle\\src\\Exception\\RequestException.php:111)
[stacktrace]
#0 C:\\xampp\\htdocs\\ddsbegateway\\vendor\\guzzlehttp\\guzzle\\src\\Middleware.php(72): GuzzleHttp\\Exception\\RequestException::create(Object(GuzzleHttp\\Psr7\\Request), Object(GuzzleHttp\\Psr7\\Response), NULL, Array, NULL)
#1 C:\\xampp\\htdocs\\ddsbegateway\\vendor\\guzzlehttp\\promises\\src\\Promise.php(209): GuzzleHttp\\Middleware::GuzzleHttp\\{closure}(Object(GuzzleHttp\\Psr7\\Response))
#2 C:\\xampp\\htdocs\\ddsbegateway\\vendor\\guzzlehttp\\promises\\src\\Promise.php(158): GuzzleHttp\\Promise\\Promise::callHandler(1, Object(GuzzleHttp\\Psr7\\Response), NULL)
#3 C:\\xampp\\htdocs\\ddsbegateway\\vendor\\guzzlehttp\\promises\\src\\TaskQueue.php(52): GuzzleHttp\\Promise\\Promise::GuzzleHttp\\Promise\\{closure}()
#4 C:\\xampp\\htdocs\\ddsbegateway\\vendor\\guzzlehttp\\promises\\src\\Promise.php(251): GuzzleHttp\\Promise\\TaskQueue->run(true)
#5 C:\\xampp\\htdocs\\ddsbegateway\\vendor\\guzzlehttp\\promises\\src\\Promise.php(227): GuzzleHttp\\Promise\\Promise->invokeWaitFn()
#6 C:\\xampp\\htdocs\\ddsbegateway\\vendor\\guzzlehttp\\promises\\src\\Promise.php(272): GuzzleHttp\\Promise\\Promise->waitIfPending()
#7 C:\\xampp\\htdocs\\ddsbegateway\\vendor\\guzzlehttp\\promises\\src\\Promise.php(229): GuzzleHttp\\Promise\\Promise->invokeWaitList()
#8 C:\\xampp\\htdocs\\ddsbegateway\\vendor\\guzzlehttp\\promises\\src\\Promise.php(69): GuzzleHttp\\Promise\\Promise->waitIfPending()
#9 C:\\xampp\\htdocs\\ddsbegateway\\vendor\\guzzlehttp\\guzzle\\src\\Client.php(189): GuzzleHttp\\Promise\\Promise->wait()
#10 C:\\xampp\\htdocs\\ddsbegateway\\app\\Traits\\ConsumesExternalService.php(20): GuzzleHttp\\Client->request('GET', '/users/7', Array)
#11 C:\\xampp\\htdocs\\ddsbegateway\\app\\Services\\User1Service.php(32): App\\Services\\User1Service->performRequest('GET', '/users/7')
#12 C:\\xampp\\htdocs\\ddsbegateway\\app\\Http\\Controllers\\User1Controller.php(42): App\\Services\\User1Service->obtainUser1('7')
#13 C:\\xampp\\htdocs\\ddsbegateway\\vendor\\illuminate\\container\\BoundMethod.php(36): App\\Http\\Controllers\\User1Controller->show('7')
#14 C:\\xampp\\htdocs\\ddsbegateway\\vendor\\illuminate\\container\\Util.php(41): Illuminate\\Container\\BoundMethod::Illuminate\\Container\\{closure}()
#15 C:\\xampp\\htdocs\\ddsbegateway\\vendor\\illuminate\\container\\BoundMethod.php(93): Illuminate\\Container\\Util::unwrapIfClosure(Object(Closure))
#16 C:\\xampp\\htdocs\\ddsbegateway\\vendor\\illuminate\\container\\BoundMethod.php(35): Illuminate\\Container\\BoundMethod::callBoundMethod(Object(Laravel\\Lumen\\Application), Array, Object(Closure))
#17 C:\\xampp\\htdocs\\ddsbegateway\\vendor\\illuminate\\container\\Container.php(661): Illuminate\\Container\\BoundMethod::call(Object(Laravel\\Lumen\\Application), Array, Array, NULL)
#18 C:\\xampp\\htdocs\\ddsbegateway\\vendor\\laravel\\lumen-framework\\src\\Concerns\\RoutesRequests.php(389): Illuminate\\Container\\Container->call(Array, Array)
#19 C:\\xampp\\htdocs\\ddsbegateway\\vendor\\laravel\\lumen-framework\\src\\Concerns\\RoutesRequests.php(354): Laravel\\Lumen\\Application->callControllerCallable(Array, Array)
#20 C:\\xampp\\htdocs\\ddsbegateway\\vendor\\laravel\\lumen-framework\\src\\Concerns\\RoutesRequests.php(329): Laravel\\Lumen\\Application->callLumenController(Object(App\\Http\\Controllers\\User1Controller), 'show', Array)
#21 C:\\xampp\\htdocs\\ddsbegateway\\vendor\\laravel\\lumen-framework\\src\\Concerns\\RoutesRequests.php(282): Laravel\\Lumen\\Application->callControllerAction(Array)
#22 C:\\xampp\\htdocs\\ddsbegateway\\vendor\\laravel\\lumen-framework\\src\\Concerns\\RoutesRequests.php(262): Laravel\\Lumen\\Application->callActionOnArrayBasedRoute(Array)
#23 C:\\xampp\\htdocs\\ddsbegateway\\vendor\\laravel\\lumen-framework\\src\\Routing\\Pipeline.php(48): Laravel\\Lumen\\Application->Laravel\\Lumen\\Concerns\\{closure}(Object(Laravel\\Lumen\\Http\\Request))
#24 C:\\xampp\\htdocs\\ddsbegateway\\vendor\\laravel\\passport\\src\\Http\\Middleware\\CheckCredentials.php(69): Laravel\\Lumen\\Routing\\Pipeline->Laravel\\Lumen\\Routing\\{closure}(Object(Laravel\\Lumen\\Http\\Request))
#25 C:\\xampp\\htdocs\\ddsbegateway\\vendor\\illuminate\\pipeline\\Pipeline.php(180): Laravel\\Passport\\Http\\Middleware\\CheckCredentials->handle(Object(Laravel\\Lumen\\Http\\Request), Object(Closure))
#26 C:\\xampp\\htdocs\\ddsbegateway\\vendor\\laravel\\lumen-framework\\src\\Routing\\Pipeline.php(30): Illuminate\\Pipeline\\Pipeline->Illuminate\\Pipeline\\{closure}(Object(Laravel\\Lumen\\Http\\Request))
#27 C:\\xampp\\htdocs\\ddsbegateway\\vendor\\illuminate\\pipeline\\Pipeline.php(116): Laravel\\Lumen\\Routing\\Pipeline->Laravel\\Lumen\\Routing\\{closure}(Object(Laravel\\Lumen\\Http\\Request))
#28 C:\\xampp\\htdocs\\ddsbegateway\\vendor\\laravel\\lumen-framework\\src\\Concerns\\RoutesRequests.php(426): Illuminate\\Pipeline\\Pipeline->then(Object(Closure))
#29 C:\\xampp\\htdocs\\ddsbegateway\\vendor\\laravel\\lumen-framework\\src\\Concerns\\RoutesRequests.php(261): Laravel\\Lumen\\Application->sendThroughPipeline(Array, Object(Closure))
#30 C:\\xampp\\htdocs\\ddsbegateway\\vendor\\laravel\\lumen-framework\\src\\Concerns\\RoutesRequests.php(237): Laravel\\Lumen\\Application->handleFoundRoute(Array)
#31 C:\\xampp\\htdocs\\ddsbegateway\\vendor\\laravel\\lumen-framework\\src\\Concerns\\RoutesRequests.php(172): Laravel\\Lumen\\Application->handleDispatcherResponse(Array)
#32 C:\\xampp\\htdocs\\ddsbegateway\\vendor\\laravel\\lumen-framework\\src\\Concerns\\RoutesRequests.php(429): Laravel\\Lumen\\Application->Laravel\\Lumen\\Concerns\\{closure}(Object(Laravel\\Lumen\\Http\\Request))
#33 C:\\xampp\\htdocs\\ddsbegateway\\vendor\\laravel\\lumen-framework\\src\\Concerns\\RoutesRequests.php(165): Laravel\\Lumen\\Application->sendThroughPipeline(Array, Object(Closure))
#34 C:\\xampp\\htdocs\\ddsbegateway\\vendor\\laravel\\lumen-framework\\src\\Concerns\\RoutesRequests.php(112): Laravel\\Lumen\\Application->dispatch(NULL)
#35 C:\\xampp\\htdocs\\ddsbegateway\\public\\index.php(28): Laravel\\Lumen\\Application->run()
#36 {main}
"} 
