[2025-04-05 05:57:43] local.ERROR: Invalid Host "<calculated when request is sent>". {"exception":"[object] (Symfony\\Component\\HttpFoundation\\Exception\\SuspiciousOperationException(code: 0): Invalid Host \"<calculated when request is sent>\". at C:\\xampp\\htdocs\\ddsbegateway\\vendor\\symfony\\http-foundation\\Request.php:1163)
[stacktrace]
#0 C:\\xampp\\htdocs\\ddsbegateway\\vendor\\symfony\\http-foundation\\Request.php(996): Symfony\\Component\\HttpFoundation\\Request->getHost()
#1 C:\\xampp\\htdocs\\ddsbegateway\\vendor\\symfony\\http-foundation\\Request.php(1020): Symfony\\Component\\HttpFoundation\\Request->getHttpHost()
#2 C:\\xampp\\htdocs\\ddsbegateway\\vendor\\symfony\\psr-http-message-bridge\\Factory\\PsrHttpFactory.php(57): Symfony\\Component\\HttpFoundation\\Request->getSchemeAndHttpHost()
#3 C:\\xampp\\htdocs\\ddsbegateway\\vendor\\laravel\\passport\\src\\Http\\Middleware\\CheckCredentials.php(59): Symfony\\Bridge\\PsrHttpMessage\\Factory\\PsrHttpFactory->createRequest(Object(Laravel\\Lumen\\Http\\Request))
#4 C:\\xampp\\htdocs\\ddsbegateway\\vendor\\illuminate\\pipeline\\Pipeline.php(180): Laravel\\Passport\\Http\\Middleware\\CheckCredentials->handle(Object(Laravel\\Lumen\\Http\\Request), Object(Closure))
#5 C:\\xampp\\htdocs\\ddsbegateway\\vendor\\laravel\\lumen-framework\\src\\Routing\\Pipeline.php(30): Illuminate\\Pipeline\\Pipeline->Illuminate\\Pipeline\\{closure}(Object(Laravel\\Lumen\\Http\\Request))
#6 C:\\xampp\\htdocs\\ddsbegateway\\vendor\\illuminate\\pipeline\\Pipeline.php(116): Laravel\\Lumen\\Routing\\Pipeline->Laravel\\Lumen\\Routing\\{closure}(Object(Laravel\\Lumen\\Http\\Request))
#7 C:\\xampp\\htdocs\\ddsbegateway\\vendor\\laravel\\lumen-framework\\src\\Concerns\\RoutesRequests.php(426): Illuminate\\Pipeline\\Pipeline->then(Object(Closure))
#8 C:\\xampp\\htdocs\\ddsbegateway\\vendor\\laravel\\lumen-framework\\src\\Concerns\\RoutesRequests.php(261): Laravel\\Lumen\\Application->sendThroughPipeline(Array, Object(Closure))
#9 C:\\xampp\\htdocs\\ddsbegateway\\vendor\\laravel\\lumen-framework\\src\\Concerns\\RoutesRequests.php(169): Laravel\\Lumen\\Application->handleFoundRoute(Array)
#10 C:\\xampp\\htdocs\\ddsbegateway\\vendor\\laravel\\lumen-framework\\src\\Concerns\\RoutesRequests.php(429): Laravel\\Lumen\\Application->Laravel\\Lumen\\Concerns\\{closure}(Object(Laravel\\Lumen\\Http\\Request))
#11 C:\\xampp\\htdocs\\ddsbegateway\\vendor\\laravel\\lumen-framework\\src\\Concerns\\RoutesRequests.php(165): Laravel\\Lumen\\Application->sendThroughPipeline(Array, Object(Closure))
#12 C:\\xampp\\htdocs\\ddsbegateway\\vendor\\laravel\\lumen-framework\\src\\Concerns\\RoutesRequests.php(112): Laravel\\Lumen\\Application->dispatch(NULL)
#13 C:\\xampp\\htdocs\\ddsbegateway\\public\\index.php(28): Laravel\\Lumen\\Application->run()
#14 {main}
"} 
[2025-04-05 06:04:00] local.ERROR: Client error: `GET http://localhost:8001/users/usersjob` resulted in a `404 Not Found` response:
{"error":"Does not exist any instance of User with the given id","code":404}
 {"exception":"[object] (GuzzleHttp\\Exception\\ClientException(code: 404): Client error: `GET http://localhost:8001/users/usersjob` resulted in a `404 Not Found` response:
{\"error\":\"Does not exist any instance of User with the given id\",\"code\":404}
 at C:\\xampp\\htdocs\\ddsbegateway\\vendor\\guzzlehttp\\guzzle\\src\\Exception\\RequestException.php:111)
[stacktrace]
#0 C:\\xampp\\htdocs\\ddsbegateway\\vendor\\guzzlehttp\\guzzle\\src\\Middleware.php(72): GuzzleHttp\\Exception\\RequestException::create(Object(GuzzleHttp\\Psr7\\Request), Object(GuzzleHttp\\Psr7\\Response), NULL, Array, NULL)
#1 C:\\xampp\\htdocs\\ddsbegateway\\vendor\\guzzlehttp\\promises\\src\\Promise.php(209): GuzzleHttp\\Middleware::GuzzleHttp\\{closure}(Object(GuzzleHttp\\Psr7\\Response))
#2 C:\\xampp\\htdocs\\ddsbegateway\\vendor\\guzzlehttp\\promises\\src\\Promise.php(158): GuzzleHttp\\Promise\\Promise::callHandler(1, Object(GuzzleHttp\\Psr7\\Response), NULL)
#3 C:\\xampp\\htdocs\\ddsbegateway\\vendor\\guzzlehttp\\promises\\src\\TaskQueue.php(52): GuzzleHttp\\Promise\\Promise::GuzzleHttp\\Promise\\{closure}()
#4 C:\\xampp\\htdocs\\ddsbegateway\\vendor\\guzzlehttp\\promises\\src\\Promise.php(251): GuzzleHttp\\Promise\\TaskQueue->run(true)
#5 C:\\xampp\\htdocs\\ddsbegateway\\vendor\\guzzlehttp\\promises\\src\\Promise.php(227): GuzzleHttp\\Promise\\Promise->invokeWaitFn()
#6 C:\\xampp\\htdocs\\ddsbegateway\\vendor\\guzzlehttp\\promises\\src\\Promise.php(272): GuzzleHttp\\Promise\\Promise->waitIfPending()
#7 C:\\xampp\\htdocs\\ddsbegateway\\vendor\\guzzlehttp\\promises\\src\\Promise.php(229): GuzzleHttp\\Promise\\Promise->invokeWaitList()
#8 C:\\xampp\\htdocs\\ddsbegateway\\vendor\\guzzlehttp\\promises\\src\\Promise.php(69): GuzzleHttp\\Promise\\Promise->waitIfPending()
#9 C:\\xampp\\htdocs\\ddsbegateway\\vendor\\guzzlehttp\\guzzle\\src\\Client.php(189): GuzzleHttp\\Promise\\Promise->wait()
#10 C:\\xampp\\htdocs\\ddsbegateway\\app\\Traits\\ConsumesExternalService.php(20): GuzzleHttp\\Client->request('GET', '/users/usersjob', Array)
#11 C:\\xampp\\htdocs\\ddsbegateway\\app\\Services\\User2Service.php(30): App\\Services\\User2Service->performRequest('GET', '/users/usersjob')
#12 C:\\xampp\\htdocs\\ddsbegateway\\app\\Http\\Controllers\\User2Controller.php(44): App\\Services\\User2Service->obtainUser2('usersjob')
#13 C:\\xampp\\htdocs\\ddsbegateway\\vendor\\illuminate\\container\\BoundMethod.php(36): App\\Http\\Controllers\\User2Controller->show('usersjob')
#14 C:\\xampp\\htdocs\\ddsbegateway\\vendor\\illuminate\\container\\Util.php(41): Illuminate\\Container\\BoundMethod::Illuminate\\Container\\{closure}()
#15 C:\\xampp\\htdocs\\ddsbegateway\\vendor\\illuminate\\container\\BoundMethod.php(93): Illuminate\\Container\\Util::unwrapIfClosure(Object(Closure))
#16 C:\\xampp\\htdocs\\ddsbegateway\\vendor\\illuminate\\container\\BoundMethod.php(35): Illuminate\\Container\\BoundMethod::callBoundMethod(Object(Laravel\\Lumen\\Application), Array, Object(Closure))
#17 C:\\xampp\\htdocs\\ddsbegateway\\vendor\\illuminate\\container\\Container.php(661): Illuminate\\Container\\BoundMethod::call(Object(Laravel\\Lumen\\Application), Array, Array, NULL)
#18 C:\\xampp\\htdocs\\ddsbegateway\\vendor\\laravel\\lumen-framework\\src\\Concerns\\RoutesRequests.php(389): Illuminate\\Container\\Container->call(Array, Array)
#19 C:\\xampp\\htdocs\\ddsbegateway\\vendor\\laravel\\lumen-framework\\src\\Concerns\\RoutesRequests.php(354): Laravel\\Lumen\\Application->callControllerCallable(Array, Array)
#20 C:\\xampp\\htdocs\\ddsbegateway\\vendor\\laravel\\lumen-framework\\src\\Concerns\\RoutesRequests.php(329): Laravel\\Lumen\\Application->callLumenController(Object(App\\Http\\Controllers\\User2Controller), 'show', Array)
#21 C:\\xampp\\htdocs\\ddsbegateway\\vendor\\laravel\\lumen-framework\\src\\Concerns\\RoutesRequests.php(282): Laravel\\Lumen\\Application->callControllerAction(Array)
#22 C:\\xampp\\htdocs\\ddsbegateway\\vendor\\laravel\\lumen-framework\\src\\Concerns\\RoutesRequests.php(262): Laravel\\Lumen\\Application->callActionOnArrayBasedRoute(Array)
#23 C:\\xampp\\htdocs\\ddsbegateway\\vendor\\laravel\\lumen-framework\\src\\Routing\\Pipeline.php(48): Laravel\\Lumen\\Application->Laravel\\Lumen\\Concerns\\{closure}(Object(Laravel\\Lumen\\Http\\Request))
#24 C:\\xampp\\htdocs\\ddsbegateway\\vendor\\laravel\\passport\\src\\Http\\Middleware\\CheckCredentials.php(69): Laravel\\Lumen\\Routing\\Pipeline->Laravel\\Lumen\\Routing\\{closure}(Object(Laravel\\Lumen\\Http\\Request))
#25 C:\\xampp\\htdocs\\ddsbegateway\\vendor\\illuminate\\pipeline\\Pipeline.php(180): Laravel\\Passport\\Http\\Middleware\\CheckCredentials->handle(Object(Laravel\\Lumen\\Http\\Request), Object(Closure))
#26 C:\\xampp\\htdocs\\ddsbegateway\\vendor\\laravel\\lumen-framework\\src\\Routing\\Pipeline.php(30): Illuminate\\Pipeline\\Pipeline->Illuminate\\Pipeline\\{closure}(Object(Laravel\\Lumen\\Http\\Request))
#27 C:\\xampp\\htdocs\\ddsbegateway\\vendor\\laravel\\passport\\src\\Http\\Middleware\\CheckCredentials.php(69): Laravel\\Lumen\\Routing\\Pipeline->Laravel\\Lumen\\Routing\\{closure}(Object(Laravel\\Lumen\\Http\\Request))
#28 C:\\xampp\\htdocs\\ddsbegateway\\vendor\\illuminate\\pipeline\\Pipeline.php(180): Laravel\\Passport\\Http\\Middleware\\CheckCredentials->handle(Object(Laravel\\Lumen\\Http\\Request), Object(Closure))
#29 C:\\xampp\\htdocs\\ddsbegateway\\vendor\\laravel\\lumen-framework\\src\\Routing\\Pipeline.php(30): Illuminate\\Pipeline\\Pipeline->Illuminate\\Pipeline\\{closure}(Object(Laravel\\Lumen\\Http\\Request))
#30 C:\\xampp\\htdocs\\ddsbegateway\\vendor\\illuminate\\pipeline\\Pipeline.php(116): Laravel\\Lumen\\Routing\\Pipeline->Laravel\\Lumen\\Routing\\{closure}(Object(Laravel\\Lumen\\Http\\Request))
#31 C:\\xampp\\htdocs\\ddsbegateway\\vendor\\laravel\\lumen-framework\\src\\Concerns\\RoutesRequests.php(426): Illuminate\\Pipeline\\Pipeline->then(Object(Closure))
#32 C:\\xampp\\htdocs\\ddsbegateway\\vendor\\laravel\\lumen-framework\\src\\Concerns\\RoutesRequests.php(261): Laravel\\Lumen\\Application->sendThroughPipeline(Array, Object(Closure))
#33 C:\\xampp\\htdocs\\ddsbegateway\\vendor\\laravel\\lumen-framework\\src\\Concerns\\RoutesRequests.php(237): Laravel\\Lumen\\Application->handleFoundRoute(Array)
#34 C:\\xampp\\htdocs\\ddsbegateway\\vendor\\laravel\\lumen-framework\\src\\Concerns\\RoutesRequests.php(172): Laravel\\Lumen\\Application->handleDispatcherResponse(Array)
#35 C:\\xampp\\htdocs\\ddsbegateway\\vendor\\laravel\\lumen-framework\\src\\Concerns\\RoutesRequests.php(429): Laravel\\Lumen\\Application->Laravel\\Lumen\\Concerns\\{closure}(Object(Laravel\\Lumen\\Http\\Request))
#36 C:\\xampp\\htdocs\\ddsbegateway\\vendor\\laravel\\lumen-framework\\src\\Concerns\\RoutesRequests.php(165): Laravel\\Lumen\\Application->sendThroughPipeline(Array, Object(Closure))
#37 C:\\xampp\\htdocs\\ddsbegateway\\vendor\\laravel\\lumen-framework\\src\\Concerns\\RoutesRequests.php(112): Laravel\\Lumen\\Application->dispatch(NULL)
#38 C:\\xampp\\htdocs\\ddsbegateway\\public\\index.php(28): Laravel\\Lumen\\Application->run()
#39 {main}
"} 
[2025-04-05 07:27:03] local.ERROR: Unauthenticated. {"exception":"[object] (Illuminate\\Auth\\AuthenticationException(code: 0): Unauthenticated. at C:\\xampp\\htdocs\\ddsbegateway\\vendor\\laravel\\passport\\src\\Http\\Middleware\\CheckCredentials.php:64)
[stacktrace]
#0 C:\\xampp\\htdocs\\ddsbegateway\\vendor\\illuminate\\pipeline\\Pipeline.php(180): Laravel\\Passport\\Http\\Middleware\\CheckCredentials->handle(Object(Laravel\\Lumen\\Http\\Request), Object(Closure))
#1 C:\\xampp\\htdocs\\ddsbegateway\\vendor\\laravel\\lumen-framework\\src\\Routing\\Pipeline.php(30): Illuminate\\Pipeline\\Pipeline->Illuminate\\Pipeline\\{closure}(Object(Laravel\\Lumen\\Http\\Request))
#2 C:\\xampp\\htdocs\\ddsbegateway\\vendor\\illuminate\\pipeline\\Pipeline.php(116): Laravel\\Lumen\\Routing\\Pipeline->Laravel\\Lumen\\Routing\\{closure}(Object(Laravel\\Lumen\\Http\\Request))
#3 C:\\xampp\\htdocs\\ddsbegateway\\vendor\\laravel\\lumen-framework\\src\\Concerns\\RoutesRequests.php(426): Illuminate\\Pipeline\\Pipeline->then(Object(Closure))
#4 C:\\xampp\\htdocs\\ddsbegateway\\vendor\\laravel\\lumen-framework\\src\\Concerns\\RoutesRequests.php(261): Laravel\\Lumen\\Application->sendThroughPipeline(Array, Object(Closure))
#5 C:\\xampp\\htdocs\\ddsbegateway\\vendor\\laravel\\lumen-framework\\src\\Concerns\\RoutesRequests.php(169): Laravel\\Lumen\\Application->handleFoundRoute(Array)
#6 C:\\xampp\\htdocs\\ddsbegateway\\vendor\\laravel\\lumen-framework\\src\\Concerns\\RoutesRequests.php(429): Laravel\\Lumen\\Application->Laravel\\Lumen\\Concerns\\{closure}(Object(Laravel\\Lumen\\Http\\Request))
#7 C:\\xampp\\htdocs\\ddsbegateway\\vendor\\laravel\\lumen-framework\\src\\Concerns\\RoutesRequests.php(165): Laravel\\Lumen\\Application->sendThroughPipeline(Array, Object(Closure))
#8 C:\\xampp\\htdocs\\ddsbegateway\\vendor\\laravel\\lumen-framework\\src\\Concerns\\RoutesRequests.php(112): Laravel\\Lumen\\Application->dispatch(NULL)
#9 C:\\xampp\\htdocs\\ddsbegateway\\public\\index.php(28): Laravel\\Lumen\\Application->run()
#10 {main}
"} 
