[2025-03-27 01:56:16] local.ERROR: Call to undefined method Laravel\Lumen\Routing\Router::middleware() {"exception":"[object] (Error(code: 0): Call to undefined method Laravel\\Lumen\\Routing\\Router::middleware() at C:\\xampp\\htdocs\\ddsbegateway\\vendor\\illuminate\\support\\Facades\\Facade.php:355)
[stacktrace]
#0 C:\\xampp\\htdocs\\ddsbegateway\\vendor\\laravel\\passport\\routes\\web.php(19): Illuminate\\Support\\Facades\\Facade::__callStatic('middleware', Array)
#1 C:\\xampp\\htdocs\\ddsbegateway\\vendor\\illuminate\\support\\ServiceProvider.php(152): require('C:\\\\xampp\\\\htdocs...')
#2 C:\\xampp\\htdocs\\ddsbegateway\\vendor\\laravel\\passport\\src\\PassportServiceProvider.php(61): Illuminate\\Support\\ServiceProvider->loadRoutesFrom('C:\\\\xampp\\\\htdocs...')
#3 C:\\xampp\\htdocs\\ddsbegateway\\vendor\\laravel\\lumen-framework\\src\\Routing\\Router.php(62): Laravel\\Passport\\PassportServiceProvider->Laravel\\Passport\\{closure}(Object(Laravel\\Lumen\\Routing\\Router))
#4 C:\\xampp\\htdocs\\ddsbegateway\\vendor\\illuminate\\support\\Facades\\Facade.php(355): Laravel\\Lumen\\Routing\\Router->group(Array, Object(Closure))
#5 C:\\xampp\\htdocs\\ddsbegateway\\vendor\\laravel\\passport\\src\\PassportServiceProvider.php(56): Illuminate\\Support\\Facades\\Facade::__callStatic('group', Array)
#6 C:\\xampp\\htdocs\\ddsbegateway\\vendor\\laravel\\passport\\src\\PassportServiceProvider.php(39): Laravel\\Passport\\PassportServiceProvider->registerRoutes()
#7 C:\\xampp\\htdocs\\ddsbegateway\\vendor\\illuminate\\container\\BoundMethod.php(36): Laravel\\Passport\\PassportServiceProvider->boot()
#8 C:\\xampp\\htdocs\\ddsbegateway\\vendor\\illuminate\\container\\Util.php(41): Illuminate\\Container\\BoundMethod::Illuminate\\Container\\{closure}()
#9 C:\\xampp\\htdocs\\ddsbegateway\\vendor\\illuminate\\container\\BoundMethod.php(93): Illuminate\\Container\\Util::unwrapIfClosure(Object(Closure))
#10 C:\\xampp\\htdocs\\ddsbegateway\\vendor\\illuminate\\container\\BoundMethod.php(35): Illuminate\\Container\\BoundMethod::callBoundMethod(Object(Laravel\\Lumen\\Application), Array, Object(Closure))
#11 C:\\xampp\\htdocs\\ddsbegateway\\vendor\\illuminate\\container\\Container.php(662): Illuminate\\Container\\BoundMethod::call(Object(Laravel\\Lumen\\Application), Array, Array, NULL)
#12 C:\\xampp\\htdocs\\ddsbegateway\\vendor\\laravel\\lumen-framework\\src\\Application.php(304): Illuminate\\Container\\Container->call(Array)
#13 C:\\xampp\\htdocs\\ddsbegateway\\vendor\\laravel\\lumen-framework\\src\\Application.php(289): Laravel\\Lumen\\Application->bootProvider(Object(Laravel\\Passport\\PassportServiceProvider))
#14 C:\\xampp\\htdocs\\ddsbegateway\\vendor\\laravel\\lumen-framework\\src\\Concerns\\RoutesRequests.php(165): Laravel\\Lumen\\Application->boot()
#15 C:\\xampp\\htdocs\\ddsbegateway\\vendor\\laravel\\lumen-framework\\src\\Concerns\\RoutesRequests.php(112): Laravel\\Lumen\\Application->dispatch(NULL)
#16 C:\\xampp\\htdocs\\ddsbegateway\\public\\index.php(28): Laravel\\Lumen\\Application->run()
#17 {main}
"} 
[2025-03-27 01:56:44] local.ERROR: Call to undefined method Laravel\Lumen\Routing\Router::middleware() {"exception":"[object] (Error(code: 0): Call to undefined method Laravel\\Lumen\\Routing\\Router::middleware() at C:\\xampp\\htdocs\\ddsbegateway\\vendor\\illuminate\\support\\Facades\\Facade.php:355)
[stacktrace]
#0 C:\\xampp\\htdocs\\ddsbegateway\\vendor\\laravel\\passport\\routes\\web.php(19): Illuminate\\Support\\Facades\\Facade::__callStatic('middleware', Array)
#1 C:\\xampp\\htdocs\\ddsbegateway\\vendor\\illuminate\\support\\ServiceProvider.php(152): require('C:\\\\xampp\\\\htdocs...')
#2 C:\\xampp\\htdocs\\ddsbegateway\\vendor\\laravel\\passport\\src\\PassportServiceProvider.php(61): Illuminate\\Support\\ServiceProvider->loadRoutesFrom('C:\\\\xampp\\\\htdocs...')
#3 C:\\xampp\\htdocs\\ddsbegateway\\vendor\\laravel\\lumen-framework\\src\\Routing\\Router.php(62): Laravel\\Passport\\PassportServiceProvider->Laravel\\Passport\\{closure}(Object(Laravel\\Lumen\\Routing\\Router))
#4 C:\\xampp\\htdocs\\ddsbegateway\\vendor\\illuminate\\support\\Facades\\Facade.php(355): Laravel\\Lumen\\Routing\\Router->group(Array, Object(Closure))
#5 C:\\xampp\\htdocs\\ddsbegateway\\vendor\\laravel\\passport\\src\\PassportServiceProvider.php(56): Illuminate\\Support\\Facades\\Facade::__callStatic('group', Array)
#6 C:\\xampp\\htdocs\\ddsbegateway\\vendor\\laravel\\passport\\src\\PassportServiceProvider.php(39): Laravel\\Passport\\PassportServiceProvider->registerRoutes()
#7 C:\\xampp\\htdocs\\ddsbegateway\\vendor\\illuminate\\container\\BoundMethod.php(36): Laravel\\Passport\\PassportServiceProvider->boot()
#8 C:\\xampp\\htdocs\\ddsbegateway\\vendor\\illuminate\\container\\Util.php(41): Illuminate\\Container\\BoundMethod::Illuminate\\Container\\{closure}()
#9 C:\\xampp\\htdocs\\ddsbegateway\\vendor\\illuminate\\container\\BoundMethod.php(93): Illuminate\\Container\\Util::unwrapIfClosure(Object(Closure))
#10 C:\\xampp\\htdocs\\ddsbegateway\\vendor\\illuminate\\container\\BoundMethod.php(35): Illuminate\\Container\\BoundMethod::callBoundMethod(Object(Laravel\\Lumen\\Application), Array, Object(Closure))
#11 C:\\xampp\\htdocs\\ddsbegateway\\vendor\\illuminate\\container\\Container.php(662): Illuminate\\Container\\BoundMethod::call(Object(Laravel\\Lumen\\Application), Array, Array, NULL)
#12 C:\\xampp\\htdocs\\ddsbegateway\\vendor\\laravel\\lumen-framework\\src\\Application.php(304): Illuminate\\Container\\Container->call(Array)
#13 C:\\xampp\\htdocs\\ddsbegateway\\vendor\\laravel\\lumen-framework\\src\\Application.php(289): Laravel\\Lumen\\Application->bootProvider(Object(Laravel\\Passport\\PassportServiceProvider))
#14 C:\\xampp\\htdocs\\ddsbegateway\\vendor\\laravel\\lumen-framework\\src\\Concerns\\RoutesRequests.php(165): Laravel\\Lumen\\Application->boot()
#15 C:\\xampp\\htdocs\\ddsbegateway\\vendor\\laravel\\lumen-framework\\src\\Concerns\\RoutesRequests.php(112): Laravel\\Lumen\\Application->dispatch(NULL)
#16 C:\\xampp\\htdocs\\ddsbegateway\\public\\index.php(28): Laravel\\Lumen\\Application->run()
#17 {main}
"} 
[2025-03-27 02:06:06] local.ERROR: Call to undefined method Laravel\Lumen\Routing\Router::middleware() {"exception":"[object] (Error(code: 0): Call to undefined method Laravel\\Lumen\\Routing\\Router::middleware() at C:\\xampp\\htdocs\\ddsbegateway\\vendor\\illuminate\\support\\Facades\\Facade.php:355)
[stacktrace]
#0 C:\\xampp\\htdocs\\ddsbegateway\\vendor\\laravel\\passport\\routes\\web.php(19): Illuminate\\Support\\Facades\\Facade::__callStatic('middleware', Array)
#1 C:\\xampp\\htdocs\\ddsbegateway\\vendor\\illuminate\\support\\ServiceProvider.php(152): require('C:\\\\xampp\\\\htdocs...')
#2 C:\\xampp\\htdocs\\ddsbegateway\\vendor\\laravel\\passport\\src\\PassportServiceProvider.php(61): Illuminate\\Support\\ServiceProvider->loadRoutesFrom('C:\\\\xampp\\\\htdocs...')
#3 C:\\xampp\\htdocs\\ddsbegateway\\vendor\\laravel\\lumen-framework\\src\\Routing\\Router.php(62): Laravel\\Passport\\PassportServiceProvider->Laravel\\Passport\\{closure}(Object(Laravel\\Lumen\\Routing\\Router))
#4 C:\\xampp\\htdocs\\ddsbegateway\\vendor\\illuminate\\support\\Facades\\Facade.php(355): Laravel\\Lumen\\Routing\\Router->group(Array, Object(Closure))
#5 C:\\xampp\\htdocs\\ddsbegateway\\vendor\\laravel\\passport\\src\\PassportServiceProvider.php(56): Illuminate\\Support\\Facades\\Facade::__callStatic('group', Array)
#6 C:\\xampp\\htdocs\\ddsbegateway\\vendor\\laravel\\passport\\src\\PassportServiceProvider.php(39): Laravel\\Passport\\PassportServiceProvider->registerRoutes()
#7 C:\\xampp\\htdocs\\ddsbegateway\\vendor\\illuminate\\container\\BoundMethod.php(36): Laravel\\Passport\\PassportServiceProvider->boot()
#8 C:\\xampp\\htdocs\\ddsbegateway\\vendor\\illuminate\\container\\Util.php(41): Illuminate\\Container\\BoundMethod::Illuminate\\Container\\{closure}()
#9 C:\\xampp\\htdocs\\ddsbegateway\\vendor\\illuminate\\container\\BoundMethod.php(93): Illuminate\\Container\\Util::unwrapIfClosure(Object(Closure))
#10 C:\\xampp\\htdocs\\ddsbegateway\\vendor\\illuminate\\container\\BoundMethod.php(35): Illuminate\\Container\\BoundMethod::callBoundMethod(Object(Laravel\\Lumen\\Application), Array, Object(Closure))
#11 C:\\xampp\\htdocs\\ddsbegateway\\vendor\\illuminate\\container\\Container.php(662): Illuminate\\Container\\BoundMethod::call(Object(Laravel\\Lumen\\Application), Array, Array, NULL)
#12 C:\\xampp\\htdocs\\ddsbegateway\\vendor\\laravel\\lumen-framework\\src\\Application.php(304): Illuminate\\Container\\Container->call(Array)
#13 C:\\xampp\\htdocs\\ddsbegateway\\vendor\\laravel\\lumen-framework\\src\\Application.php(289): Laravel\\Lumen\\Application->bootProvider(Object(Laravel\\Passport\\PassportServiceProvider))
#14 C:\\xampp\\htdocs\\ddsbegateway\\vendor\\laravel\\lumen-framework\\src\\Concerns\\RoutesRequests.php(165): Laravel\\Lumen\\Application->boot()
#15 C:\\xampp\\htdocs\\ddsbegateway\\vendor\\laravel\\lumen-framework\\src\\Concerns\\RoutesRequests.php(112): Laravel\\Lumen\\Application->dispatch(NULL)
#16 C:\\xampp\\htdocs\\ddsbegateway\\public\\index.php(28): Laravel\\Lumen\\Application->run()
#17 {main}
"} 
[2025-03-27 02:06:08] local.ERROR: Call to undefined method Laravel\Lumen\Routing\Router::middleware() {"exception":"[object] (Error(code: 0): Call to undefined method Laravel\\Lumen\\Routing\\Router::middleware() at C:\\xampp\\htdocs\\ddsbegateway\\vendor\\illuminate\\support\\Facades\\Facade.php:355)
[stacktrace]
#0 C:\\xampp\\htdocs\\ddsbegateway\\vendor\\laravel\\passport\\routes\\web.php(19): Illuminate\\Support\\Facades\\Facade::__callStatic('middleware', Array)
#1 C:\\xampp\\htdocs\\ddsbegateway\\vendor\\illuminate\\support\\ServiceProvider.php(152): require('C:\\\\xampp\\\\htdocs...')
#2 C:\\xampp\\htdocs\\ddsbegateway\\vendor\\laravel\\passport\\src\\PassportServiceProvider.php(61): Illuminate\\Support\\ServiceProvider->loadRoutesFrom('C:\\\\xampp\\\\htdocs...')
#3 C:\\xampp\\htdocs\\ddsbegateway\\vendor\\laravel\\lumen-framework\\src\\Routing\\Router.php(62): Laravel\\Passport\\PassportServiceProvider->Laravel\\Passport\\{closure}(Object(Laravel\\Lumen\\Routing\\Router))
#4 C:\\xampp\\htdocs\\ddsbegateway\\vendor\\illuminate\\support\\Facades\\Facade.php(355): Laravel\\Lumen\\Routing\\Router->group(Array, Object(Closure))
#5 C:\\xampp\\htdocs\\ddsbegateway\\vendor\\laravel\\passport\\src\\PassportServiceProvider.php(56): Illuminate\\Support\\Facades\\Facade::__callStatic('group', Array)
#6 C:\\xampp\\htdocs\\ddsbegateway\\vendor\\laravel\\passport\\src\\PassportServiceProvider.php(39): Laravel\\Passport\\PassportServiceProvider->registerRoutes()
#7 C:\\xampp\\htdocs\\ddsbegateway\\vendor\\illuminate\\container\\BoundMethod.php(36): Laravel\\Passport\\PassportServiceProvider->boot()
#8 C:\\xampp\\htdocs\\ddsbegateway\\vendor\\illuminate\\container\\Util.php(41): Illuminate\\Container\\BoundMethod::Illuminate\\Container\\{closure}()
#9 C:\\xampp\\htdocs\\ddsbegateway\\vendor\\illuminate\\container\\BoundMethod.php(93): Illuminate\\Container\\Util::unwrapIfClosure(Object(Closure))
#10 C:\\xampp\\htdocs\\ddsbegateway\\vendor\\illuminate\\container\\BoundMethod.php(35): Illuminate\\Container\\BoundMethod::callBoundMethod(Object(Laravel\\Lumen\\Application), Array, Object(Closure))
#11 C:\\xampp\\htdocs\\ddsbegateway\\vendor\\illuminate\\container\\Container.php(662): Illuminate\\Container\\BoundMethod::call(Object(Laravel\\Lumen\\Application), Array, Array, NULL)
#12 C:\\xampp\\htdocs\\ddsbegateway\\vendor\\laravel\\lumen-framework\\src\\Application.php(304): Illuminate\\Container\\Container->call(Array)
#13 C:\\xampp\\htdocs\\ddsbegateway\\vendor\\laravel\\lumen-framework\\src\\Application.php(289): Laravel\\Lumen\\Application->bootProvider(Object(Laravel\\Passport\\PassportServiceProvider))
#14 C:\\xampp\\htdocs\\ddsbegateway\\vendor\\laravel\\lumen-framework\\src\\Concerns\\RoutesRequests.php(165): Laravel\\Lumen\\Application->boot()
#15 C:\\xampp\\htdocs\\ddsbegateway\\vendor\\laravel\\lumen-framework\\src\\Concerns\\RoutesRequests.php(112): Laravel\\Lumen\\Application->dispatch(NULL)
#16 C:\\xampp\\htdocs\\ddsbegateway\\public\\index.php(28): Laravel\\Lumen\\Application->run()
#17 {main}
"} 
[2025-03-27 02:09:30] local.ERROR: Call to undefined method Laravel\Lumen\Routing\Router::middleware() {"exception":"[object] (Error(code: 0): Call to undefined method Laravel\\Lumen\\Routing\\Router::middleware() at C:\\xampp\\htdocs\\ddsbegateway\\vendor\\illuminate\\support\\Facades\\Facade.php:355)
[stacktrace]
#0 C:\\xampp\\htdocs\\ddsbegateway\\vendor\\laravel\\passport\\routes\\web.php(19): Illuminate\\Support\\Facades\\Facade::__callStatic('middleware', Array)
#1 C:\\xampp\\htdocs\\ddsbegateway\\vendor\\illuminate\\support\\ServiceProvider.php(152): require('C:\\\\xampp\\\\htdocs...')
#2 C:\\xampp\\htdocs\\ddsbegateway\\vendor\\laravel\\passport\\src\\PassportServiceProvider.php(61): Illuminate\\Support\\ServiceProvider->loadRoutesFrom('C:\\\\xampp\\\\htdocs...')
#3 C:\\xampp\\htdocs\\ddsbegateway\\vendor\\laravel\\lumen-framework\\src\\Routing\\Router.php(62): Laravel\\Passport\\PassportServiceProvider->Laravel\\Passport\\{closure}(Object(Laravel\\Lumen\\Routing\\Router))
#4 C:\\xampp\\htdocs\\ddsbegateway\\vendor\\illuminate\\support\\Facades\\Facade.php(355): Laravel\\Lumen\\Routing\\Router->group(Array, Object(Closure))
#5 C:\\xampp\\htdocs\\ddsbegateway\\vendor\\laravel\\passport\\src\\PassportServiceProvider.php(56): Illuminate\\Support\\Facades\\Facade::__callStatic('group', Array)
#6 C:\\xampp\\htdocs\\ddsbegateway\\vendor\\laravel\\passport\\src\\PassportServiceProvider.php(39): Laravel\\Passport\\PassportServiceProvider->registerRoutes()
#7 C:\\xampp\\htdocs\\ddsbegateway\\vendor\\illuminate\\container\\BoundMethod.php(36): Laravel\\Passport\\PassportServiceProvider->boot()
#8 C:\\xampp\\htdocs\\ddsbegateway\\vendor\\illuminate\\container\\Util.php(41): Illuminate\\Container\\BoundMethod::Illuminate\\Container\\{closure}()
#9 C:\\xampp\\htdocs\\ddsbegateway\\vendor\\illuminate\\container\\BoundMethod.php(93): Illuminate\\Container\\Util::unwrapIfClosure(Object(Closure))
#10 C:\\xampp\\htdocs\\ddsbegateway\\vendor\\illuminate\\container\\BoundMethod.php(35): Illuminate\\Container\\BoundMethod::callBoundMethod(Object(Laravel\\Lumen\\Application), Array, Object(Closure))
#11 C:\\xampp\\htdocs\\ddsbegateway\\vendor\\illuminate\\container\\Container.php(662): Illuminate\\Container\\BoundMethod::call(Object(Laravel\\Lumen\\Application), Array, Array, NULL)
#12 C:\\xampp\\htdocs\\ddsbegateway\\vendor\\laravel\\lumen-framework\\src\\Application.php(304): Illuminate\\Container\\Container->call(Array)
#13 C:\\xampp\\htdocs\\ddsbegateway\\vendor\\laravel\\lumen-framework\\src\\Application.php(289): Laravel\\Lumen\\Application->bootProvider(Object(Laravel\\Passport\\PassportServiceProvider))
#14 C:\\xampp\\htdocs\\ddsbegateway\\vendor\\laravel\\lumen-framework\\src\\Console\\Kernel.php(158): Laravel\\Lumen\\Application->boot()
#15 C:\\xampp\\htdocs\\ddsbegateway\\artisan(35): Laravel\\Lumen\\Console\\Kernel->handle(Object(Symfony\\Component\\Console\\Input\\ArgvInput), Object(Symfony\\Component\\Console\\Output\\ConsoleOutput))
#16 {main}
"} 
[2025-03-27 02:11:24] local.ERROR: Call to undefined method Laravel\Lumen\Routing\Router::middleware() {"exception":"[object] (Error(code: 0): Call to undefined method Laravel\\Lumen\\Routing\\Router::middleware() at C:\\xampp\\htdocs\\ddsbegateway\\vendor\\illuminate\\support\\Facades\\Facade.php:355)
[stacktrace]
#0 C:\\xampp\\htdocs\\ddsbegateway\\vendor\\laravel\\passport\\routes\\web.php(19): Illuminate\\Support\\Facades\\Facade::__callStatic('middleware', Array)
#1 C:\\xampp\\htdocs\\ddsbegateway\\vendor\\illuminate\\support\\ServiceProvider.php(152): require('C:\\\\xampp\\\\htdocs...')
#2 C:\\xampp\\htdocs\\ddsbegateway\\vendor\\laravel\\passport\\src\\PassportServiceProvider.php(61): Illuminate\\Support\\ServiceProvider->loadRoutesFrom('C:\\\\xampp\\\\htdocs...')
#3 C:\\xampp\\htdocs\\ddsbegateway\\vendor\\laravel\\lumen-framework\\src\\Routing\\Router.php(62): Laravel\\Passport\\PassportServiceProvider->Laravel\\Passport\\{closure}(Object(Laravel\\Lumen\\Routing\\Router))
#4 C:\\xampp\\htdocs\\ddsbegateway\\vendor\\illuminate\\support\\Facades\\Facade.php(355): Laravel\\Lumen\\Routing\\Router->group(Array, Object(Closure))
#5 C:\\xampp\\htdocs\\ddsbegateway\\vendor\\laravel\\passport\\src\\PassportServiceProvider.php(56): Illuminate\\Support\\Facades\\Facade::__callStatic('group', Array)
#6 C:\\xampp\\htdocs\\ddsbegateway\\vendor\\laravel\\passport\\src\\PassportServiceProvider.php(39): Laravel\\Passport\\PassportServiceProvider->registerRoutes()
#7 C:\\xampp\\htdocs\\ddsbegateway\\vendor\\illuminate\\container\\BoundMethod.php(36): Laravel\\Passport\\PassportServiceProvider->boot()
#8 C:\\xampp\\htdocs\\ddsbegateway\\vendor\\illuminate\\container\\Util.php(41): Illuminate\\Container\\BoundMethod::Illuminate\\Container\\{closure}()
#9 C:\\xampp\\htdocs\\ddsbegateway\\vendor\\illuminate\\container\\BoundMethod.php(93): Illuminate\\Container\\Util::unwrapIfClosure(Object(Closure))
#10 C:\\xampp\\htdocs\\ddsbegateway\\vendor\\illuminate\\container\\BoundMethod.php(35): Illuminate\\Container\\BoundMethod::callBoundMethod(Object(Laravel\\Lumen\\Application), Array, Object(Closure))
#11 C:\\xampp\\htdocs\\ddsbegateway\\vendor\\illuminate\\container\\Container.php(662): Illuminate\\Container\\BoundMethod::call(Object(Laravel\\Lumen\\Application), Array, Array, NULL)
#12 C:\\xampp\\htdocs\\ddsbegateway\\vendor\\laravel\\lumen-framework\\src\\Application.php(304): Illuminate\\Container\\Container->call(Array)
#13 C:\\xampp\\htdocs\\ddsbegateway\\vendor\\laravel\\lumen-framework\\src\\Application.php(289): Laravel\\Lumen\\Application->bootProvider(Object(Laravel\\Passport\\PassportServiceProvider))
#14 C:\\xampp\\htdocs\\ddsbegateway\\vendor\\laravel\\lumen-framework\\src\\Console\\Kernel.php(158): Laravel\\Lumen\\Application->boot()
#15 C:\\xampp\\htdocs\\ddsbegateway\\artisan(35): Laravel\\Lumen\\Console\\Kernel->handle(Object(Symfony\\Component\\Console\\Input\\ArgvInput), Object(Symfony\\Component\\Console\\Output\\ConsoleOutput))
#16 {main}
"} 
[2025-03-27 02:15:07] local.ERROR: Call to undefined method Laravel\Lumen\Routing\Router::middleware() {"exception":"[object] (Error(code: 0): Call to undefined method Laravel\\Lumen\\Routing\\Router::middleware() at C:\\xampp\\htdocs\\ddsbegateway\\vendor\\illuminate\\support\\Facades\\Facade.php:355)
[stacktrace]
#0 C:\\xampp\\htdocs\\ddsbegateway\\vendor\\laravel\\passport\\routes\\web.php(19): Illuminate\\Support\\Facades\\Facade::__callStatic('middleware', Array)
#1 C:\\xampp\\htdocs\\ddsbegateway\\vendor\\illuminate\\support\\ServiceProvider.php(152): require('C:\\\\xampp\\\\htdocs...')
#2 C:\\xampp\\htdocs\\ddsbegateway\\vendor\\laravel\\passport\\src\\PassportServiceProvider.php(61): Illuminate\\Support\\ServiceProvider->loadRoutesFrom('C:\\\\xampp\\\\htdocs...')
#3 C:\\xampp\\htdocs\\ddsbegateway\\vendor\\laravel\\lumen-framework\\src\\Routing\\Router.php(62): Laravel\\Passport\\PassportServiceProvider->Laravel\\Passport\\{closure}(Object(Laravel\\Lumen\\Routing\\Router))
#4 C:\\xampp\\htdocs\\ddsbegateway\\vendor\\illuminate\\support\\Facades\\Facade.php(355): Laravel\\Lumen\\Routing\\Router->group(Array, Object(Closure))
#5 C:\\xampp\\htdocs\\ddsbegateway\\vendor\\laravel\\passport\\src\\PassportServiceProvider.php(56): Illuminate\\Support\\Facades\\Facade::__callStatic('group', Array)
#6 C:\\xampp\\htdocs\\ddsbegateway\\vendor\\laravel\\passport\\src\\PassportServiceProvider.php(39): Laravel\\Passport\\PassportServiceProvider->registerRoutes()
#7 C:\\xampp\\htdocs\\ddsbegateway\\vendor\\illuminate\\container\\BoundMethod.php(36): Laravel\\Passport\\PassportServiceProvider->boot()
#8 C:\\xampp\\htdocs\\ddsbegateway\\vendor\\illuminate\\container\\Util.php(41): Illuminate\\Container\\BoundMethod::Illuminate\\Container\\{closure}()
#9 C:\\xampp\\htdocs\\ddsbegateway\\vendor\\illuminate\\container\\BoundMethod.php(93): Illuminate\\Container\\Util::unwrapIfClosure(Object(Closure))
#10 C:\\xampp\\htdocs\\ddsbegateway\\vendor\\illuminate\\container\\BoundMethod.php(35): Illuminate\\Container\\BoundMethod::callBoundMethod(Object(Laravel\\Lumen\\Application), Array, Object(Closure))
#11 C:\\xampp\\htdocs\\ddsbegateway\\vendor\\illuminate\\container\\Container.php(662): Illuminate\\Container\\BoundMethod::call(Object(Laravel\\Lumen\\Application), Array, Array, NULL)
#12 C:\\xampp\\htdocs\\ddsbegateway\\vendor\\laravel\\lumen-framework\\src\\Application.php(304): Illuminate\\Container\\Container->call(Array)
#13 C:\\xampp\\htdocs\\ddsbegateway\\vendor\\laravel\\lumen-framework\\src\\Application.php(289): Laravel\\Lumen\\Application->bootProvider(Object(Laravel\\Passport\\PassportServiceProvider))
#14 C:\\xampp\\htdocs\\ddsbegateway\\vendor\\laravel\\lumen-framework\\src\\Concerns\\RoutesRequests.php(165): Laravel\\Lumen\\Application->boot()
#15 C:\\xampp\\htdocs\\ddsbegateway\\vendor\\laravel\\lumen-framework\\src\\Concerns\\RoutesRequests.php(112): Laravel\\Lumen\\Application->dispatch(NULL)
#16 C:\\xampp\\htdocs\\ddsbegateway\\public\\index.php(28): Laravel\\Lumen\\Application->run()
#17 {main}
"} 
[2025-03-27 02:15:11] local.ERROR: Call to undefined method Laravel\Lumen\Routing\Router::middleware() {"exception":"[object] (Error(code: 0): Call to undefined method Laravel\\Lumen\\Routing\\Router::middleware() at C:\\xampp\\htdocs\\ddsbegateway\\vendor\\illuminate\\support\\Facades\\Facade.php:355)
[stacktrace]
#0 C:\\xampp\\htdocs\\ddsbegateway\\vendor\\laravel\\passport\\routes\\web.php(19): Illuminate\\Support\\Facades\\Facade::__callStatic('middleware', Array)
#1 C:\\xampp\\htdocs\\ddsbegateway\\vendor\\illuminate\\support\\ServiceProvider.php(152): require('C:\\\\xampp\\\\htdocs...')
#2 C:\\xampp\\htdocs\\ddsbegateway\\vendor\\laravel\\passport\\src\\PassportServiceProvider.php(61): Illuminate\\Support\\ServiceProvider->loadRoutesFrom('C:\\\\xampp\\\\htdocs...')
#3 C:\\xampp\\htdocs\\ddsbegateway\\vendor\\laravel\\lumen-framework\\src\\Routing\\Router.php(62): Laravel\\Passport\\PassportServiceProvider->Laravel\\Passport\\{closure}(Object(Laravel\\Lumen\\Routing\\Router))
#4 C:\\xampp\\htdocs\\ddsbegateway\\vendor\\illuminate\\support\\Facades\\Facade.php(355): Laravel\\Lumen\\Routing\\Router->group(Array, Object(Closure))
#5 C:\\xampp\\htdocs\\ddsbegateway\\vendor\\laravel\\passport\\src\\PassportServiceProvider.php(56): Illuminate\\Support\\Facades\\Facade::__callStatic('group', Array)
#6 C:\\xampp\\htdocs\\ddsbegateway\\vendor\\laravel\\passport\\src\\PassportServiceProvider.php(39): Laravel\\Passport\\PassportServiceProvider->registerRoutes()
#7 C:\\xampp\\htdocs\\ddsbegateway\\vendor\\illuminate\\container\\BoundMethod.php(36): Laravel\\Passport\\PassportServiceProvider->boot()
#8 C:\\xampp\\htdocs\\ddsbegateway\\vendor\\illuminate\\container\\Util.php(41): Illuminate\\Container\\BoundMethod::Illuminate\\Container\\{closure}()
#9 C:\\xampp\\htdocs\\ddsbegateway\\vendor\\illuminate\\container\\BoundMethod.php(93): Illuminate\\Container\\Util::unwrapIfClosure(Object(Closure))
#10 C:\\xampp\\htdocs\\ddsbegateway\\vendor\\illuminate\\container\\BoundMethod.php(35): Illuminate\\Container\\BoundMethod::callBoundMethod(Object(Laravel\\Lumen\\Application), Array, Object(Closure))
#11 C:\\xampp\\htdocs\\ddsbegateway\\vendor\\illuminate\\container\\Container.php(662): Illuminate\\Container\\BoundMethod::call(Object(Laravel\\Lumen\\Application), Array, Array, NULL)
#12 C:\\xampp\\htdocs\\ddsbegateway\\vendor\\laravel\\lumen-framework\\src\\Application.php(304): Illuminate\\Container\\Container->call(Array)
#13 C:\\xampp\\htdocs\\ddsbegateway\\vendor\\laravel\\lumen-framework\\src\\Application.php(289): Laravel\\Lumen\\Application->bootProvider(Object(Laravel\\Passport\\PassportServiceProvider))
#14 C:\\xampp\\htdocs\\ddsbegateway\\vendor\\laravel\\lumen-framework\\src\\Concerns\\RoutesRequests.php(165): Laravel\\Lumen\\Application->boot()
#15 C:\\xampp\\htdocs\\ddsbegateway\\vendor\\laravel\\lumen-framework\\src\\Concerns\\RoutesRequests.php(112): Laravel\\Lumen\\Application->dispatch(NULL)
#16 C:\\xampp\\htdocs\\ddsbegateway\\public\\index.php(28): Laravel\\Lumen\\Application->run()
#17 {main}
"} 
[2025-03-27 02:15:33] local.ERROR: Call to undefined method Laravel\Lumen\Routing\Router::middleware() {"exception":"[object] (Error(code: 0): Call to undefined method Laravel\\Lumen\\Routing\\Router::middleware() at C:\\xampp\\htdocs\\ddsbegateway\\vendor\\illuminate\\support\\Facades\\Facade.php:355)
[stacktrace]
#0 C:\\xampp\\htdocs\\ddsbegateway\\vendor\\laravel\\passport\\routes\\web.php(19): Illuminate\\Support\\Facades\\Facade::__callStatic('middleware', Array)
#1 C:\\xampp\\htdocs\\ddsbegateway\\vendor\\illuminate\\support\\ServiceProvider.php(152): require('C:\\\\xampp\\\\htdocs...')
#2 C:\\xampp\\htdocs\\ddsbegateway\\vendor\\laravel\\passport\\src\\PassportServiceProvider.php(61): Illuminate\\Support\\ServiceProvider->loadRoutesFrom('C:\\\\xampp\\\\htdocs...')
#3 C:\\xampp\\htdocs\\ddsbegateway\\vendor\\laravel\\lumen-framework\\src\\Routing\\Router.php(62): Laravel\\Passport\\PassportServiceProvider->Laravel\\Passport\\{closure}(Object(Laravel\\Lumen\\Routing\\Router))
#4 C:\\xampp\\htdocs\\ddsbegateway\\vendor\\illuminate\\support\\Facades\\Facade.php(355): Laravel\\Lumen\\Routing\\Router->group(Array, Object(Closure))
#5 C:\\xampp\\htdocs\\ddsbegateway\\vendor\\laravel\\passport\\src\\PassportServiceProvider.php(56): Illuminate\\Support\\Facades\\Facade::__callStatic('group', Array)
#6 C:\\xampp\\htdocs\\ddsbegateway\\vendor\\laravel\\passport\\src\\PassportServiceProvider.php(39): Laravel\\Passport\\PassportServiceProvider->registerRoutes()
#7 C:\\xampp\\htdocs\\ddsbegateway\\vendor\\illuminate\\container\\BoundMethod.php(36): Laravel\\Passport\\PassportServiceProvider->boot()
#8 C:\\xampp\\htdocs\\ddsbegateway\\vendor\\illuminate\\container\\Util.php(41): Illuminate\\Container\\BoundMethod::Illuminate\\Container\\{closure}()
#9 C:\\xampp\\htdocs\\ddsbegateway\\vendor\\illuminate\\container\\BoundMethod.php(93): Illuminate\\Container\\Util::unwrapIfClosure(Object(Closure))
#10 C:\\xampp\\htdocs\\ddsbegateway\\vendor\\illuminate\\container\\BoundMethod.php(35): Illuminate\\Container\\BoundMethod::callBoundMethod(Object(Laravel\\Lumen\\Application), Array, Object(Closure))
#11 C:\\xampp\\htdocs\\ddsbegateway\\vendor\\illuminate\\container\\Container.php(662): Illuminate\\Container\\BoundMethod::call(Object(Laravel\\Lumen\\Application), Array, Array, NULL)
#12 C:\\xampp\\htdocs\\ddsbegateway\\vendor\\laravel\\lumen-framework\\src\\Application.php(304): Illuminate\\Container\\Container->call(Array)
#13 C:\\xampp\\htdocs\\ddsbegateway\\vendor\\laravel\\lumen-framework\\src\\Application.php(289): Laravel\\Lumen\\Application->bootProvider(Object(Laravel\\Passport\\PassportServiceProvider))
#14 C:\\xampp\\htdocs\\ddsbegateway\\vendor\\laravel\\lumen-framework\\src\\Concerns\\RoutesRequests.php(165): Laravel\\Lumen\\Application->boot()
#15 C:\\xampp\\htdocs\\ddsbegateway\\vendor\\laravel\\lumen-framework\\src\\Concerns\\RoutesRequests.php(112): Laravel\\Lumen\\Application->dispatch(NULL)
#16 C:\\xampp\\htdocs\\ddsbegateway\\public\\index.php(28): Laravel\\Lumen\\Application->run()
#17 {main}
"} 
[2025-03-27 02:15:35] local.ERROR: Call to undefined method Laravel\Lumen\Routing\Router::middleware() {"exception":"[object] (Error(code: 0): Call to undefined method Laravel\\Lumen\\Routing\\Router::middleware() at C:\\xampp\\htdocs\\ddsbegateway\\vendor\\illuminate\\support\\Facades\\Facade.php:355)
[stacktrace]
#0 C:\\xampp\\htdocs\\ddsbegateway\\vendor\\laravel\\passport\\routes\\web.php(19): Illuminate\\Support\\Facades\\Facade::__callStatic('middleware', Array)
#1 C:\\xampp\\htdocs\\ddsbegateway\\vendor\\illuminate\\support\\ServiceProvider.php(152): require('C:\\\\xampp\\\\htdocs...')
#2 C:\\xampp\\htdocs\\ddsbegateway\\vendor\\laravel\\passport\\src\\PassportServiceProvider.php(61): Illuminate\\Support\\ServiceProvider->loadRoutesFrom('C:\\\\xampp\\\\htdocs...')
#3 C:\\xampp\\htdocs\\ddsbegateway\\vendor\\laravel\\lumen-framework\\src\\Routing\\Router.php(62): Laravel\\Passport\\PassportServiceProvider->Laravel\\Passport\\{closure}(Object(Laravel\\Lumen\\Routing\\Router))
#4 C:\\xampp\\htdocs\\ddsbegateway\\vendor\\illuminate\\support\\Facades\\Facade.php(355): Laravel\\Lumen\\Routing\\Router->group(Array, Object(Closure))
#5 C:\\xampp\\htdocs\\ddsbegateway\\vendor\\laravel\\passport\\src\\PassportServiceProvider.php(56): Illuminate\\Support\\Facades\\Facade::__callStatic('group', Array)
#6 C:\\xampp\\htdocs\\ddsbegateway\\vendor\\laravel\\passport\\src\\PassportServiceProvider.php(39): Laravel\\Passport\\PassportServiceProvider->registerRoutes()
#7 C:\\xampp\\htdocs\\ddsbegateway\\vendor\\illuminate\\container\\BoundMethod.php(36): Laravel\\Passport\\PassportServiceProvider->boot()
#8 C:\\xampp\\htdocs\\ddsbegateway\\vendor\\illuminate\\container\\Util.php(41): Illuminate\\Container\\BoundMethod::Illuminate\\Container\\{closure}()
#9 C:\\xampp\\htdocs\\ddsbegateway\\vendor\\illuminate\\container\\BoundMethod.php(93): Illuminate\\Container\\Util::unwrapIfClosure(Object(Closure))
#10 C:\\xampp\\htdocs\\ddsbegateway\\vendor\\illuminate\\container\\BoundMethod.php(35): Illuminate\\Container\\BoundMethod::callBoundMethod(Object(Laravel\\Lumen\\Application), Array, Object(Closure))
#11 C:\\xampp\\htdocs\\ddsbegateway\\vendor\\illuminate\\container\\Container.php(662): Illuminate\\Container\\BoundMethod::call(Object(Laravel\\Lumen\\Application), Array, Array, NULL)
#12 C:\\xampp\\htdocs\\ddsbegateway\\vendor\\laravel\\lumen-framework\\src\\Application.php(304): Illuminate\\Container\\Container->call(Array)
#13 C:\\xampp\\htdocs\\ddsbegateway\\vendor\\laravel\\lumen-framework\\src\\Application.php(289): Laravel\\Lumen\\Application->bootProvider(Object(Laravel\\Passport\\PassportServiceProvider))
#14 C:\\xampp\\htdocs\\ddsbegateway\\vendor\\laravel\\lumen-framework\\src\\Concerns\\RoutesRequests.php(165): Laravel\\Lumen\\Application->boot()
#15 C:\\xampp\\htdocs\\ddsbegateway\\vendor\\laravel\\lumen-framework\\src\\Concerns\\RoutesRequests.php(112): Laravel\\Lumen\\Application->dispatch(NULL)
#16 C:\\xampp\\htdocs\\ddsbegateway\\public\\index.php(28): Laravel\\Lumen\\Application->run()
#17 {main}
"} 
[2025-03-27 02:20:43] local.ERROR: Call to undefined method Laravel\Lumen\Routing\Router::middleware() {"exception":"[object] (Error(code: 0): Call to undefined method Laravel\\Lumen\\Routing\\Router::middleware() at C:\\xampp\\htdocs\\ddsbegateway\\vendor\\illuminate\\support\\Facades\\Facade.php:355)
[stacktrace]
#0 C:\\xampp\\htdocs\\ddsbegateway\\vendor\\laravel\\passport\\routes\\web.php(19): Illuminate\\Support\\Facades\\Facade::__callStatic('middleware', Array)
#1 C:\\xampp\\htdocs\\ddsbegateway\\vendor\\illuminate\\support\\ServiceProvider.php(152): require('C:\\\\xampp\\\\htdocs...')
#2 C:\\xampp\\htdocs\\ddsbegateway\\vendor\\laravel\\passport\\src\\PassportServiceProvider.php(61): Illuminate\\Support\\ServiceProvider->loadRoutesFrom('C:\\\\xampp\\\\htdocs...')
#3 C:\\xampp\\htdocs\\ddsbegateway\\vendor\\laravel\\lumen-framework\\src\\Routing\\Router.php(62): Laravel\\Passport\\PassportServiceProvider->Laravel\\Passport\\{closure}(Object(Laravel\\Lumen\\Routing\\Router))
#4 C:\\xampp\\htdocs\\ddsbegateway\\vendor\\illuminate\\support\\Facades\\Facade.php(355): Laravel\\Lumen\\Routing\\Router->group(Array, Object(Closure))
#5 C:\\xampp\\htdocs\\ddsbegateway\\vendor\\laravel\\passport\\src\\PassportServiceProvider.php(56): Illuminate\\Support\\Facades\\Facade::__callStatic('group', Array)
#6 C:\\xampp\\htdocs\\ddsbegateway\\vendor\\laravel\\passport\\src\\PassportServiceProvider.php(39): Laravel\\Passport\\PassportServiceProvider->registerRoutes()
#7 C:\\xampp\\htdocs\\ddsbegateway\\vendor\\illuminate\\container\\BoundMethod.php(36): Laravel\\Passport\\PassportServiceProvider->boot()
#8 C:\\xampp\\htdocs\\ddsbegateway\\vendor\\illuminate\\container\\Util.php(41): Illuminate\\Container\\BoundMethod::Illuminate\\Container\\{closure}()
#9 C:\\xampp\\htdocs\\ddsbegateway\\vendor\\illuminate\\container\\BoundMethod.php(93): Illuminate\\Container\\Util::unwrapIfClosure(Object(Closure))
#10 C:\\xampp\\htdocs\\ddsbegateway\\vendor\\illuminate\\container\\BoundMethod.php(35): Illuminate\\Container\\BoundMethod::callBoundMethod(Object(Laravel\\Lumen\\Application), Array, Object(Closure))
#11 C:\\xampp\\htdocs\\ddsbegateway\\vendor\\illuminate\\container\\Container.php(662): Illuminate\\Container\\BoundMethod::call(Object(Laravel\\Lumen\\Application), Array, Array, NULL)
#12 C:\\xampp\\htdocs\\ddsbegateway\\vendor\\laravel\\lumen-framework\\src\\Application.php(304): Illuminate\\Container\\Container->call(Array)
#13 C:\\xampp\\htdocs\\ddsbegateway\\vendor\\laravel\\lumen-framework\\src\\Application.php(289): Laravel\\Lumen\\Application->bootProvider(Object(Laravel\\Passport\\PassportServiceProvider))
#14 C:\\xampp\\htdocs\\ddsbegateway\\vendor\\laravel\\lumen-framework\\src\\Console\\Kernel.php(158): Laravel\\Lumen\\Application->boot()
#15 C:\\xampp\\htdocs\\ddsbegateway\\artisan(35): Laravel\\Lumen\\Console\\Kernel->handle(Object(Symfony\\Component\\Console\\Input\\ArgvInput), Object(Symfony\\Component\\Console\\Output\\ConsoleOutput))
#16 {main}
"} 
[2025-03-27 02:23:02] local.ERROR: Call to undefined method Laravel\Lumen\Routing\Router::middleware() {"exception":"[object] (Error(code: 0): Call to undefined method Laravel\\Lumen\\Routing\\Router::middleware() at C:\\xampp\\htdocs\\ddsbegateway\\vendor\\illuminate\\support\\Facades\\Facade.php:355)
[stacktrace]
#0 C:\\xampp\\htdocs\\ddsbegateway\\vendor\\laravel\\passport\\routes\\web.php(19): Illuminate\\Support\\Facades\\Facade::__callStatic('middleware', Array)
#1 C:\\xampp\\htdocs\\ddsbegateway\\vendor\\illuminate\\support\\ServiceProvider.php(152): require('C:\\\\xampp\\\\htdocs...')
#2 C:\\xampp\\htdocs\\ddsbegateway\\vendor\\laravel\\passport\\src\\PassportServiceProvider.php(61): Illuminate\\Support\\ServiceProvider->loadRoutesFrom('C:\\\\xampp\\\\htdocs...')
#3 C:\\xampp\\htdocs\\ddsbegateway\\vendor\\laravel\\lumen-framework\\src\\Routing\\Router.php(62): Laravel\\Passport\\PassportServiceProvider->Laravel\\Passport\\{closure}(Object(Laravel\\Lumen\\Routing\\Router))
#4 C:\\xampp\\htdocs\\ddsbegateway\\vendor\\illuminate\\support\\Facades\\Facade.php(355): Laravel\\Lumen\\Routing\\Router->group(Array, Object(Closure))
#5 C:\\xampp\\htdocs\\ddsbegateway\\vendor\\laravel\\passport\\src\\PassportServiceProvider.php(56): Illuminate\\Support\\Facades\\Facade::__callStatic('group', Array)
#6 C:\\xampp\\htdocs\\ddsbegateway\\vendor\\laravel\\passport\\src\\PassportServiceProvider.php(39): Laravel\\Passport\\PassportServiceProvider->registerRoutes()
#7 C:\\xampp\\htdocs\\ddsbegateway\\vendor\\illuminate\\container\\BoundMethod.php(36): Laravel\\Passport\\PassportServiceProvider->boot()
#8 C:\\xampp\\htdocs\\ddsbegateway\\vendor\\illuminate\\container\\Util.php(41): Illuminate\\Container\\BoundMethod::Illuminate\\Container\\{closure}()
#9 C:\\xampp\\htdocs\\ddsbegateway\\vendor\\illuminate\\container\\BoundMethod.php(93): Illuminate\\Container\\Util::unwrapIfClosure(Object(Closure))
#10 C:\\xampp\\htdocs\\ddsbegateway\\vendor\\illuminate\\container\\BoundMethod.php(35): Illuminate\\Container\\BoundMethod::callBoundMethod(Object(Laravel\\Lumen\\Application), Array, Object(Closure))
#11 C:\\xampp\\htdocs\\ddsbegateway\\vendor\\illuminate\\container\\Container.php(662): Illuminate\\Container\\BoundMethod::call(Object(Laravel\\Lumen\\Application), Array, Array, NULL)
#12 C:\\xampp\\htdocs\\ddsbegateway\\vendor\\laravel\\lumen-framework\\src\\Application.php(304): Illuminate\\Container\\Container->call(Array)
#13 C:\\xampp\\htdocs\\ddsbegateway\\vendor\\laravel\\lumen-framework\\src\\Application.php(289): Laravel\\Lumen\\Application->bootProvider(Object(Laravel\\Passport\\PassportServiceProvider))
#14 C:\\xampp\\htdocs\\ddsbegateway\\vendor\\laravel\\lumen-framework\\src\\Console\\Kernel.php(158): Laravel\\Lumen\\Application->boot()
#15 C:\\xampp\\htdocs\\ddsbegateway\\artisan(35): Laravel\\Lumen\\Console\\Kernel->handle(Object(Symfony\\Component\\Console\\Input\\ArgvInput), Object(Symfony\\Component\\Console\\Output\\ConsoleOutput))
#16 {main}
"} 
[2025-03-27 02:23:18] local.ERROR: Call to undefined method Laravel\Lumen\Routing\Router::middleware() {"exception":"[object] (Error(code: 0): Call to undefined method Laravel\\Lumen\\Routing\\Router::middleware() at C:\\xampp\\htdocs\\ddsbegateway\\vendor\\illuminate\\support\\Facades\\Facade.php:355)
[stacktrace]
#0 C:\\xampp\\htdocs\\ddsbegateway\\vendor\\laravel\\passport\\routes\\web.php(19): Illuminate\\Support\\Facades\\Facade::__callStatic('middleware', Array)
#1 C:\\xampp\\htdocs\\ddsbegateway\\vendor\\illuminate\\support\\ServiceProvider.php(152): require('C:\\\\xampp\\\\htdocs...')
#2 C:\\xampp\\htdocs\\ddsbegateway\\vendor\\laravel\\passport\\src\\PassportServiceProvider.php(61): Illuminate\\Support\\ServiceProvider->loadRoutesFrom('C:\\\\xampp\\\\htdocs...')
#3 C:\\xampp\\htdocs\\ddsbegateway\\vendor\\laravel\\lumen-framework\\src\\Routing\\Router.php(62): Laravel\\Passport\\PassportServiceProvider->Laravel\\Passport\\{closure}(Object(Laravel\\Lumen\\Routing\\Router))
#4 C:\\xampp\\htdocs\\ddsbegateway\\vendor\\illuminate\\support\\Facades\\Facade.php(355): Laravel\\Lumen\\Routing\\Router->group(Array, Object(Closure))
#5 C:\\xampp\\htdocs\\ddsbegateway\\vendor\\laravel\\passport\\src\\PassportServiceProvider.php(56): Illuminate\\Support\\Facades\\Facade::__callStatic('group', Array)
#6 C:\\xampp\\htdocs\\ddsbegateway\\vendor\\laravel\\passport\\src\\PassportServiceProvider.php(39): Laravel\\Passport\\PassportServiceProvider->registerRoutes()
#7 C:\\xampp\\htdocs\\ddsbegateway\\vendor\\illuminate\\container\\BoundMethod.php(36): Laravel\\Passport\\PassportServiceProvider->boot()
#8 C:\\xampp\\htdocs\\ddsbegateway\\vendor\\illuminate\\container\\Util.php(41): Illuminate\\Container\\BoundMethod::Illuminate\\Container\\{closure}()
#9 C:\\xampp\\htdocs\\ddsbegateway\\vendor\\illuminate\\container\\BoundMethod.php(93): Illuminate\\Container\\Util::unwrapIfClosure(Object(Closure))
#10 C:\\xampp\\htdocs\\ddsbegateway\\vendor\\illuminate\\container\\BoundMethod.php(35): Illuminate\\Container\\BoundMethod::callBoundMethod(Object(Laravel\\Lumen\\Application), Array, Object(Closure))
#11 C:\\xampp\\htdocs\\ddsbegateway\\vendor\\illuminate\\container\\Container.php(662): Illuminate\\Container\\BoundMethod::call(Object(Laravel\\Lumen\\Application), Array, Array, NULL)
#12 C:\\xampp\\htdocs\\ddsbegateway\\vendor\\laravel\\lumen-framework\\src\\Application.php(304): Illuminate\\Container\\Container->call(Array)
#13 C:\\xampp\\htdocs\\ddsbegateway\\vendor\\laravel\\lumen-framework\\src\\Application.php(289): Laravel\\Lumen\\Application->bootProvider(Object(Laravel\\Passport\\PassportServiceProvider))
#14 C:\\xampp\\htdocs\\ddsbegateway\\vendor\\laravel\\lumen-framework\\src\\Console\\Kernel.php(158): Laravel\\Lumen\\Application->boot()
#15 C:\\xampp\\htdocs\\ddsbegateway\\artisan(35): Laravel\\Lumen\\Console\\Kernel->handle(Object(Symfony\\Component\\Console\\Input\\ArgvInput), Object(Symfony\\Component\\Console\\Output\\ConsoleOutput))
#16 {main}
"} 
[2025-03-27 02:23:41] local.ERROR: Call to undefined method Laravel\Lumen\Routing\Router::middleware() {"exception":"[object] (Error(code: 0): Call to undefined method Laravel\\Lumen\\Routing\\Router::middleware() at C:\\xampp\\htdocs\\ddsbegateway\\vendor\\illuminate\\support\\Facades\\Facade.php:355)
[stacktrace]
#0 C:\\xampp\\htdocs\\ddsbegateway\\vendor\\laravel\\passport\\routes\\web.php(19): Illuminate\\Support\\Facades\\Facade::__callStatic('middleware', Array)
#1 C:\\xampp\\htdocs\\ddsbegateway\\vendor\\illuminate\\support\\ServiceProvider.php(152): require('C:\\\\xampp\\\\htdocs...')
#2 C:\\xampp\\htdocs\\ddsbegateway\\vendor\\laravel\\passport\\src\\PassportServiceProvider.php(61): Illuminate\\Support\\ServiceProvider->loadRoutesFrom('C:\\\\xampp\\\\htdocs...')
#3 C:\\xampp\\htdocs\\ddsbegateway\\vendor\\laravel\\lumen-framework\\src\\Routing\\Router.php(62): Laravel\\Passport\\PassportServiceProvider->Laravel\\Passport\\{closure}(Object(Laravel\\Lumen\\Routing\\Router))
#4 C:\\xampp\\htdocs\\ddsbegateway\\vendor\\illuminate\\support\\Facades\\Facade.php(355): Laravel\\Lumen\\Routing\\Router->group(Array, Object(Closure))
#5 C:\\xampp\\htdocs\\ddsbegateway\\vendor\\laravel\\passport\\src\\PassportServiceProvider.php(56): Illuminate\\Support\\Facades\\Facade::__callStatic('group', Array)
#6 C:\\xampp\\htdocs\\ddsbegateway\\vendor\\laravel\\passport\\src\\PassportServiceProvider.php(39): Laravel\\Passport\\PassportServiceProvider->registerRoutes()
#7 C:\\xampp\\htdocs\\ddsbegateway\\vendor\\illuminate\\container\\BoundMethod.php(36): Laravel\\Passport\\PassportServiceProvider->boot()
#8 C:\\xampp\\htdocs\\ddsbegateway\\vendor\\illuminate\\container\\Util.php(41): Illuminate\\Container\\BoundMethod::Illuminate\\Container\\{closure}()
#9 C:\\xampp\\htdocs\\ddsbegateway\\vendor\\illuminate\\container\\BoundMethod.php(93): Illuminate\\Container\\Util::unwrapIfClosure(Object(Closure))
#10 C:\\xampp\\htdocs\\ddsbegateway\\vendor\\illuminate\\container\\BoundMethod.php(35): Illuminate\\Container\\BoundMethod::callBoundMethod(Object(Laravel\\Lumen\\Application), Array, Object(Closure))
#11 C:\\xampp\\htdocs\\ddsbegateway\\vendor\\illuminate\\container\\Container.php(662): Illuminate\\Container\\BoundMethod::call(Object(Laravel\\Lumen\\Application), Array, Array, NULL)
#12 C:\\xampp\\htdocs\\ddsbegateway\\vendor\\laravel\\lumen-framework\\src\\Application.php(304): Illuminate\\Container\\Container->call(Array)
#13 C:\\xampp\\htdocs\\ddsbegateway\\vendor\\laravel\\lumen-framework\\src\\Application.php(289): Laravel\\Lumen\\Application->bootProvider(Object(Laravel\\Passport\\PassportServiceProvider))
#14 C:\\xampp\\htdocs\\ddsbegateway\\vendor\\laravel\\lumen-framework\\src\\Console\\Kernel.php(158): Laravel\\Lumen\\Application->boot()
#15 C:\\xampp\\htdocs\\ddsbegateway\\artisan(35): Laravel\\Lumen\\Console\\Kernel->handle(Object(Symfony\\Component\\Console\\Input\\ArgvInput), Object(Symfony\\Component\\Console\\Output\\ConsoleOutput))
#16 {main}
"} 
[2025-03-27 02:25:07] local.ERROR: Call to undefined method Laravel\Lumen\Routing\Router::middleware() {"exception":"[object] (Error(code: 0): Call to undefined method Laravel\\Lumen\\Routing\\Router::middleware() at C:\\xampp\\htdocs\\ddsbegateway\\vendor\\illuminate\\support\\Facades\\Facade.php:355)
[stacktrace]
#0 C:\\xampp\\htdocs\\ddsbegateway\\vendor\\laravel\\passport\\routes\\web.php(19): Illuminate\\Support\\Facades\\Facade::__callStatic('middleware', Array)
#1 C:\\xampp\\htdocs\\ddsbegateway\\vendor\\illuminate\\support\\ServiceProvider.php(152): require('C:\\\\xampp\\\\htdocs...')
#2 C:\\xampp\\htdocs\\ddsbegateway\\vendor\\laravel\\passport\\src\\PassportServiceProvider.php(61): Illuminate\\Support\\ServiceProvider->loadRoutesFrom('C:\\\\xampp\\\\htdocs...')
#3 C:\\xampp\\htdocs\\ddsbegateway\\vendor\\laravel\\lumen-framework\\src\\Routing\\Router.php(62): Laravel\\Passport\\PassportServiceProvider->Laravel\\Passport\\{closure}(Object(Laravel\\Lumen\\Routing\\Router))
#4 C:\\xampp\\htdocs\\ddsbegateway\\vendor\\illuminate\\support\\Facades\\Facade.php(355): Laravel\\Lumen\\Routing\\Router->group(Array, Object(Closure))
#5 C:\\xampp\\htdocs\\ddsbegateway\\vendor\\laravel\\passport\\src\\PassportServiceProvider.php(56): Illuminate\\Support\\Facades\\Facade::__callStatic('group', Array)
#6 C:\\xampp\\htdocs\\ddsbegateway\\vendor\\laravel\\passport\\src\\PassportServiceProvider.php(39): Laravel\\Passport\\PassportServiceProvider->registerRoutes()
#7 C:\\xampp\\htdocs\\ddsbegateway\\vendor\\illuminate\\container\\BoundMethod.php(36): Laravel\\Passport\\PassportServiceProvider->boot()
#8 C:\\xampp\\htdocs\\ddsbegateway\\vendor\\illuminate\\container\\Util.php(41): Illuminate\\Container\\BoundMethod::Illuminate\\Container\\{closure}()
#9 C:\\xampp\\htdocs\\ddsbegateway\\vendor\\illuminate\\container\\BoundMethod.php(93): Illuminate\\Container\\Util::unwrapIfClosure(Object(Closure))
#10 C:\\xampp\\htdocs\\ddsbegateway\\vendor\\illuminate\\container\\BoundMethod.php(35): Illuminate\\Container\\BoundMethod::callBoundMethod(Object(Laravel\\Lumen\\Application), Array, Object(Closure))
#11 C:\\xampp\\htdocs\\ddsbegateway\\vendor\\illuminate\\container\\Container.php(662): Illuminate\\Container\\BoundMethod::call(Object(Laravel\\Lumen\\Application), Array, Array, NULL)
#12 C:\\xampp\\htdocs\\ddsbegateway\\vendor\\laravel\\lumen-framework\\src\\Application.php(304): Illuminate\\Container\\Container->call(Array)
#13 C:\\xampp\\htdocs\\ddsbegateway\\vendor\\laravel\\lumen-framework\\src\\Application.php(289): Laravel\\Lumen\\Application->bootProvider(Object(Laravel\\Passport\\PassportServiceProvider))
#14 C:\\xampp\\htdocs\\ddsbegateway\\vendor\\laravel\\lumen-framework\\src\\Console\\Kernel.php(158): Laravel\\Lumen\\Application->boot()
#15 C:\\xampp\\htdocs\\ddsbegateway\\artisan(35): Laravel\\Lumen\\Console\\Kernel->handle(Object(Symfony\\Component\\Console\\Input\\ArgvInput), Object(Symfony\\Component\\Console\\Output\\ConsoleOutput))
#16 {main}
"} 
[2025-03-27 02:25:07] local.ERROR: Call to undefined method Laravel\Lumen\Routing\Router::middleware() {"exception":"[object] (Error(code: 0): Call to undefined method Laravel\\Lumen\\Routing\\Router::middleware() at C:\\xampp\\htdocs\\ddsbegateway\\vendor\\illuminate\\support\\Facades\\Facade.php:355)
[stacktrace]
#0 C:\\xampp\\htdocs\\ddsbegateway\\vendor\\laravel\\passport\\routes\\web.php(19): Illuminate\\Support\\Facades\\Facade::__callStatic('middleware', Array)
#1 C:\\xampp\\htdocs\\ddsbegateway\\vendor\\illuminate\\support\\ServiceProvider.php(152): require('C:\\\\xampp\\\\htdocs...')
#2 C:\\xampp\\htdocs\\ddsbegateway\\vendor\\laravel\\passport\\src\\PassportServiceProvider.php(61): Illuminate\\Support\\ServiceProvider->loadRoutesFrom('C:\\\\xampp\\\\htdocs...')
#3 C:\\xampp\\htdocs\\ddsbegateway\\vendor\\laravel\\lumen-framework\\src\\Routing\\Router.php(62): Laravel\\Passport\\PassportServiceProvider->Laravel\\Passport\\{closure}(Object(Laravel\\Lumen\\Routing\\Router))
#4 C:\\xampp\\htdocs\\ddsbegateway\\vendor\\illuminate\\support\\Facades\\Facade.php(355): Laravel\\Lumen\\Routing\\Router->group(Array, Object(Closure))
#5 C:\\xampp\\htdocs\\ddsbegateway\\vendor\\laravel\\passport\\src\\PassportServiceProvider.php(56): Illuminate\\Support\\Facades\\Facade::__callStatic('group', Array)
#6 C:\\xampp\\htdocs\\ddsbegateway\\vendor\\laravel\\passport\\src\\PassportServiceProvider.php(39): Laravel\\Passport\\PassportServiceProvider->registerRoutes()
#7 C:\\xampp\\htdocs\\ddsbegateway\\vendor\\illuminate\\container\\BoundMethod.php(36): Laravel\\Passport\\PassportServiceProvider->boot()
#8 C:\\xampp\\htdocs\\ddsbegateway\\vendor\\illuminate\\container\\Util.php(41): Illuminate\\Container\\BoundMethod::Illuminate\\Container\\{closure}()
#9 C:\\xampp\\htdocs\\ddsbegateway\\vendor\\illuminate\\container\\BoundMethod.php(93): Illuminate\\Container\\Util::unwrapIfClosure(Object(Closure))
#10 C:\\xampp\\htdocs\\ddsbegateway\\vendor\\illuminate\\container\\BoundMethod.php(35): Illuminate\\Container\\BoundMethod::callBoundMethod(Object(Laravel\\Lumen\\Application), Array, Object(Closure))
#11 C:\\xampp\\htdocs\\ddsbegateway\\vendor\\illuminate\\container\\Container.php(662): Illuminate\\Container\\BoundMethod::call(Object(Laravel\\Lumen\\Application), Array, Array, NULL)
#12 C:\\xampp\\htdocs\\ddsbegateway\\vendor\\laravel\\lumen-framework\\src\\Application.php(304): Illuminate\\Container\\Container->call(Array)
#13 C:\\xampp\\htdocs\\ddsbegateway\\vendor\\laravel\\lumen-framework\\src\\Application.php(289): Laravel\\Lumen\\Application->bootProvider(Object(Laravel\\Passport\\PassportServiceProvider))
#14 C:\\xampp\\htdocs\\ddsbegateway\\vendor\\laravel\\lumen-framework\\src\\Console\\Kernel.php(158): Laravel\\Lumen\\Application->boot()
#15 C:\\xampp\\htdocs\\ddsbegateway\\artisan(35): Laravel\\Lumen\\Console\\Kernel->handle(Object(Symfony\\Component\\Console\\Input\\ArgvInput), Object(Symfony\\Component\\Console\\Output\\ConsoleOutput))
#16 {main}
"} 
[2025-03-27 03:06:13] local.ERROR: Call to undefined method Laravel\Lumen\Routing\Router::middleware() {"exception":"[object] (Error(code: 0): Call to undefined method Laravel\\Lumen\\Routing\\Router::middleware() at C:\\xampp\\htdocs\\ddsbegateway\\vendor\\illuminate\\support\\Facades\\Facade.php:355)
[stacktrace]
#0 C:\\xampp\\htdocs\\ddsbegateway\\vendor\\laravel\\passport\\routes\\web.php(19): Illuminate\\Support\\Facades\\Facade::__callStatic('middleware', Array)
#1 C:\\xampp\\htdocs\\ddsbegateway\\vendor\\illuminate\\support\\ServiceProvider.php(152): require('C:\\\\xampp\\\\htdocs...')
#2 C:\\xampp\\htdocs\\ddsbegateway\\vendor\\laravel\\passport\\src\\PassportServiceProvider.php(61): Illuminate\\Support\\ServiceProvider->loadRoutesFrom('C:\\\\xampp\\\\htdocs...')
#3 C:\\xampp\\htdocs\\ddsbegateway\\vendor\\laravel\\lumen-framework\\src\\Routing\\Router.php(62): Laravel\\Passport\\PassportServiceProvider->Laravel\\Passport\\{closure}(Object(Laravel\\Lumen\\Routing\\Router))
#4 C:\\xampp\\htdocs\\ddsbegateway\\vendor\\illuminate\\support\\Facades\\Facade.php(355): Laravel\\Lumen\\Routing\\Router->group(Array, Object(Closure))
#5 C:\\xampp\\htdocs\\ddsbegateway\\vendor\\laravel\\passport\\src\\PassportServiceProvider.php(56): Illuminate\\Support\\Facades\\Facade::__callStatic('group', Array)
#6 C:\\xampp\\htdocs\\ddsbegateway\\vendor\\laravel\\passport\\src\\PassportServiceProvider.php(39): Laravel\\Passport\\PassportServiceProvider->registerRoutes()
#7 C:\\xampp\\htdocs\\ddsbegateway\\vendor\\illuminate\\container\\BoundMethod.php(36): Laravel\\Passport\\PassportServiceProvider->boot()
#8 C:\\xampp\\htdocs\\ddsbegateway\\vendor\\illuminate\\container\\Util.php(41): Illuminate\\Container\\BoundMethod::Illuminate\\Container\\{closure}()
#9 C:\\xampp\\htdocs\\ddsbegateway\\vendor\\illuminate\\container\\BoundMethod.php(93): Illuminate\\Container\\Util::unwrapIfClosure(Object(Closure))
#10 C:\\xampp\\htdocs\\ddsbegateway\\vendor\\illuminate\\container\\BoundMethod.php(35): Illuminate\\Container\\BoundMethod::callBoundMethod(Object(Laravel\\Lumen\\Application), Array, Object(Closure))
#11 C:\\xampp\\htdocs\\ddsbegateway\\vendor\\illuminate\\container\\Container.php(662): Illuminate\\Container\\BoundMethod::call(Object(Laravel\\Lumen\\Application), Array, Array, NULL)
#12 C:\\xampp\\htdocs\\ddsbegateway\\vendor\\laravel\\lumen-framework\\src\\Application.php(304): Illuminate\\Container\\Container->call(Array)
#13 C:\\xampp\\htdocs\\ddsbegateway\\vendor\\laravel\\lumen-framework\\src\\Application.php(289): Laravel\\Lumen\\Application->bootProvider(Object(Laravel\\Passport\\PassportServiceProvider))
#14 C:\\xampp\\htdocs\\ddsbegateway\\vendor\\laravel\\lumen-framework\\src\\Console\\Kernel.php(158): Laravel\\Lumen\\Application->boot()
#15 C:\\xampp\\htdocs\\ddsbegateway\\artisan(35): Laravel\\Lumen\\Console\\Kernel->handle(Object(Symfony\\Component\\Console\\Input\\ArgvInput), Object(Symfony\\Component\\Console\\Output\\ConsoleOutput))
#16 {main}
"} 
[2025-03-27 03:08:50] local.ERROR: Call to undefined method Laravel\Lumen\Routing\Router::middleware() {"exception":"[object] (Error(code: 0): Call to undefined method Laravel\\Lumen\\Routing\\Router::middleware() at C:\\xampp\\htdocs\\ddsbegateway\\vendor\\illuminate\\support\\Facades\\Facade.php:355)
[stacktrace]
#0 C:\\xampp\\htdocs\\ddsbegateway\\vendor\\laravel\\passport\\routes\\web.php(19): Illuminate\\Support\\Facades\\Facade::__callStatic('middleware', Array)
#1 C:\\xampp\\htdocs\\ddsbegateway\\vendor\\illuminate\\support\\ServiceProvider.php(152): require('C:\\\\xampp\\\\htdocs...')
#2 C:\\xampp\\htdocs\\ddsbegateway\\vendor\\laravel\\passport\\src\\PassportServiceProvider.php(61): Illuminate\\Support\\ServiceProvider->loadRoutesFrom('C:\\\\xampp\\\\htdocs...')
#3 C:\\xampp\\htdocs\\ddsbegateway\\vendor\\laravel\\lumen-framework\\src\\Routing\\Router.php(62): Laravel\\Passport\\PassportServiceProvider->Laravel\\Passport\\{closure}(Object(Laravel\\Lumen\\Routing\\Router))
#4 C:\\xampp\\htdocs\\ddsbegateway\\vendor\\illuminate\\support\\Facades\\Facade.php(355): Laravel\\Lumen\\Routing\\Router->group(Array, Object(Closure))
#5 C:\\xampp\\htdocs\\ddsbegateway\\vendor\\laravel\\passport\\src\\PassportServiceProvider.php(56): Illuminate\\Support\\Facades\\Facade::__callStatic('group', Array)
#6 C:\\xampp\\htdocs\\ddsbegateway\\vendor\\laravel\\passport\\src\\PassportServiceProvider.php(39): Laravel\\Passport\\PassportServiceProvider->registerRoutes()
#7 C:\\xampp\\htdocs\\ddsbegateway\\vendor\\illuminate\\container\\BoundMethod.php(36): Laravel\\Passport\\PassportServiceProvider->boot()
#8 C:\\xampp\\htdocs\\ddsbegateway\\vendor\\illuminate\\container\\Util.php(41): Illuminate\\Container\\BoundMethod::Illuminate\\Container\\{closure}()
#9 C:\\xampp\\htdocs\\ddsbegateway\\vendor\\illuminate\\container\\BoundMethod.php(93): Illuminate\\Container\\Util::unwrapIfClosure(Object(Closure))
#10 C:\\xampp\\htdocs\\ddsbegateway\\vendor\\illuminate\\container\\BoundMethod.php(35): Illuminate\\Container\\BoundMethod::callBoundMethod(Object(Laravel\\Lumen\\Application), Array, Object(Closure))
#11 C:\\xampp\\htdocs\\ddsbegateway\\vendor\\illuminate\\container\\Container.php(662): Illuminate\\Container\\BoundMethod::call(Object(Laravel\\Lumen\\Application), Array, Array, NULL)
#12 C:\\xampp\\htdocs\\ddsbegateway\\vendor\\laravel\\lumen-framework\\src\\Application.php(304): Illuminate\\Container\\Container->call(Array)
#13 C:\\xampp\\htdocs\\ddsbegateway\\vendor\\laravel\\lumen-framework\\src\\Application.php(289): Laravel\\Lumen\\Application->bootProvider(Object(Laravel\\Passport\\PassportServiceProvider))
#14 C:\\xampp\\htdocs\\ddsbegateway\\vendor\\laravel\\lumen-framework\\src\\Console\\Kernel.php(158): Laravel\\Lumen\\Application->boot()
#15 C:\\xampp\\htdocs\\ddsbegateway\\artisan(35): Laravel\\Lumen\\Console\\Kernel->handle(Object(Symfony\\Component\\Console\\Input\\ArgvInput), Object(Symfony\\Component\\Console\\Output\\ConsoleOutput))
#16 {main}
"} 
[2025-03-27 03:15:56] local.ERROR: Call to undefined method Laravel\Lumen\Routing\Router::middleware() {"exception":"[object] (Error(code: 0): Call to undefined method Laravel\\Lumen\\Routing\\Router::middleware() at C:\\xampp\\htdocs\\ddsbegateway\\vendor\\illuminate\\support\\Facades\\Facade.php:355)
[stacktrace]
#0 C:\\xampp\\htdocs\\ddsbegateway\\vendor\\laravel\\passport\\routes\\web.php(19): Illuminate\\Support\\Facades\\Facade::__callStatic('middleware', Array)
#1 C:\\xampp\\htdocs\\ddsbegateway\\vendor\\illuminate\\support\\ServiceProvider.php(152): require('C:\\\\xampp\\\\htdocs...')
#2 C:\\xampp\\htdocs\\ddsbegateway\\vendor\\laravel\\passport\\src\\PassportServiceProvider.php(61): Illuminate\\Support\\ServiceProvider->loadRoutesFrom('C:\\\\xampp\\\\htdocs...')
#3 C:\\xampp\\htdocs\\ddsbegateway\\vendor\\laravel\\lumen-framework\\src\\Routing\\Router.php(62): Laravel\\Passport\\PassportServiceProvider->Laravel\\Passport\\{closure}(Object(Laravel\\Lumen\\Routing\\Router))
#4 C:\\xampp\\htdocs\\ddsbegateway\\vendor\\illuminate\\support\\Facades\\Facade.php(355): Laravel\\Lumen\\Routing\\Router->group(Array, Object(Closure))
#5 C:\\xampp\\htdocs\\ddsbegateway\\vendor\\laravel\\passport\\src\\PassportServiceProvider.php(56): Illuminate\\Support\\Facades\\Facade::__callStatic('group', Array)
#6 C:\\xampp\\htdocs\\ddsbegateway\\vendor\\laravel\\passport\\src\\PassportServiceProvider.php(39): Laravel\\Passport\\PassportServiceProvider->registerRoutes()
#7 C:\\xampp\\htdocs\\ddsbegateway\\vendor\\illuminate\\container\\BoundMethod.php(36): Laravel\\Passport\\PassportServiceProvider->boot()
#8 C:\\xampp\\htdocs\\ddsbegateway\\vendor\\illuminate\\container\\Util.php(41): Illuminate\\Container\\BoundMethod::Illuminate\\Container\\{closure}()
#9 C:\\xampp\\htdocs\\ddsbegateway\\vendor\\illuminate\\container\\BoundMethod.php(93): Illuminate\\Container\\Util::unwrapIfClosure(Object(Closure))
#10 C:\\xampp\\htdocs\\ddsbegateway\\vendor\\illuminate\\container\\BoundMethod.php(35): Illuminate\\Container\\BoundMethod::callBoundMethod(Object(Laravel\\Lumen\\Application), Array, Object(Closure))
#11 C:\\xampp\\htdocs\\ddsbegateway\\vendor\\illuminate\\container\\Container.php(662): Illuminate\\Container\\BoundMethod::call(Object(Laravel\\Lumen\\Application), Array, Array, NULL)
#12 C:\\xampp\\htdocs\\ddsbegateway\\vendor\\laravel\\lumen-framework\\src\\Application.php(304): Illuminate\\Container\\Container->call(Array)
#13 C:\\xampp\\htdocs\\ddsbegateway\\vendor\\laravel\\lumen-framework\\src\\Application.php(289): Laravel\\Lumen\\Application->bootProvider(Object(Laravel\\Passport\\PassportServiceProvider))
#14 C:\\xampp\\htdocs\\ddsbegateway\\vendor\\laravel\\lumen-framework\\src\\Console\\Kernel.php(158): Laravel\\Lumen\\Application->boot()
#15 C:\\xampp\\htdocs\\ddsbegateway\\artisan(35): Laravel\\Lumen\\Console\\Kernel->handle(Object(Symfony\\Component\\Console\\Input\\ArgvInput), Object(Symfony\\Component\\Console\\Output\\ConsoleOutput))
#16 {main}
"} 
[2025-03-27 03:19:01] local.ERROR: Call to undefined method Laravel\Lumen\Routing\Router::middleware() {"exception":"[object] (Error(code: 0): Call to undefined method Laravel\\Lumen\\Routing\\Router::middleware() at C:\\xampp\\htdocs\\ddsbegateway\\vendor\\illuminate\\support\\Facades\\Facade.php:355)
[stacktrace]
#0 C:\\xampp\\htdocs\\ddsbegateway\\vendor\\laravel\\passport\\routes\\web.php(19): Illuminate\\Support\\Facades\\Facade::__callStatic('middleware', Array)
#1 C:\\xampp\\htdocs\\ddsbegateway\\vendor\\illuminate\\support\\ServiceProvider.php(152): require('C:\\\\xampp\\\\htdocs...')
#2 C:\\xampp\\htdocs\\ddsbegateway\\vendor\\laravel\\passport\\src\\PassportServiceProvider.php(61): Illuminate\\Support\\ServiceProvider->loadRoutesFrom('C:\\\\xampp\\\\htdocs...')
#3 C:\\xampp\\htdocs\\ddsbegateway\\vendor\\laravel\\lumen-framework\\src\\Routing\\Router.php(62): Laravel\\Passport\\PassportServiceProvider->Laravel\\Passport\\{closure}(Object(Laravel\\Lumen\\Routing\\Router))
#4 C:\\xampp\\htdocs\\ddsbegateway\\vendor\\illuminate\\support\\Facades\\Facade.php(355): Laravel\\Lumen\\Routing\\Router->group(Array, Object(Closure))
#5 C:\\xampp\\htdocs\\ddsbegateway\\vendor\\laravel\\passport\\src\\PassportServiceProvider.php(56): Illuminate\\Support\\Facades\\Facade::__callStatic('group', Array)
#6 C:\\xampp\\htdocs\\ddsbegateway\\vendor\\laravel\\passport\\src\\PassportServiceProvider.php(39): Laravel\\Passport\\PassportServiceProvider->registerRoutes()
#7 C:\\xampp\\htdocs\\ddsbegateway\\vendor\\illuminate\\container\\BoundMethod.php(36): Laravel\\Passport\\PassportServiceProvider->boot()
#8 C:\\xampp\\htdocs\\ddsbegateway\\vendor\\illuminate\\container\\Util.php(41): Illuminate\\Container\\BoundMethod::Illuminate\\Container\\{closure}()
#9 C:\\xampp\\htdocs\\ddsbegateway\\vendor\\illuminate\\container\\BoundMethod.php(93): Illuminate\\Container\\Util::unwrapIfClosure(Object(Closure))
#10 C:\\xampp\\htdocs\\ddsbegateway\\vendor\\illuminate\\container\\BoundMethod.php(35): Illuminate\\Container\\BoundMethod::callBoundMethod(Object(Laravel\\Lumen\\Application), Array, Object(Closure))
#11 C:\\xampp\\htdocs\\ddsbegateway\\vendor\\illuminate\\container\\Container.php(662): Illuminate\\Container\\BoundMethod::call(Object(Laravel\\Lumen\\Application), Array, Array, NULL)
#12 C:\\xampp\\htdocs\\ddsbegateway\\vendor\\laravel\\lumen-framework\\src\\Application.php(304): Illuminate\\Container\\Container->call(Array)
#13 C:\\xampp\\htdocs\\ddsbegateway\\vendor\\laravel\\lumen-framework\\src\\Application.php(289): Laravel\\Lumen\\Application->bootProvider(Object(Laravel\\Passport\\PassportServiceProvider))
#14 C:\\xampp\\htdocs\\ddsbegateway\\vendor\\laravel\\lumen-framework\\src\\Console\\Kernel.php(158): Laravel\\Lumen\\Application->boot()
#15 C:\\xampp\\htdocs\\ddsbegateway\\artisan(35): Laravel\\Lumen\\Console\\Kernel->handle(Object(Symfony\\Component\\Console\\Input\\ArgvInput), Object(Symfony\\Component\\Console\\Output\\ConsoleOutput))
#16 {main}
"} 
[2025-03-27 03:25:01] local.ERROR: Call to undefined method Laravel\Lumen\Routing\Router::middleware() {"exception":"[object] (Error(code: 0): Call to undefined method Laravel\\Lumen\\Routing\\Router::middleware() at C:\\xampp\\htdocs\\ddsbegateway\\vendor\\illuminate\\support\\Facades\\Facade.php:355)
[stacktrace]
#0 C:\\xampp\\htdocs\\ddsbegateway\\vendor\\laravel\\passport\\routes\\web.php(19): Illuminate\\Support\\Facades\\Facade::__callStatic('middleware', Array)
#1 C:\\xampp\\htdocs\\ddsbegateway\\vendor\\illuminate\\support\\ServiceProvider.php(152): require('C:\\\\xampp\\\\htdocs...')
#2 C:\\xampp\\htdocs\\ddsbegateway\\vendor\\laravel\\passport\\src\\PassportServiceProvider.php(61): Illuminate\\Support\\ServiceProvider->loadRoutesFrom('C:\\\\xampp\\\\htdocs...')
#3 C:\\xampp\\htdocs\\ddsbegateway\\vendor\\laravel\\lumen-framework\\src\\Routing\\Router.php(62): Laravel\\Passport\\PassportServiceProvider->Laravel\\Passport\\{closure}(Object(Laravel\\Lumen\\Routing\\Router))
#4 C:\\xampp\\htdocs\\ddsbegateway\\vendor\\illuminate\\support\\Facades\\Facade.php(355): Laravel\\Lumen\\Routing\\Router->group(Array, Object(Closure))
#5 C:\\xampp\\htdocs\\ddsbegateway\\vendor\\laravel\\passport\\src\\PassportServiceProvider.php(56): Illuminate\\Support\\Facades\\Facade::__callStatic('group', Array)
#6 C:\\xampp\\htdocs\\ddsbegateway\\vendor\\laravel\\passport\\src\\PassportServiceProvider.php(39): Laravel\\Passport\\PassportServiceProvider->registerRoutes()
#7 C:\\xampp\\htdocs\\ddsbegateway\\vendor\\illuminate\\container\\BoundMethod.php(36): Laravel\\Passport\\PassportServiceProvider->boot()
#8 C:\\xampp\\htdocs\\ddsbegateway\\vendor\\illuminate\\container\\Util.php(41): Illuminate\\Container\\BoundMethod::Illuminate\\Container\\{closure}()
#9 C:\\xampp\\htdocs\\ddsbegateway\\vendor\\illuminate\\container\\BoundMethod.php(93): Illuminate\\Container\\Util::unwrapIfClosure(Object(Closure))
#10 C:\\xampp\\htdocs\\ddsbegateway\\vendor\\illuminate\\container\\BoundMethod.php(35): Illuminate\\Container\\BoundMethod::callBoundMethod(Object(Laravel\\Lumen\\Application), Array, Object(Closure))
#11 C:\\xampp\\htdocs\\ddsbegateway\\vendor\\illuminate\\container\\Container.php(662): Illuminate\\Container\\BoundMethod::call(Object(Laravel\\Lumen\\Application), Array, Array, NULL)
#12 C:\\xampp\\htdocs\\ddsbegateway\\vendor\\laravel\\lumen-framework\\src\\Application.php(304): Illuminate\\Container\\Container->call(Array)
#13 C:\\xampp\\htdocs\\ddsbegateway\\vendor\\laravel\\lumen-framework\\src\\Application.php(289): Laravel\\Lumen\\Application->bootProvider(Object(Laravel\\Passport\\PassportServiceProvider))
#14 C:\\xampp\\htdocs\\ddsbegateway\\vendor\\laravel\\lumen-framework\\src\\Console\\Kernel.php(158): Laravel\\Lumen\\Application->boot()
#15 C:\\xampp\\htdocs\\ddsbegateway\\artisan(35): Laravel\\Lumen\\Console\\Kernel->handle(Object(Symfony\\Component\\Console\\Input\\ArgvInput), Object(Symfony\\Component\\Console\\Output\\ConsoleOutput))
#16 {main}
"} 
[2025-03-27 03:25:14] local.ERROR: Call to undefined method Laravel\Lumen\Routing\Router::middleware() {"exception":"[object] (Error(code: 0): Call to undefined method Laravel\\Lumen\\Routing\\Router::middleware() at C:\\xampp\\htdocs\\ddsbegateway\\vendor\\illuminate\\support\\Facades\\Facade.php:355)
[stacktrace]
#0 C:\\xampp\\htdocs\\ddsbegateway\\vendor\\laravel\\passport\\routes\\web.php(19): Illuminate\\Support\\Facades\\Facade::__callStatic('middleware', Array)
#1 C:\\xampp\\htdocs\\ddsbegateway\\vendor\\illuminate\\support\\ServiceProvider.php(152): require('C:\\\\xampp\\\\htdocs...')
#2 C:\\xampp\\htdocs\\ddsbegateway\\vendor\\laravel\\passport\\src\\PassportServiceProvider.php(61): Illuminate\\Support\\ServiceProvider->loadRoutesFrom('C:\\\\xampp\\\\htdocs...')
#3 C:\\xampp\\htdocs\\ddsbegateway\\vendor\\laravel\\lumen-framework\\src\\Routing\\Router.php(62): Laravel\\Passport\\PassportServiceProvider->Laravel\\Passport\\{closure}(Object(Laravel\\Lumen\\Routing\\Router))
#4 C:\\xampp\\htdocs\\ddsbegateway\\vendor\\illuminate\\support\\Facades\\Facade.php(355): Laravel\\Lumen\\Routing\\Router->group(Array, Object(Closure))
#5 C:\\xampp\\htdocs\\ddsbegateway\\vendor\\laravel\\passport\\src\\PassportServiceProvider.php(56): Illuminate\\Support\\Facades\\Facade::__callStatic('group', Array)
#6 C:\\xampp\\htdocs\\ddsbegateway\\vendor\\laravel\\passport\\src\\PassportServiceProvider.php(39): Laravel\\Passport\\PassportServiceProvider->registerRoutes()
#7 C:\\xampp\\htdocs\\ddsbegateway\\vendor\\illuminate\\container\\BoundMethod.php(36): Laravel\\Passport\\PassportServiceProvider->boot()
#8 C:\\xampp\\htdocs\\ddsbegateway\\vendor\\illuminate\\container\\Util.php(41): Illuminate\\Container\\BoundMethod::Illuminate\\Container\\{closure}()
#9 C:\\xampp\\htdocs\\ddsbegateway\\vendor\\illuminate\\container\\BoundMethod.php(93): Illuminate\\Container\\Util::unwrapIfClosure(Object(Closure))
#10 C:\\xampp\\htdocs\\ddsbegateway\\vendor\\illuminate\\container\\BoundMethod.php(35): Illuminate\\Container\\BoundMethod::callBoundMethod(Object(Laravel\\Lumen\\Application), Array, Object(Closure))
#11 C:\\xampp\\htdocs\\ddsbegateway\\vendor\\illuminate\\container\\Container.php(662): Illuminate\\Container\\BoundMethod::call(Object(Laravel\\Lumen\\Application), Array, Array, NULL)
#12 C:\\xampp\\htdocs\\ddsbegateway\\vendor\\laravel\\lumen-framework\\src\\Application.php(304): Illuminate\\Container\\Container->call(Array)
#13 C:\\xampp\\htdocs\\ddsbegateway\\vendor\\laravel\\lumen-framework\\src\\Application.php(289): Laravel\\Lumen\\Application->bootProvider(Object(Laravel\\Passport\\PassportServiceProvider))
#14 C:\\xampp\\htdocs\\ddsbegateway\\vendor\\laravel\\lumen-framework\\src\\Console\\Kernel.php(158): Laravel\\Lumen\\Application->boot()
#15 C:\\xampp\\htdocs\\ddsbegateway\\artisan(35): Laravel\\Lumen\\Console\\Kernel->handle(Object(Symfony\\Component\\Console\\Input\\ArgvInput), Object(Symfony\\Component\\Console\\Output\\ConsoleOutput))
#16 {main}
"} 
[2025-03-27 03:28:31] local.ERROR: Call to undefined method Laravel\Lumen\Application::withMiddleware() {"exception":"[object] (Error(code: 0): Call to undefined method Laravel\\Lumen\\Application::withMiddleware() at C:\\xampp\\htdocs\\ddsbegateway\\bootstrap\\app.php:23)
[stacktrace]
#0 C:\\xampp\\htdocs\\ddsbegateway\\artisan(18): require()
#1 {main}
"} 
[2025-03-27 03:28:31] local.ERROR: Call to undefined method Laravel\Lumen\Application::withMiddleware() {"exception":"[object] (Error(code: 0): Call to undefined method Laravel\\Lumen\\Application::withMiddleware() at C:\\xampp\\htdocs\\ddsbegateway\\bootstrap\\app.php:23)
[stacktrace]
#0 C:\\xampp\\htdocs\\ddsbegateway\\artisan(18): require()
#1 {main}
"} 
[2025-03-27 03:29:52] local.ERROR: Call to undefined method Laravel\Lumen\Routing\Router::middleware() {"exception":"[object] (Error(code: 0): Call to undefined method Laravel\\Lumen\\Routing\\Router::middleware() at C:\\xampp\\htdocs\\ddsbegateway\\vendor\\illuminate\\support\\Facades\\Facade.php:355)
[stacktrace]
#0 C:\\xampp\\htdocs\\ddsbegateway\\vendor\\laravel\\passport\\routes\\web.php(19): Illuminate\\Support\\Facades\\Facade::__callStatic('middleware', Array)
#1 C:\\xampp\\htdocs\\ddsbegateway\\vendor\\illuminate\\support\\ServiceProvider.php(152): require('C:\\\\xampp\\\\htdocs...')
#2 C:\\xampp\\htdocs\\ddsbegateway\\vendor\\laravel\\passport\\src\\PassportServiceProvider.php(61): Illuminate\\Support\\ServiceProvider->loadRoutesFrom('C:\\\\xampp\\\\htdocs...')
#3 C:\\xampp\\htdocs\\ddsbegateway\\vendor\\laravel\\lumen-framework\\src\\Routing\\Router.php(62): Laravel\\Passport\\PassportServiceProvider->Laravel\\Passport\\{closure}(Object(Laravel\\Lumen\\Routing\\Router))
#4 C:\\xampp\\htdocs\\ddsbegateway\\vendor\\illuminate\\support\\Facades\\Facade.php(355): Laravel\\Lumen\\Routing\\Router->group(Array, Object(Closure))
#5 C:\\xampp\\htdocs\\ddsbegateway\\vendor\\laravel\\passport\\src\\PassportServiceProvider.php(56): Illuminate\\Support\\Facades\\Facade::__callStatic('group', Array)
#6 C:\\xampp\\htdocs\\ddsbegateway\\vendor\\laravel\\passport\\src\\PassportServiceProvider.php(39): Laravel\\Passport\\PassportServiceProvider->registerRoutes()
#7 C:\\xampp\\htdocs\\ddsbegateway\\vendor\\illuminate\\container\\BoundMethod.php(36): Laravel\\Passport\\PassportServiceProvider->boot()
#8 C:\\xampp\\htdocs\\ddsbegateway\\vendor\\illuminate\\container\\Util.php(41): Illuminate\\Container\\BoundMethod::Illuminate\\Container\\{closure}()
#9 C:\\xampp\\htdocs\\ddsbegateway\\vendor\\illuminate\\container\\BoundMethod.php(93): Illuminate\\Container\\Util::unwrapIfClosure(Object(Closure))
#10 C:\\xampp\\htdocs\\ddsbegateway\\vendor\\illuminate\\container\\BoundMethod.php(35): Illuminate\\Container\\BoundMethod::callBoundMethod(Object(Laravel\\Lumen\\Application), Array, Object(Closure))
#11 C:\\xampp\\htdocs\\ddsbegateway\\vendor\\illuminate\\container\\Container.php(662): Illuminate\\Container\\BoundMethod::call(Object(Laravel\\Lumen\\Application), Array, Array, NULL)
#12 C:\\xampp\\htdocs\\ddsbegateway\\vendor\\laravel\\lumen-framework\\src\\Application.php(304): Illuminate\\Container\\Container->call(Array)
#13 C:\\xampp\\htdocs\\ddsbegateway\\vendor\\laravel\\lumen-framework\\src\\Application.php(289): Laravel\\Lumen\\Application->bootProvider(Object(Laravel\\Passport\\PassportServiceProvider))
#14 C:\\xampp\\htdocs\\ddsbegateway\\vendor\\laravel\\lumen-framework\\src\\Console\\Kernel.php(158): Laravel\\Lumen\\Application->boot()
#15 C:\\xampp\\htdocs\\ddsbegateway\\artisan(35): Laravel\\Lumen\\Console\\Kernel->handle(Object(Symfony\\Component\\Console\\Input\\ArgvInput), Object(Symfony\\Component\\Console\\Output\\ConsoleOutput))
#16 {main}
"} 
[2025-03-27 03:29:52] local.ERROR: Call to undefined method Laravel\Lumen\Routing\Router::middleware() {"exception":"[object] (Error(code: 0): Call to undefined method Laravel\\Lumen\\Routing\\Router::middleware() at C:\\xampp\\htdocs\\ddsbegateway\\vendor\\illuminate\\support\\Facades\\Facade.php:355)
[stacktrace]
#0 C:\\xampp\\htdocs\\ddsbegateway\\vendor\\laravel\\passport\\routes\\web.php(19): Illuminate\\Support\\Facades\\Facade::__callStatic('middleware', Array)
#1 C:\\xampp\\htdocs\\ddsbegateway\\vendor\\illuminate\\support\\ServiceProvider.php(152): require('C:\\\\xampp\\\\htdocs...')
#2 C:\\xampp\\htdocs\\ddsbegateway\\vendor\\laravel\\passport\\src\\PassportServiceProvider.php(61): Illuminate\\Support\\ServiceProvider->loadRoutesFrom('C:\\\\xampp\\\\htdocs...')
#3 C:\\xampp\\htdocs\\ddsbegateway\\vendor\\laravel\\lumen-framework\\src\\Routing\\Router.php(62): Laravel\\Passport\\PassportServiceProvider->Laravel\\Passport\\{closure}(Object(Laravel\\Lumen\\Routing\\Router))
#4 C:\\xampp\\htdocs\\ddsbegateway\\vendor\\illuminate\\support\\Facades\\Facade.php(355): Laravel\\Lumen\\Routing\\Router->group(Array, Object(Closure))
#5 C:\\xampp\\htdocs\\ddsbegateway\\vendor\\laravel\\passport\\src\\PassportServiceProvider.php(56): Illuminate\\Support\\Facades\\Facade::__callStatic('group', Array)
#6 C:\\xampp\\htdocs\\ddsbegateway\\vendor\\laravel\\passport\\src\\PassportServiceProvider.php(39): Laravel\\Passport\\PassportServiceProvider->registerRoutes()
#7 C:\\xampp\\htdocs\\ddsbegateway\\vendor\\illuminate\\container\\BoundMethod.php(36): Laravel\\Passport\\PassportServiceProvider->boot()
#8 C:\\xampp\\htdocs\\ddsbegateway\\vendor\\illuminate\\container\\Util.php(41): Illuminate\\Container\\BoundMethod::Illuminate\\Container\\{closure}()
#9 C:\\xampp\\htdocs\\ddsbegateway\\vendor\\illuminate\\container\\BoundMethod.php(93): Illuminate\\Container\\Util::unwrapIfClosure(Object(Closure))
#10 C:\\xampp\\htdocs\\ddsbegateway\\vendor\\illuminate\\container\\BoundMethod.php(35): Illuminate\\Container\\BoundMethod::callBoundMethod(Object(Laravel\\Lumen\\Application), Array, Object(Closure))
#11 C:\\xampp\\htdocs\\ddsbegateway\\vendor\\illuminate\\container\\Container.php(662): Illuminate\\Container\\BoundMethod::call(Object(Laravel\\Lumen\\Application), Array, Array, NULL)
#12 C:\\xampp\\htdocs\\ddsbegateway\\vendor\\laravel\\lumen-framework\\src\\Application.php(304): Illuminate\\Container\\Container->call(Array)
#13 C:\\xampp\\htdocs\\ddsbegateway\\vendor\\laravel\\lumen-framework\\src\\Application.php(289): Laravel\\Lumen\\Application->bootProvider(Object(Laravel\\Passport\\PassportServiceProvider))
#14 C:\\xampp\\htdocs\\ddsbegateway\\vendor\\laravel\\lumen-framework\\src\\Console\\Kernel.php(158): Laravel\\Lumen\\Application->boot()
#15 C:\\xampp\\htdocs\\ddsbegateway\\artisan(35): Laravel\\Lumen\\Console\\Kernel->handle(Object(Symfony\\Component\\Console\\Input\\ArgvInput), Object(Symfony\\Component\\Console\\Output\\ConsoleOutput))
#16 {main}
"} 
[2025-03-27 03:30:36] local.ERROR: Call to undefined method Laravel\Lumen\Routing\Router::middleware() {"exception":"[object] (Error(code: 0): Call to undefined method Laravel\\Lumen\\Routing\\Router::middleware() at C:\\xampp\\htdocs\\ddsbegateway\\vendor\\illuminate\\support\\Facades\\Facade.php:355)
[stacktrace]
#0 C:\\xampp\\htdocs\\ddsbegateway\\vendor\\laravel\\passport\\routes\\web.php(19): Illuminate\\Support\\Facades\\Facade::__callStatic('middleware', Array)
#1 C:\\xampp\\htdocs\\ddsbegateway\\vendor\\illuminate\\support\\ServiceProvider.php(152): require('C:\\\\xampp\\\\htdocs...')
#2 C:\\xampp\\htdocs\\ddsbegateway\\vendor\\laravel\\passport\\src\\PassportServiceProvider.php(61): Illuminate\\Support\\ServiceProvider->loadRoutesFrom('C:\\\\xampp\\\\htdocs...')
#3 C:\\xampp\\htdocs\\ddsbegateway\\vendor\\laravel\\lumen-framework\\src\\Routing\\Router.php(62): Laravel\\Passport\\PassportServiceProvider->Laravel\\Passport\\{closure}(Object(Laravel\\Lumen\\Routing\\Router))
#4 C:\\xampp\\htdocs\\ddsbegateway\\vendor\\illuminate\\support\\Facades\\Facade.php(355): Laravel\\Lumen\\Routing\\Router->group(Array, Object(Closure))
#5 C:\\xampp\\htdocs\\ddsbegateway\\vendor\\laravel\\passport\\src\\PassportServiceProvider.php(56): Illuminate\\Support\\Facades\\Facade::__callStatic('group', Array)
#6 C:\\xampp\\htdocs\\ddsbegateway\\vendor\\laravel\\passport\\src\\PassportServiceProvider.php(39): Laravel\\Passport\\PassportServiceProvider->registerRoutes()
#7 C:\\xampp\\htdocs\\ddsbegateway\\vendor\\illuminate\\container\\BoundMethod.php(36): Laravel\\Passport\\PassportServiceProvider->boot()
#8 C:\\xampp\\htdocs\\ddsbegateway\\vendor\\illuminate\\container\\Util.php(41): Illuminate\\Container\\BoundMethod::Illuminate\\Container\\{closure}()
#9 C:\\xampp\\htdocs\\ddsbegateway\\vendor\\illuminate\\container\\BoundMethod.php(93): Illuminate\\Container\\Util::unwrapIfClosure(Object(Closure))
#10 C:\\xampp\\htdocs\\ddsbegateway\\vendor\\illuminate\\container\\BoundMethod.php(35): Illuminate\\Container\\BoundMethod::callBoundMethod(Object(Laravel\\Lumen\\Application), Array, Object(Closure))
#11 C:\\xampp\\htdocs\\ddsbegateway\\vendor\\illuminate\\container\\Container.php(662): Illuminate\\Container\\BoundMethod::call(Object(Laravel\\Lumen\\Application), Array, Array, NULL)
#12 C:\\xampp\\htdocs\\ddsbegateway\\vendor\\laravel\\lumen-framework\\src\\Application.php(304): Illuminate\\Container\\Container->call(Array)
#13 C:\\xampp\\htdocs\\ddsbegateway\\vendor\\laravel\\lumen-framework\\src\\Application.php(289): Laravel\\Lumen\\Application->bootProvider(Object(Laravel\\Passport\\PassportServiceProvider))
#14 C:\\xampp\\htdocs\\ddsbegateway\\vendor\\laravel\\lumen-framework\\src\\Console\\Kernel.php(158): Laravel\\Lumen\\Application->boot()
#15 C:\\xampp\\htdocs\\ddsbegateway\\artisan(35): Laravel\\Lumen\\Console\\Kernel->handle(Object(Symfony\\Component\\Console\\Input\\ArgvInput), Object(Symfony\\Component\\Console\\Output\\ConsoleOutput))
#16 {main}
"} 
[2025-03-27 03:38:06] local.ERROR: Call to undefined method Laravel\Lumen\Routing\Router::middleware() {"exception":"[object] (Error(code: 0): Call to undefined method Laravel\\Lumen\\Routing\\Router::middleware() at C:\\xampp\\htdocs\\ddsbegateway\\vendor\\illuminate\\support\\Facades\\Facade.php:355)
[stacktrace]
#0 C:\\xampp\\htdocs\\ddsbegateway\\vendor\\laravel\\passport\\routes\\web.php(19): Illuminate\\Support\\Facades\\Facade::__callStatic('middleware', Array)
#1 C:\\xampp\\htdocs\\ddsbegateway\\vendor\\illuminate\\support\\ServiceProvider.php(152): require('C:\\\\xampp\\\\htdocs...')
#2 C:\\xampp\\htdocs\\ddsbegateway\\vendor\\laravel\\passport\\src\\PassportServiceProvider.php(61): Illuminate\\Support\\ServiceProvider->loadRoutesFrom('C:\\\\xampp\\\\htdocs...')
#3 C:\\xampp\\htdocs\\ddsbegateway\\vendor\\laravel\\lumen-framework\\src\\Routing\\Router.php(62): Laravel\\Passport\\PassportServiceProvider->Laravel\\Passport\\{closure}(Object(Laravel\\Lumen\\Routing\\Router))
#4 C:\\xampp\\htdocs\\ddsbegateway\\vendor\\illuminate\\support\\Facades\\Facade.php(355): Laravel\\Lumen\\Routing\\Router->group(Array, Object(Closure))
#5 C:\\xampp\\htdocs\\ddsbegateway\\vendor\\laravel\\passport\\src\\PassportServiceProvider.php(56): Illuminate\\Support\\Facades\\Facade::__callStatic('group', Array)
#6 C:\\xampp\\htdocs\\ddsbegateway\\vendor\\laravel\\passport\\src\\PassportServiceProvider.php(39): Laravel\\Passport\\PassportServiceProvider->registerRoutes()
#7 C:\\xampp\\htdocs\\ddsbegateway\\vendor\\illuminate\\container\\BoundMethod.php(36): Laravel\\Passport\\PassportServiceProvider->boot()
#8 C:\\xampp\\htdocs\\ddsbegateway\\vendor\\illuminate\\container\\Util.php(41): Illuminate\\Container\\BoundMethod::Illuminate\\Container\\{closure}()
#9 C:\\xampp\\htdocs\\ddsbegateway\\vendor\\illuminate\\container\\BoundMethod.php(93): Illuminate\\Container\\Util::unwrapIfClosure(Object(Closure))
#10 C:\\xampp\\htdocs\\ddsbegateway\\vendor\\illuminate\\container\\BoundMethod.php(35): Illuminate\\Container\\BoundMethod::callBoundMethod(Object(Laravel\\Lumen\\Application), Array, Object(Closure))
#11 C:\\xampp\\htdocs\\ddsbegateway\\vendor\\illuminate\\container\\Container.php(662): Illuminate\\Container\\BoundMethod::call(Object(Laravel\\Lumen\\Application), Array, Array, NULL)
#12 C:\\xampp\\htdocs\\ddsbegateway\\vendor\\laravel\\lumen-framework\\src\\Application.php(304): Illuminate\\Container\\Container->call(Array)
#13 C:\\xampp\\htdocs\\ddsbegateway\\vendor\\laravel\\lumen-framework\\src\\Application.php(289): Laravel\\Lumen\\Application->bootProvider(Object(Laravel\\Passport\\PassportServiceProvider))
#14 C:\\xampp\\htdocs\\ddsbegateway\\vendor\\laravel\\lumen-framework\\src\\Console\\Kernel.php(158): Laravel\\Lumen\\Application->boot()
#15 C:\\xampp\\htdocs\\ddsbegateway\\artisan(35): Laravel\\Lumen\\Console\\Kernel->handle(Object(Symfony\\Component\\Console\\Input\\ArgvInput), Object(Symfony\\Component\\Console\\Output\\ConsoleOutput))
#16 {main}
"} 
[2025-03-27 03:45:33] local.ERROR: Class "Illuminate\Redis\RedisServiceProvider" not found {"exception":"[object] (Error(code: 0): Class \"Illuminate\\Redis\\RedisServiceProvider\" not found at C:\\xampp\\htdocs\\ddsbegateway\\vendor\\laravel\\lumen-framework\\src\\Application.php:250)
[stacktrace]
#0 C:\\xampp\\htdocs\\ddsbegateway\\bootstrap\\app.php(72): Laravel\\Lumen\\Application->register('Illuminate\\\\Redi...')
#1 C:\\xampp\\htdocs\\ddsbegateway\\artisan(18): require('C:\\\\xampp\\\\htdocs...')
#2 {main}
"} 
[2025-03-27 03:48:59] local.ERROR: Class "Illuminate\Redis\RedisServiceProvider" not found {"exception":"[object] (Error(code: 0): Class \"Illuminate\\Redis\\RedisServiceProvider\" not found at C:\\xampp\\htdocs\\ddsbegateway\\vendor\\laravel\\lumen-framework\\src\\Application.php:250)
[stacktrace]
#0 C:\\xampp\\htdocs\\ddsbegateway\\bootstrap\\app.php(72): Laravel\\Lumen\\Application->register('Illuminate\\\\Redi...')
#1 C:\\xampp\\htdocs\\ddsbegateway\\artisan(18): require('C:\\\\xampp\\\\htdocs...')
#2 {main}
"} 
[2025-03-27 03:49:13] local.ERROR: Class "Illuminate\Redis\RedisServiceProvider" not found {"exception":"[object] (Error(code: 0): Class \"Illuminate\\Redis\\RedisServiceProvider\" not found at C:\\xampp\\htdocs\\ddsbegateway\\vendor\\laravel\\lumen-framework\\src\\Application.php:250)
[stacktrace]
#0 C:\\xampp\\htdocs\\ddsbegateway\\bootstrap\\app.php(72): Laravel\\Lumen\\Application->register('Illuminate\\\\Redi...')
#1 C:\\xampp\\htdocs\\ddsbegateway\\public\\index.php(14): require('C:\\\\xampp\\\\htdocs...')
#2 {main}
"} 
[2025-03-27 03:57:26] local.ERROR: Class "Illuminate\Redis\RedisServiceProvider" not found {"exception":"[object] (Error(code: 0): Class \"Illuminate\\Redis\\RedisServiceProvider\" not found at C:\\xampp\\htdocs\\ddsbegateway\\vendor\\laravel\\lumen-framework\\src\\Application.php:250)
[stacktrace]
#0 C:\\xampp\\htdocs\\ddsbegateway\\bootstrap\\app.php(72): Laravel\\Lumen\\Application->register('Illuminate\\\\Redi...')
#1 C:\\xampp\\htdocs\\ddsbegateway\\public\\index.php(14): require('C:\\\\xampp\\\\htdocs...')
#2 {main}
"} 
[2025-03-27 03:57:43] local.ERROR: Class "Illuminate\Redis\RedisServiceProvider" not found {"exception":"[object] (Error(code: 0): Class \"Illuminate\\Redis\\RedisServiceProvider\" not found at C:\\xampp\\htdocs\\ddsbegateway\\vendor\\laravel\\lumen-framework\\src\\Application.php:250)
[stacktrace]
#0 C:\\xampp\\htdocs\\ddsbegateway\\bootstrap\\app.php(72): Laravel\\Lumen\\Application->register('Illuminate\\\\Redi...')
#1 C:\\xampp\\htdocs\\ddsbegateway\\artisan(18): require('C:\\\\xampp\\\\htdocs...')
#2 {main}
"} 
[2025-03-27 04:05:59] local.ERROR: Class "Illuminate\Redis\RedisServiceProvider" not found {"exception":"[object] (Error(code: 0): Class \"Illuminate\\Redis\\RedisServiceProvider\" not found at C:\\xampp\\htdocs\\ddsbegateway\\vendor\\laravel\\lumen-framework\\src\\Application.php:250)
[stacktrace]
#0 C:\\xampp\\htdocs\\ddsbegateway\\bootstrap\\app.php(72): Laravel\\Lumen\\Application->register('Illuminate\\\\Redi...')
#1 C:\\xampp\\htdocs\\ddsbegateway\\public\\index.php(14): require('C:\\\\xampp\\\\htdocs...')
#2 {main}
"} 
[2025-03-27 04:37:51] local.ERROR: Class "Illuminate\Redis\RedisServiceProvider" not found {"exception":"[object] (Error(code: 0): Class \"Illuminate\\Redis\\RedisServiceProvider\" not found at C:\\xampp\\htdocs\\ddsbegateway\\vendor\\laravel\\lumen-framework\\src\\Application.php:250)
[stacktrace]
#0 C:\\xampp\\htdocs\\ddsbegateway\\bootstrap\\app.php(72): Laravel\\Lumen\\Application->register('Illuminate\\\\Redi...')
#1 C:\\xampp\\htdocs\\ddsbegateway\\artisan(18): require('C:\\\\xampp\\\\htdocs...')
#2 {main}
"} 
[2025-03-27 04:51:06] local.ERROR: Class "Illuminate\Redis\RedisServiceProvider" not found {"exception":"[object] (Error(code: 0): Class \"Illuminate\\Redis\\RedisServiceProvider\" not found at C:\\xampp\\htdocs\\ddsbegateway\\vendor\\laravel\\lumen-framework\\src\\Application.php:250)
[stacktrace]
#0 C:\\xampp\\htdocs\\ddsbegateway\\bootstrap\\app.php(72): Laravel\\Lumen\\Application->register('Illuminate\\\\Redi...')
#1 C:\\xampp\\htdocs\\ddsbegateway\\artisan(18): require('C:\\\\xampp\\\\htdocs...')
#2 {main}
"} 
[2025-03-27 04:58:58] local.ERROR: Class "Illuminate\Mail\MailServiceProvider" not found {"exception":"[object] (Error(code: 0): Class \"Illuminate\\Mail\\MailServiceProvider\" not found at C:\\xampp\\htdocs\\ddsbegateway\\vendor\\laravel\\lumen-framework\\src\\Application.php:250)
[stacktrace]
#0 C:\\xampp\\htdocs\\ddsbegateway\\bootstrap\\app.php(73): Laravel\\Lumen\\Application->register('Illuminate\\\\Mail...')
#1 C:\\xampp\\htdocs\\ddsbegateway\\artisan(18): require('C:\\\\xampp\\\\htdocs...')
#2 {main}
"} 
[2025-03-27 05:01:10] local.ERROR: Call to undefined method Laravel\Lumen\Routing\Router::middleware() {"exception":"[object] (Error(code: 0): Call to undefined method Laravel\\Lumen\\Routing\\Router::middleware() at C:\\xampp\\htdocs\\ddsbegateway\\vendor\\illuminate\\support\\Facades\\Facade.php:355)
[stacktrace]
#0 C:\\xampp\\htdocs\\ddsbegateway\\vendor\\laravel\\passport\\routes\\web.php(19): Illuminate\\Support\\Facades\\Facade::__callStatic('middleware', Array)
#1 C:\\xampp\\htdocs\\ddsbegateway\\vendor\\illuminate\\support\\ServiceProvider.php(152): require('C:\\\\xampp\\\\htdocs...')
#2 C:\\xampp\\htdocs\\ddsbegateway\\vendor\\laravel\\passport\\src\\PassportServiceProvider.php(61): Illuminate\\Support\\ServiceProvider->loadRoutesFrom('C:\\\\xampp\\\\htdocs...')
#3 C:\\xampp\\htdocs\\ddsbegateway\\vendor\\laravel\\lumen-framework\\src\\Routing\\Router.php(62): Laravel\\Passport\\PassportServiceProvider->Laravel\\Passport\\{closure}(Object(Laravel\\Lumen\\Routing\\Router))
#4 C:\\xampp\\htdocs\\ddsbegateway\\vendor\\illuminate\\support\\Facades\\Facade.php(355): Laravel\\Lumen\\Routing\\Router->group(Array, Object(Closure))
#5 C:\\xampp\\htdocs\\ddsbegateway\\vendor\\laravel\\passport\\src\\PassportServiceProvider.php(56): Illuminate\\Support\\Facades\\Facade::__callStatic('group', Array)
#6 C:\\xampp\\htdocs\\ddsbegateway\\vendor\\laravel\\passport\\src\\PassportServiceProvider.php(39): Laravel\\Passport\\PassportServiceProvider->registerRoutes()
#7 C:\\xampp\\htdocs\\ddsbegateway\\vendor\\illuminate\\container\\BoundMethod.php(36): Laravel\\Passport\\PassportServiceProvider->boot()
#8 C:\\xampp\\htdocs\\ddsbegateway\\vendor\\illuminate\\container\\Util.php(41): Illuminate\\Container\\BoundMethod::Illuminate\\Container\\{closure}()
#9 C:\\xampp\\htdocs\\ddsbegateway\\vendor\\illuminate\\container\\BoundMethod.php(93): Illuminate\\Container\\Util::unwrapIfClosure(Object(Closure))
#10 C:\\xampp\\htdocs\\ddsbegateway\\vendor\\illuminate\\container\\BoundMethod.php(35): Illuminate\\Container\\BoundMethod::callBoundMethod(Object(Laravel\\Lumen\\Application), Array, Object(Closure))
#11 C:\\xampp\\htdocs\\ddsbegateway\\vendor\\illuminate\\container\\Container.php(662): Illuminate\\Container\\BoundMethod::call(Object(Laravel\\Lumen\\Application), Array, Array, NULL)
#12 C:\\xampp\\htdocs\\ddsbegateway\\vendor\\laravel\\lumen-framework\\src\\Application.php(304): Illuminate\\Container\\Container->call(Array)
#13 C:\\xampp\\htdocs\\ddsbegateway\\vendor\\laravel\\lumen-framework\\src\\Application.php(289): Laravel\\Lumen\\Application->bootProvider(Object(Laravel\\Passport\\PassportServiceProvider))
#14 C:\\xampp\\htdocs\\ddsbegateway\\vendor\\laravel\\lumen-framework\\src\\Console\\Kernel.php(158): Laravel\\Lumen\\Application->boot()
#15 C:\\xampp\\htdocs\\ddsbegateway\\artisan(35): Laravel\\Lumen\\Console\\Kernel->handle(Object(Symfony\\Component\\Console\\Input\\ArgvInput), Object(Symfony\\Component\\Console\\Output\\ConsoleOutput))
#16 {main}
"} 
[2025-03-27 05:02:01] local.ERROR: Call to undefined method Laravel\Lumen\Routing\Router::middleware() {"exception":"[object] (Error(code: 0): Call to undefined method Laravel\\Lumen\\Routing\\Router::middleware() at C:\\xampp\\htdocs\\ddsbegateway\\vendor\\illuminate\\support\\Facades\\Facade.php:355)
[stacktrace]
#0 C:\\xampp\\htdocs\\ddsbegateway\\vendor\\laravel\\passport\\routes\\web.php(19): Illuminate\\Support\\Facades\\Facade::__callStatic('middleware', Array)
#1 C:\\xampp\\htdocs\\ddsbegateway\\vendor\\illuminate\\support\\ServiceProvider.php(152): require('C:\\\\xampp\\\\htdocs...')
#2 C:\\xampp\\htdocs\\ddsbegateway\\vendor\\laravel\\passport\\src\\PassportServiceProvider.php(61): Illuminate\\Support\\ServiceProvider->loadRoutesFrom('C:\\\\xampp\\\\htdocs...')
#3 C:\\xampp\\htdocs\\ddsbegateway\\vendor\\laravel\\lumen-framework\\src\\Routing\\Router.php(62): Laravel\\Passport\\PassportServiceProvider->Laravel\\Passport\\{closure}(Object(Laravel\\Lumen\\Routing\\Router))
#4 C:\\xampp\\htdocs\\ddsbegateway\\vendor\\illuminate\\support\\Facades\\Facade.php(355): Laravel\\Lumen\\Routing\\Router->group(Array, Object(Closure))
#5 C:\\xampp\\htdocs\\ddsbegateway\\vendor\\laravel\\passport\\src\\PassportServiceProvider.php(56): Illuminate\\Support\\Facades\\Facade::__callStatic('group', Array)
#6 C:\\xampp\\htdocs\\ddsbegateway\\vendor\\laravel\\passport\\src\\PassportServiceProvider.php(39): Laravel\\Passport\\PassportServiceProvider->registerRoutes()
#7 C:\\xampp\\htdocs\\ddsbegateway\\vendor\\illuminate\\container\\BoundMethod.php(36): Laravel\\Passport\\PassportServiceProvider->boot()
#8 C:\\xampp\\htdocs\\ddsbegateway\\vendor\\illuminate\\container\\Util.php(41): Illuminate\\Container\\BoundMethod::Illuminate\\Container\\{closure}()
#9 C:\\xampp\\htdocs\\ddsbegateway\\vendor\\illuminate\\container\\BoundMethod.php(93): Illuminate\\Container\\Util::unwrapIfClosure(Object(Closure))
#10 C:\\xampp\\htdocs\\ddsbegateway\\vendor\\illuminate\\container\\BoundMethod.php(35): Illuminate\\Container\\BoundMethod::callBoundMethod(Object(Laravel\\Lumen\\Application), Array, Object(Closure))
#11 C:\\xampp\\htdocs\\ddsbegateway\\vendor\\illuminate\\container\\Container.php(662): Illuminate\\Container\\BoundMethod::call(Object(Laravel\\Lumen\\Application), Array, Array, NULL)
#12 C:\\xampp\\htdocs\\ddsbegateway\\vendor\\laravel\\lumen-framework\\src\\Application.php(304): Illuminate\\Container\\Container->call(Array)
#13 C:\\xampp\\htdocs\\ddsbegateway\\vendor\\laravel\\lumen-framework\\src\\Application.php(289): Laravel\\Lumen\\Application->bootProvider(Object(Laravel\\Passport\\PassportServiceProvider))
#14 C:\\xampp\\htdocs\\ddsbegateway\\vendor\\laravel\\lumen-framework\\src\\Console\\Kernel.php(158): Laravel\\Lumen\\Application->boot()
#15 C:\\xampp\\htdocs\\ddsbegateway\\artisan(35): Laravel\\Lumen\\Console\\Kernel->handle(Object(Symfony\\Component\\Console\\Input\\ArgvInput), Object(Symfony\\Component\\Console\\Output\\ConsoleOutput))
#16 {main}
"} 
[2025-03-27 05:12:26] local.ERROR: Call to a member function make() on int {"exception":"[object] (Error(code: 0): Call to a member function make() on int at C:\\xampp\\htdocs\\ddsbegateway\\artisan:31)
[stacktrace]
#0 {main}
"} 
