[2025-04-11 13:35:55] local.ERROR: Call to undefined method Laravel\Lumen\Routing\Router::middleware() {"exception":"[object] (Error(code: 0): Call to undefined method Laravel\\Lumen\\Routing\\Router::middleware() at C:\\xampp\\htdocs\\ddsbegateway\\vendor\\illuminate\\support\\Facades\\Facade.php:338)
[stacktrace]
#0 C:\\xampp\\htdocs\\ddsbegateway\\vendor\\laravel\\passport\\routes\\web.php(19): Illuminate\\Support\\Facades\\Facade::__callStatic('middleware', Array)
#1 C:\\xampp\\htdocs\\ddsbegateway\\vendor\\illuminate\\support\\ServiceProvider.php(152): require('C:\\\\xampp\\\\htdocs...')
#2 C:\\xampp\\htdocs\\ddsbegateway\\vendor\\laravel\\passport\\src\\PassportServiceProvider.php(61): Illuminate\\Support\\ServiceProvider->loadRoutesFrom('C:\\\\xampp\\\\htdocs...')
#3 C:\\xampp\\htdocs\\ddsbegateway\\vendor\\laravel\\lumen-framework\\src\\Routing\\Router.php(62): Laravel\\Passport\\PassportServiceProvider->Laravel\\Passport\\{closure}(Object(Laravel\\Lumen\\Routing\\Router))
#4 C:\\xampp\\htdocs\\ddsbegateway\\vendor\\illuminate\\support\\Facades\\Facade.php(338): Laravel\\Lumen\\Routing\\Router->group(Array, Object(Closure))
#5 C:\\xampp\\htdocs\\ddsbegateway\\vendor\\laravel\\passport\\src\\PassportServiceProvider.php(56): Illuminate\\Support\\Facades\\Facade::__callStatic('group', Array)
#6 C:\\xampp\\htdocs\\ddsbegateway\\vendor\\laravel\\passport\\src\\PassportServiceProvider.php(39): Laravel\\Passport\\PassportServiceProvider->registerRoutes()
#7 C:\\xampp\\htdocs\\ddsbegateway\\vendor\\illuminate\\container\\BoundMethod.php(36): Laravel\\Passport\\PassportServiceProvider->boot()
#8 C:\\xampp\\htdocs\\ddsbegateway\\vendor\\illuminate\\container\\Util.php(41): Illuminate\\Container\\BoundMethod::Illuminate\\Container\\{closure}()
#9 C:\\xampp\\htdocs\\ddsbegateway\\vendor\\illuminate\\container\\BoundMethod.php(93): Illuminate\\Container\\Util::unwrapIfClosure(Object(Closure))
#10 C:\\xampp\\htdocs\\ddsbegateway\\vendor\\illuminate\\container\\BoundMethod.php(35): Illuminate\\Container\\BoundMethod::callBoundMethod(Object(Laravel\\Lumen\\Application), Array, Object(Closure))
#11 C:\\xampp\\htdocs\\ddsbegateway\\vendor\\illuminate\\container\\Container.php(661): Illuminate\\Container\\BoundMethod::call(Object(Laravel\\Lumen\\Application), Array, Array, NULL)
#12 C:\\xampp\\htdocs\\ddsbegateway\\vendor\\laravel\\lumen-framework\\src\\Application.php(277): Illuminate\\Container\\Container->call(Array)
#13 C:\\xampp\\htdocs\\ddsbegateway\\vendor\\laravel\\lumen-framework\\src\\Application.php(262): Laravel\\Lumen\\Application->bootProvider(Object(Laravel\\Passport\\PassportServiceProvider))
#14 C:\\xampp\\htdocs\\ddsbegateway\\vendor\\laravel\\lumen-framework\\src\\Concerns\\RoutesRequests.php(163): Laravel\\Lumen\\Application->boot()
#15 C:\\xampp\\htdocs\\ddsbegateway\\vendor\\laravel\\lumen-framework\\src\\Concerns\\RoutesRequests.php(112): Laravel\\Lumen\\Application->dispatch(NULL)
#16 C:\\xampp\\htdocs\\ddsbegateway\\public\\index.php(28): Laravel\\Lumen\\Application->run()
#17 {main}
"} 
[2025-04-11 13:38:14] local.ERROR: Call to undefined method Laravel\Lumen\Routing\Router::middleware() {"exception":"[object] (Error(code: 0): Call to undefined method Laravel\\Lumen\\Routing\\Router::middleware() at C:\\xampp\\htdocs\\ddsbegateway\\vendor\\illuminate\\support\\Facades\\Facade.php:338)
[stacktrace]
#0 C:\\xampp\\htdocs\\ddsbegateway\\vendor\\laravel\\passport\\routes\\web.php(19): Illuminate\\Support\\Facades\\Facade::__callStatic('middleware', Array)
#1 C:\\xampp\\htdocs\\ddsbegateway\\vendor\\illuminate\\support\\ServiceProvider.php(152): require('C:\\\\xampp\\\\htdocs...')
#2 C:\\xampp\\htdocs\\ddsbegateway\\vendor\\laravel\\passport\\src\\PassportServiceProvider.php(61): Illuminate\\Support\\ServiceProvider->loadRoutesFrom('C:\\\\xampp\\\\htdocs...')
#3 C:\\xampp\\htdocs\\ddsbegateway\\vendor\\laravel\\lumen-framework\\src\\Routing\\Router.php(62): Laravel\\Passport\\PassportServiceProvider->Laravel\\Passport\\{closure}(Object(Laravel\\Lumen\\Routing\\Router))
#4 C:\\xampp\\htdocs\\ddsbegateway\\vendor\\illuminate\\support\\Facades\\Facade.php(338): Laravel\\Lumen\\Routing\\Router->group(Array, Object(Closure))
#5 C:\\xampp\\htdocs\\ddsbegateway\\vendor\\laravel\\passport\\src\\PassportServiceProvider.php(56): Illuminate\\Support\\Facades\\Facade::__callStatic('group', Array)
#6 C:\\xampp\\htdocs\\ddsbegateway\\vendor\\laravel\\passport\\src\\PassportServiceProvider.php(39): Laravel\\Passport\\PassportServiceProvider->registerRoutes()
#7 C:\\xampp\\htdocs\\ddsbegateway\\vendor\\illuminate\\container\\BoundMethod.php(36): Laravel\\Passport\\PassportServiceProvider->boot()
#8 C:\\xampp\\htdocs\\ddsbegateway\\vendor\\illuminate\\container\\Util.php(41): Illuminate\\Container\\BoundMethod::Illuminate\\Container\\{closure}()
#9 C:\\xampp\\htdocs\\ddsbegateway\\vendor\\illuminate\\container\\BoundMethod.php(93): Illuminate\\Container\\Util::unwrapIfClosure(Object(Closure))
#10 C:\\xampp\\htdocs\\ddsbegateway\\vendor\\illuminate\\container\\BoundMethod.php(35): Illuminate\\Container\\BoundMethod::callBoundMethod(Object(Laravel\\Lumen\\Application), Array, Object(Closure))
#11 C:\\xampp\\htdocs\\ddsbegateway\\vendor\\illuminate\\container\\Container.php(661): Illuminate\\Container\\BoundMethod::call(Object(Laravel\\Lumen\\Application), Array, Array, NULL)
#12 C:\\xampp\\htdocs\\ddsbegateway\\vendor\\laravel\\lumen-framework\\src\\Application.php(277): Illuminate\\Container\\Container->call(Array)
#13 C:\\xampp\\htdocs\\ddsbegateway\\vendor\\laravel\\lumen-framework\\src\\Application.php(262): Laravel\\Lumen\\Application->bootProvider(Object(Laravel\\Passport\\PassportServiceProvider))
#14 C:\\xampp\\htdocs\\ddsbegateway\\vendor\\laravel\\lumen-framework\\src\\Concerns\\RoutesRequests.php(163): Laravel\\Lumen\\Application->boot()
#15 C:\\xampp\\htdocs\\ddsbegateway\\vendor\\laravel\\lumen-framework\\src\\Concerns\\RoutesRequests.php(112): Laravel\\Lumen\\Application->dispatch(NULL)
#16 C:\\xampp\\htdocs\\ddsbegateway\\public\\index.php(28): Laravel\\Lumen\\Application->run()
#17 {main}
"} 
[2025-04-11 13:45:45] local.ERROR: Call to undefined method Laravel\Lumen\Routing\Router::middleware() {"exception":"[object] (Error(code: 0): Call to undefined method Laravel\\Lumen\\Routing\\Router::middleware() at C:\\xampp\\htdocs\\ddsbegateway\\vendor\\illuminate\\support\\Facades\\Facade.php:338)
[stacktrace]
#0 C:\\xampp\\htdocs\\ddsbegateway\\vendor\\laravel\\passport\\routes\\web.php(19): Illuminate\\Support\\Facades\\Facade::__callStatic('middleware', Array)
#1 C:\\xampp\\htdocs\\ddsbegateway\\vendor\\illuminate\\support\\ServiceProvider.php(152): require('C:\\\\xampp\\\\htdocs...')
#2 C:\\xampp\\htdocs\\ddsbegateway\\vendor\\laravel\\passport\\src\\PassportServiceProvider.php(61): Illuminate\\Support\\ServiceProvider->loadRoutesFrom('C:\\\\xampp\\\\htdocs...')
#3 C:\\xampp\\htdocs\\ddsbegateway\\vendor\\laravel\\lumen-framework\\src\\Routing\\Router.php(62): Laravel\\Passport\\PassportServiceProvider->Laravel\\Passport\\{closure}(Object(Laravel\\Lumen\\Routing\\Router))
#4 C:\\xampp\\htdocs\\ddsbegateway\\vendor\\illuminate\\support\\Facades\\Facade.php(338): Laravel\\Lumen\\Routing\\Router->group(Array, Object(Closure))
#5 C:\\xampp\\htdocs\\ddsbegateway\\vendor\\laravel\\passport\\src\\PassportServiceProvider.php(56): Illuminate\\Support\\Facades\\Facade::__callStatic('group', Array)
#6 C:\\xampp\\htdocs\\ddsbegateway\\vendor\\laravel\\passport\\src\\PassportServiceProvider.php(39): Laravel\\Passport\\PassportServiceProvider->registerRoutes()
#7 C:\\xampp\\htdocs\\ddsbegateway\\vendor\\illuminate\\container\\BoundMethod.php(36): Laravel\\Passport\\PassportServiceProvider->boot()
#8 C:\\xampp\\htdocs\\ddsbegateway\\vendor\\illuminate\\container\\Util.php(41): Illuminate\\Container\\BoundMethod::Illuminate\\Container\\{closure}()
#9 C:\\xampp\\htdocs\\ddsbegateway\\vendor\\illuminate\\container\\BoundMethod.php(93): Illuminate\\Container\\Util::unwrapIfClosure(Object(Closure))
#10 C:\\xampp\\htdocs\\ddsbegateway\\vendor\\illuminate\\container\\BoundMethod.php(35): Illuminate\\Container\\BoundMethod::callBoundMethod(Object(Laravel\\Lumen\\Application), Array, Object(Closure))
#11 C:\\xampp\\htdocs\\ddsbegateway\\vendor\\illuminate\\container\\Container.php(661): Illuminate\\Container\\BoundMethod::call(Object(Laravel\\Lumen\\Application), Array, Array, NULL)
#12 C:\\xampp\\htdocs\\ddsbegateway\\vendor\\laravel\\lumen-framework\\src\\Application.php(277): Illuminate\\Container\\Container->call(Array)
#13 C:\\xampp\\htdocs\\ddsbegateway\\vendor\\laravel\\lumen-framework\\src\\Application.php(262): Laravel\\Lumen\\Application->bootProvider(Object(Laravel\\Passport\\PassportServiceProvider))
#14 C:\\xampp\\htdocs\\ddsbegateway\\vendor\\laravel\\lumen-framework\\src\\Concerns\\RoutesRequests.php(163): Laravel\\Lumen\\Application->boot()
#15 C:\\xampp\\htdocs\\ddsbegateway\\vendor\\laravel\\lumen-framework\\src\\Concerns\\RoutesRequests.php(112): Laravel\\Lumen\\Application->dispatch(NULL)
#16 C:\\xampp\\htdocs\\ddsbegateway\\public\\index.php(28): Laravel\\Lumen\\Application->run()
#17 {main}
"} 
[2025-04-11 13:45:47] local.ERROR: Call to undefined method Laravel\Lumen\Routing\Router::middleware() {"exception":"[object] (Error(code: 0): Call to undefined method Laravel\\Lumen\\Routing\\Router::middleware() at C:\\xampp\\htdocs\\ddsbegateway\\vendor\\illuminate\\support\\Facades\\Facade.php:338)
[stacktrace]
#0 C:\\xampp\\htdocs\\ddsbegateway\\vendor\\laravel\\passport\\routes\\web.php(19): Illuminate\\Support\\Facades\\Facade::__callStatic('middleware', Array)
#1 C:\\xampp\\htdocs\\ddsbegateway\\vendor\\illuminate\\support\\ServiceProvider.php(152): require('C:\\\\xampp\\\\htdocs...')
#2 C:\\xampp\\htdocs\\ddsbegateway\\vendor\\laravel\\passport\\src\\PassportServiceProvider.php(61): Illuminate\\Support\\ServiceProvider->loadRoutesFrom('C:\\\\xampp\\\\htdocs...')
#3 C:\\xampp\\htdocs\\ddsbegateway\\vendor\\laravel\\lumen-framework\\src\\Routing\\Router.php(62): Laravel\\Passport\\PassportServiceProvider->Laravel\\Passport\\{closure}(Object(Laravel\\Lumen\\Routing\\Router))
#4 C:\\xampp\\htdocs\\ddsbegateway\\vendor\\illuminate\\support\\Facades\\Facade.php(338): Laravel\\Lumen\\Routing\\Router->group(Array, Object(Closure))
#5 C:\\xampp\\htdocs\\ddsbegateway\\vendor\\laravel\\passport\\src\\PassportServiceProvider.php(56): Illuminate\\Support\\Facades\\Facade::__callStatic('group', Array)
#6 C:\\xampp\\htdocs\\ddsbegateway\\vendor\\laravel\\passport\\src\\PassportServiceProvider.php(39): Laravel\\Passport\\PassportServiceProvider->registerRoutes()
#7 C:\\xampp\\htdocs\\ddsbegateway\\vendor\\illuminate\\container\\BoundMethod.php(36): Laravel\\Passport\\PassportServiceProvider->boot()
#8 C:\\xampp\\htdocs\\ddsbegateway\\vendor\\illuminate\\container\\Util.php(41): Illuminate\\Container\\BoundMethod::Illuminate\\Container\\{closure}()
#9 C:\\xampp\\htdocs\\ddsbegateway\\vendor\\illuminate\\container\\BoundMethod.php(93): Illuminate\\Container\\Util::unwrapIfClosure(Object(Closure))
#10 C:\\xampp\\htdocs\\ddsbegateway\\vendor\\illuminate\\container\\BoundMethod.php(35): Illuminate\\Container\\BoundMethod::callBoundMethod(Object(Laravel\\Lumen\\Application), Array, Object(Closure))
#11 C:\\xampp\\htdocs\\ddsbegateway\\vendor\\illuminate\\container\\Container.php(661): Illuminate\\Container\\BoundMethod::call(Object(Laravel\\Lumen\\Application), Array, Array, NULL)
#12 C:\\xampp\\htdocs\\ddsbegateway\\vendor\\laravel\\lumen-framework\\src\\Application.php(277): Illuminate\\Container\\Container->call(Array)
#13 C:\\xampp\\htdocs\\ddsbegateway\\vendor\\laravel\\lumen-framework\\src\\Application.php(262): Laravel\\Lumen\\Application->bootProvider(Object(Laravel\\Passport\\PassportServiceProvider))
#14 C:\\xampp\\htdocs\\ddsbegateway\\vendor\\laravel\\lumen-framework\\src\\Concerns\\RoutesRequests.php(163): Laravel\\Lumen\\Application->boot()
#15 C:\\xampp\\htdocs\\ddsbegateway\\vendor\\laravel\\lumen-framework\\src\\Concerns\\RoutesRequests.php(112): Laravel\\Lumen\\Application->dispatch(NULL)
#16 C:\\xampp\\htdocs\\ddsbegateway\\public\\index.php(28): Laravel\\Lumen\\Application->run()
#17 {main}
"} 
[2025-04-11 13:46:19] local.ERROR: Call to undefined method Laravel\Lumen\Routing\Router::middleware() {"exception":"[object] (Error(code: 0): Call to undefined method Laravel\\Lumen\\Routing\\Router::middleware() at C:\\xampp\\htdocs\\ddsbegateway\\vendor\\illuminate\\support\\Facades\\Facade.php:338)
[stacktrace]
#0 C:\\xampp\\htdocs\\ddsbegateway\\vendor\\laravel\\passport\\routes\\web.php(19): Illuminate\\Support\\Facades\\Facade::__callStatic('middleware', Array)
#1 C:\\xampp\\htdocs\\ddsbegateway\\vendor\\illuminate\\support\\ServiceProvider.php(152): require('C:\\\\xampp\\\\htdocs...')
#2 C:\\xampp\\htdocs\\ddsbegateway\\vendor\\laravel\\passport\\src\\PassportServiceProvider.php(61): Illuminate\\Support\\ServiceProvider->loadRoutesFrom('C:\\\\xampp\\\\htdocs...')
#3 C:\\xampp\\htdocs\\ddsbegateway\\vendor\\laravel\\lumen-framework\\src\\Routing\\Router.php(62): Laravel\\Passport\\PassportServiceProvider->Laravel\\Passport\\{closure}(Object(Laravel\\Lumen\\Routing\\Router))
#4 C:\\xampp\\htdocs\\ddsbegateway\\vendor\\illuminate\\support\\Facades\\Facade.php(338): Laravel\\Lumen\\Routing\\Router->group(Array, Object(Closure))
#5 C:\\xampp\\htdocs\\ddsbegateway\\vendor\\laravel\\passport\\src\\PassportServiceProvider.php(56): Illuminate\\Support\\Facades\\Facade::__callStatic('group', Array)
#6 C:\\xampp\\htdocs\\ddsbegateway\\vendor\\laravel\\passport\\src\\PassportServiceProvider.php(39): Laravel\\Passport\\PassportServiceProvider->registerRoutes()
#7 C:\\xampp\\htdocs\\ddsbegateway\\vendor\\illuminate\\container\\BoundMethod.php(36): Laravel\\Passport\\PassportServiceProvider->boot()
#8 C:\\xampp\\htdocs\\ddsbegateway\\vendor\\illuminate\\container\\Util.php(41): Illuminate\\Container\\BoundMethod::Illuminate\\Container\\{closure}()
#9 C:\\xampp\\htdocs\\ddsbegateway\\vendor\\illuminate\\container\\BoundMethod.php(93): Illuminate\\Container\\Util::unwrapIfClosure(Object(Closure))
#10 C:\\xampp\\htdocs\\ddsbegateway\\vendor\\illuminate\\container\\BoundMethod.php(35): Illuminate\\Container\\BoundMethod::callBoundMethod(Object(Laravel\\Lumen\\Application), Array, Object(Closure))
#11 C:\\xampp\\htdocs\\ddsbegateway\\vendor\\illuminate\\container\\Container.php(661): Illuminate\\Container\\BoundMethod::call(Object(Laravel\\Lumen\\Application), Array, Array, NULL)
#12 C:\\xampp\\htdocs\\ddsbegateway\\vendor\\laravel\\lumen-framework\\src\\Application.php(277): Illuminate\\Container\\Container->call(Array)
#13 C:\\xampp\\htdocs\\ddsbegateway\\vendor\\laravel\\lumen-framework\\src\\Application.php(262): Laravel\\Lumen\\Application->bootProvider(Object(Laravel\\Passport\\PassportServiceProvider))
#14 C:\\xampp\\htdocs\\ddsbegateway\\vendor\\laravel\\lumen-framework\\src\\Concerns\\RoutesRequests.php(163): Laravel\\Lumen\\Application->boot()
#15 C:\\xampp\\htdocs\\ddsbegateway\\vendor\\laravel\\lumen-framework\\src\\Concerns\\RoutesRequests.php(112): Laravel\\Lumen\\Application->dispatch(NULL)
#16 C:\\xampp\\htdocs\\ddsbegateway\\public\\index.php(28): Laravel\\Lumen\\Application->run()
#17 {main}
"} 
[2025-04-11 13:46:21] local.ERROR: Call to undefined method Laravel\Lumen\Routing\Router::middleware() {"exception":"[object] (Error(code: 0): Call to undefined method Laravel\\Lumen\\Routing\\Router::middleware() at C:\\xampp\\htdocs\\ddsbegateway\\vendor\\illuminate\\support\\Facades\\Facade.php:338)
[stacktrace]
#0 C:\\xampp\\htdocs\\ddsbegateway\\vendor\\laravel\\passport\\routes\\web.php(19): Illuminate\\Support\\Facades\\Facade::__callStatic('middleware', Array)
#1 C:\\xampp\\htdocs\\ddsbegateway\\vendor\\illuminate\\support\\ServiceProvider.php(152): require('C:\\\\xampp\\\\htdocs...')
#2 C:\\xampp\\htdocs\\ddsbegateway\\vendor\\laravel\\passport\\src\\PassportServiceProvider.php(61): Illuminate\\Support\\ServiceProvider->loadRoutesFrom('C:\\\\xampp\\\\htdocs...')
#3 C:\\xampp\\htdocs\\ddsbegateway\\vendor\\laravel\\lumen-framework\\src\\Routing\\Router.php(62): Laravel\\Passport\\PassportServiceProvider->Laravel\\Passport\\{closure}(Object(Laravel\\Lumen\\Routing\\Router))
#4 C:\\xampp\\htdocs\\ddsbegateway\\vendor\\illuminate\\support\\Facades\\Facade.php(338): Laravel\\Lumen\\Routing\\Router->group(Array, Object(Closure))
#5 C:\\xampp\\htdocs\\ddsbegateway\\vendor\\laravel\\passport\\src\\PassportServiceProvider.php(56): Illuminate\\Support\\Facades\\Facade::__callStatic('group', Array)
#6 C:\\xampp\\htdocs\\ddsbegateway\\vendor\\laravel\\passport\\src\\PassportServiceProvider.php(39): Laravel\\Passport\\PassportServiceProvider->registerRoutes()
#7 C:\\xampp\\htdocs\\ddsbegateway\\vendor\\illuminate\\container\\BoundMethod.php(36): Laravel\\Passport\\PassportServiceProvider->boot()
#8 C:\\xampp\\htdocs\\ddsbegateway\\vendor\\illuminate\\container\\Util.php(41): Illuminate\\Container\\BoundMethod::Illuminate\\Container\\{closure}()
#9 C:\\xampp\\htdocs\\ddsbegateway\\vendor\\illuminate\\container\\BoundMethod.php(93): Illuminate\\Container\\Util::unwrapIfClosure(Object(Closure))
#10 C:\\xampp\\htdocs\\ddsbegateway\\vendor\\illuminate\\container\\BoundMethod.php(35): Illuminate\\Container\\BoundMethod::callBoundMethod(Object(Laravel\\Lumen\\Application), Array, Object(Closure))
#11 C:\\xampp\\htdocs\\ddsbegateway\\vendor\\illuminate\\container\\Container.php(661): Illuminate\\Container\\BoundMethod::call(Object(Laravel\\Lumen\\Application), Array, Array, NULL)
#12 C:\\xampp\\htdocs\\ddsbegateway\\vendor\\laravel\\lumen-framework\\src\\Application.php(277): Illuminate\\Container\\Container->call(Array)
#13 C:\\xampp\\htdocs\\ddsbegateway\\vendor\\laravel\\lumen-framework\\src\\Application.php(262): Laravel\\Lumen\\Application->bootProvider(Object(Laravel\\Passport\\PassportServiceProvider))
#14 C:\\xampp\\htdocs\\ddsbegateway\\vendor\\laravel\\lumen-framework\\src\\Concerns\\RoutesRequests.php(163): Laravel\\Lumen\\Application->boot()
#15 C:\\xampp\\htdocs\\ddsbegateway\\vendor\\laravel\\lumen-framework\\src\\Concerns\\RoutesRequests.php(112): Laravel\\Lumen\\Application->dispatch(NULL)
#16 C:\\xampp\\htdocs\\ddsbegateway\\public\\index.php(28): Laravel\\Lumen\\Application->run()
#17 {main}
"} 
[2025-04-11 13:46:22] local.ERROR: Call to undefined method Laravel\Lumen\Routing\Router::middleware() {"exception":"[object] (Error(code: 0): Call to undefined method Laravel\\Lumen\\Routing\\Router::middleware() at C:\\xampp\\htdocs\\ddsbegateway\\vendor\\illuminate\\support\\Facades\\Facade.php:338)
[stacktrace]
#0 C:\\xampp\\htdocs\\ddsbegateway\\vendor\\laravel\\passport\\routes\\web.php(19): Illuminate\\Support\\Facades\\Facade::__callStatic('middleware', Array)
#1 C:\\xampp\\htdocs\\ddsbegateway\\vendor\\illuminate\\support\\ServiceProvider.php(152): require('C:\\\\xampp\\\\htdocs...')
#2 C:\\xampp\\htdocs\\ddsbegateway\\vendor\\laravel\\passport\\src\\PassportServiceProvider.php(61): Illuminate\\Support\\ServiceProvider->loadRoutesFrom('C:\\\\xampp\\\\htdocs...')
#3 C:\\xampp\\htdocs\\ddsbegateway\\vendor\\laravel\\lumen-framework\\src\\Routing\\Router.php(62): Laravel\\Passport\\PassportServiceProvider->Laravel\\Passport\\{closure}(Object(Laravel\\Lumen\\Routing\\Router))
#4 C:\\xampp\\htdocs\\ddsbegateway\\vendor\\illuminate\\support\\Facades\\Facade.php(338): Laravel\\Lumen\\Routing\\Router->group(Array, Object(Closure))
#5 C:\\xampp\\htdocs\\ddsbegateway\\vendor\\laravel\\passport\\src\\PassportServiceProvider.php(56): Illuminate\\Support\\Facades\\Facade::__callStatic('group', Array)
#6 C:\\xampp\\htdocs\\ddsbegateway\\vendor\\laravel\\passport\\src\\PassportServiceProvider.php(39): Laravel\\Passport\\PassportServiceProvider->registerRoutes()
#7 C:\\xampp\\htdocs\\ddsbegateway\\vendor\\illuminate\\container\\BoundMethod.php(36): Laravel\\Passport\\PassportServiceProvider->boot()
#8 C:\\xampp\\htdocs\\ddsbegateway\\vendor\\illuminate\\container\\Util.php(41): Illuminate\\Container\\BoundMethod::Illuminate\\Container\\{closure}()
#9 C:\\xampp\\htdocs\\ddsbegateway\\vendor\\illuminate\\container\\BoundMethod.php(93): Illuminate\\Container\\Util::unwrapIfClosure(Object(Closure))
#10 C:\\xampp\\htdocs\\ddsbegateway\\vendor\\illuminate\\container\\BoundMethod.php(35): Illuminate\\Container\\BoundMethod::callBoundMethod(Object(Laravel\\Lumen\\Application), Array, Object(Closure))
#11 C:\\xampp\\htdocs\\ddsbegateway\\vendor\\illuminate\\container\\Container.php(661): Illuminate\\Container\\BoundMethod::call(Object(Laravel\\Lumen\\Application), Array, Array, NULL)
#12 C:\\xampp\\htdocs\\ddsbegateway\\vendor\\laravel\\lumen-framework\\src\\Application.php(277): Illuminate\\Container\\Container->call(Array)
#13 C:\\xampp\\htdocs\\ddsbegateway\\vendor\\laravel\\lumen-framework\\src\\Application.php(262): Laravel\\Lumen\\Application->bootProvider(Object(Laravel\\Passport\\PassportServiceProvider))
#14 C:\\xampp\\htdocs\\ddsbegateway\\vendor\\laravel\\lumen-framework\\src\\Concerns\\RoutesRequests.php(163): Laravel\\Lumen\\Application->boot()
#15 C:\\xampp\\htdocs\\ddsbegateway\\vendor\\laravel\\lumen-framework\\src\\Concerns\\RoutesRequests.php(112): Laravel\\Lumen\\Application->dispatch(NULL)
#16 C:\\xampp\\htdocs\\ddsbegateway\\public\\index.php(28): Laravel\\Lumen\\Application->run()
#17 {main}
"} 
[2025-04-11 13:53:49] local.ERROR: Call to undefined method Laravel\Lumen\Routing\Router::middleware() {"exception":"[object] (Error(code: 0): Call to undefined method Laravel\\Lumen\\Routing\\Router::middleware() at C:\\xampp\\htdocs\\ddsbegateway\\vendor\\illuminate\\support\\Facades\\Facade.php:338)
[stacktrace]
#0 C:\\xampp\\htdocs\\ddsbegateway\\vendor\\laravel\\passport\\routes\\web.php(19): Illuminate\\Support\\Facades\\Facade::__callStatic('middleware', Array)
#1 C:\\xampp\\htdocs\\ddsbegateway\\vendor\\illuminate\\support\\ServiceProvider.php(152): require('C:\\\\xampp\\\\htdocs...')
#2 C:\\xampp\\htdocs\\ddsbegateway\\vendor\\laravel\\passport\\src\\PassportServiceProvider.php(61): Illuminate\\Support\\ServiceProvider->loadRoutesFrom('C:\\\\xampp\\\\htdocs...')
#3 C:\\xampp\\htdocs\\ddsbegateway\\vendor\\laravel\\lumen-framework\\src\\Routing\\Router.php(62): Laravel\\Passport\\PassportServiceProvider->Laravel\\Passport\\{closure}(Object(Laravel\\Lumen\\Routing\\Router))
#4 C:\\xampp\\htdocs\\ddsbegateway\\vendor\\illuminate\\support\\Facades\\Facade.php(338): Laravel\\Lumen\\Routing\\Router->group(Array, Object(Closure))
#5 C:\\xampp\\htdocs\\ddsbegateway\\vendor\\laravel\\passport\\src\\PassportServiceProvider.php(56): Illuminate\\Support\\Facades\\Facade::__callStatic('group', Array)
#6 C:\\xampp\\htdocs\\ddsbegateway\\vendor\\laravel\\passport\\src\\PassportServiceProvider.php(39): Laravel\\Passport\\PassportServiceProvider->registerRoutes()
#7 C:\\xampp\\htdocs\\ddsbegateway\\vendor\\illuminate\\container\\BoundMethod.php(36): Laravel\\Passport\\PassportServiceProvider->boot()
#8 C:\\xampp\\htdocs\\ddsbegateway\\vendor\\illuminate\\container\\Util.php(41): Illuminate\\Container\\BoundMethod::Illuminate\\Container\\{closure}()
#9 C:\\xampp\\htdocs\\ddsbegateway\\vendor\\illuminate\\container\\BoundMethod.php(93): Illuminate\\Container\\Util::unwrapIfClosure(Object(Closure))
#10 C:\\xampp\\htdocs\\ddsbegateway\\vendor\\illuminate\\container\\BoundMethod.php(35): Illuminate\\Container\\BoundMethod::callBoundMethod(Object(Laravel\\Lumen\\Application), Array, Object(Closure))
#11 C:\\xampp\\htdocs\\ddsbegateway\\vendor\\illuminate\\container\\Container.php(661): Illuminate\\Container\\BoundMethod::call(Object(Laravel\\Lumen\\Application), Array, Array, NULL)
#12 C:\\xampp\\htdocs\\ddsbegateway\\vendor\\laravel\\lumen-framework\\src\\Application.php(277): Illuminate\\Container\\Container->call(Array)
#13 C:\\xampp\\htdocs\\ddsbegateway\\vendor\\laravel\\lumen-framework\\src\\Application.php(262): Laravel\\Lumen\\Application->bootProvider(Object(Laravel\\Passport\\PassportServiceProvider))
#14 C:\\xampp\\htdocs\\ddsbegateway\\vendor\\laravel\\lumen-framework\\src\\Console\\Kernel.php(114): Laravel\\Lumen\\Application->boot()
#15 C:\\xampp\\htdocs\\ddsbegateway\\artisan(35): Laravel\\Lumen\\Console\\Kernel->handle(Object(Symfony\\Component\\Console\\Input\\ArgvInput), Object(Symfony\\Component\\Console\\Output\\ConsoleOutput))
#16 {main}
"} 
[2025-04-11 14:53:16] local.ERROR: Call to undefined method Laravel\Lumen\Routing\Router::middleware() {"exception":"[object] (Error(code: 0): Call to undefined method Laravel\\Lumen\\Routing\\Router::middleware() at C:\\xampp\\htdocs\\ddsbegateway\\vendor\\illuminate\\support\\Facades\\Facade.php:338)
[stacktrace]
#0 C:\\xampp\\htdocs\\ddsbegateway\\vendor\\laravel\\passport\\routes\\web.php(19): Illuminate\\Support\\Facades\\Facade::__callStatic('middleware', Array)
#1 C:\\xampp\\htdocs\\ddsbegateway\\vendor\\illuminate\\support\\ServiceProvider.php(152): require('C:\\\\xampp\\\\htdocs...')
#2 C:\\xampp\\htdocs\\ddsbegateway\\vendor\\laravel\\passport\\src\\PassportServiceProvider.php(61): Illuminate\\Support\\ServiceProvider->loadRoutesFrom('C:\\\\xampp\\\\htdocs...')
#3 C:\\xampp\\htdocs\\ddsbegateway\\vendor\\laravel\\lumen-framework\\src\\Routing\\Router.php(62): Laravel\\Passport\\PassportServiceProvider->Laravel\\Passport\\{closure}(Object(Laravel\\Lumen\\Routing\\Router))
#4 C:\\xampp\\htdocs\\ddsbegateway\\vendor\\illuminate\\support\\Facades\\Facade.php(338): Laravel\\Lumen\\Routing\\Router->group(Array, Object(Closure))
#5 C:\\xampp\\htdocs\\ddsbegateway\\vendor\\laravel\\passport\\src\\PassportServiceProvider.php(56): Illuminate\\Support\\Facades\\Facade::__callStatic('group', Array)
#6 C:\\xampp\\htdocs\\ddsbegateway\\vendor\\laravel\\passport\\src\\PassportServiceProvider.php(39): Laravel\\Passport\\PassportServiceProvider->registerRoutes()
#7 C:\\xampp\\htdocs\\ddsbegateway\\vendor\\illuminate\\container\\BoundMethod.php(36): Laravel\\Passport\\PassportServiceProvider->boot()
#8 C:\\xampp\\htdocs\\ddsbegateway\\vendor\\illuminate\\container\\Util.php(41): Illuminate\\Container\\BoundMethod::Illuminate\\Container\\{closure}()
#9 C:\\xampp\\htdocs\\ddsbegateway\\vendor\\illuminate\\container\\BoundMethod.php(93): Illuminate\\Container\\Util::unwrapIfClosure(Object(Closure))
#10 C:\\xampp\\htdocs\\ddsbegateway\\vendor\\illuminate\\container\\BoundMethod.php(35): Illuminate\\Container\\BoundMethod::callBoundMethod(Object(Laravel\\Lumen\\Application), Array, Object(Closure))
#11 C:\\xampp\\htdocs\\ddsbegateway\\vendor\\illuminate\\container\\Container.php(661): Illuminate\\Container\\BoundMethod::call(Object(Laravel\\Lumen\\Application), Array, Array, NULL)
#12 C:\\xampp\\htdocs\\ddsbegateway\\vendor\\laravel\\lumen-framework\\src\\Application.php(277): Illuminate\\Container\\Container->call(Array)
#13 C:\\xampp\\htdocs\\ddsbegateway\\vendor\\laravel\\lumen-framework\\src\\Application.php(262): Laravel\\Lumen\\Application->bootProvider(Object(Laravel\\Passport\\PassportServiceProvider))
#14 C:\\xampp\\htdocs\\ddsbegateway\\vendor\\laravel\\lumen-framework\\src\\Concerns\\RoutesRequests.php(163): Laravel\\Lumen\\Application->boot()
#15 C:\\xampp\\htdocs\\ddsbegateway\\vendor\\laravel\\lumen-framework\\src\\Concerns\\RoutesRequests.php(112): Laravel\\Lumen\\Application->dispatch(NULL)
#16 C:\\xampp\\htdocs\\ddsbegateway\\public\\index.php(28): Laravel\\Lumen\\Application->run()
#17 {main}
"} 
[2025-04-11 14:59:19] local.ERROR: Call to undefined method Laravel\Lumen\Routing\Router::middleware() {"exception":"[object] (Error(code: 0): Call to undefined method Laravel\\Lumen\\Routing\\Router::middleware() at C:\\xampp\\htdocs\\ddsbegateway\\vendor\\illuminate\\support\\Facades\\Facade.php:338)
[stacktrace]
#0 C:\\xampp\\htdocs\\ddsbegateway\\vendor\\laravel\\passport\\routes\\web.php(19): Illuminate\\Support\\Facades\\Facade::__callStatic('middleware', Array)
#1 C:\\xampp\\htdocs\\ddsbegateway\\vendor\\illuminate\\support\\ServiceProvider.php(152): require('C:\\\\xampp\\\\htdocs...')
#2 C:\\xampp\\htdocs\\ddsbegateway\\vendor\\laravel\\passport\\src\\PassportServiceProvider.php(61): Illuminate\\Support\\ServiceProvider->loadRoutesFrom('C:\\\\xampp\\\\htdocs...')
#3 C:\\xampp\\htdocs\\ddsbegateway\\vendor\\laravel\\lumen-framework\\src\\Routing\\Router.php(62): Laravel\\Passport\\PassportServiceProvider->Laravel\\Passport\\{closure}(Object(Laravel\\Lumen\\Routing\\Router))
#4 C:\\xampp\\htdocs\\ddsbegateway\\vendor\\illuminate\\support\\Facades\\Facade.php(338): Laravel\\Lumen\\Routing\\Router->group(Array, Object(Closure))
#5 C:\\xampp\\htdocs\\ddsbegateway\\vendor\\laravel\\passport\\src\\PassportServiceProvider.php(56): Illuminate\\Support\\Facades\\Facade::__callStatic('group', Array)
#6 C:\\xampp\\htdocs\\ddsbegateway\\vendor\\laravel\\passport\\src\\PassportServiceProvider.php(39): Laravel\\Passport\\PassportServiceProvider->registerRoutes()
#7 C:\\xampp\\htdocs\\ddsbegateway\\vendor\\illuminate\\container\\BoundMethod.php(36): Laravel\\Passport\\PassportServiceProvider->boot()
#8 C:\\xampp\\htdocs\\ddsbegateway\\vendor\\illuminate\\container\\Util.php(41): Illuminate\\Container\\BoundMethod::Illuminate\\Container\\{closure}()
#9 C:\\xampp\\htdocs\\ddsbegateway\\vendor\\illuminate\\container\\BoundMethod.php(93): Illuminate\\Container\\Util::unwrapIfClosure(Object(Closure))
#10 C:\\xampp\\htdocs\\ddsbegateway\\vendor\\illuminate\\container\\BoundMethod.php(35): Illuminate\\Container\\BoundMethod::callBoundMethod(Object(Laravel\\Lumen\\Application), Array, Object(Closure))
#11 C:\\xampp\\htdocs\\ddsbegateway\\vendor\\illuminate\\container\\Container.php(661): Illuminate\\Container\\BoundMethod::call(Object(Laravel\\Lumen\\Application), Array, Array, NULL)
#12 C:\\xampp\\htdocs\\ddsbegateway\\vendor\\laravel\\lumen-framework\\src\\Application.php(277): Illuminate\\Container\\Container->call(Array)
#13 C:\\xampp\\htdocs\\ddsbegateway\\vendor\\laravel\\lumen-framework\\src\\Application.php(262): Laravel\\Lumen\\Application->bootProvider(Object(Laravel\\Passport\\PassportServiceProvider))
#14 C:\\xampp\\htdocs\\ddsbegateway\\vendor\\laravel\\lumen-framework\\src\\Concerns\\RoutesRequests.php(163): Laravel\\Lumen\\Application->boot()
#15 C:\\xampp\\htdocs\\ddsbegateway\\vendor\\laravel\\lumen-framework\\src\\Concerns\\RoutesRequests.php(112): Laravel\\Lumen\\Application->dispatch(NULL)
#16 C:\\xampp\\htdocs\\ddsbegateway\\public\\index.php(28): Laravel\\Lumen\\Application->run()
#17 {main}
"} 
[2025-04-11 14:59:21] local.ERROR: Call to undefined method Laravel\Lumen\Routing\Router::middleware() {"exception":"[object] (Error(code: 0): Call to undefined method Laravel\\Lumen\\Routing\\Router::middleware() at C:\\xampp\\htdocs\\ddsbegateway\\vendor\\illuminate\\support\\Facades\\Facade.php:338)
[stacktrace]
#0 C:\\xampp\\htdocs\\ddsbegateway\\vendor\\laravel\\passport\\routes\\web.php(19): Illuminate\\Support\\Facades\\Facade::__callStatic('middleware', Array)
#1 C:\\xampp\\htdocs\\ddsbegateway\\vendor\\illuminate\\support\\ServiceProvider.php(152): require('C:\\\\xampp\\\\htdocs...')
#2 C:\\xampp\\htdocs\\ddsbegateway\\vendor\\laravel\\passport\\src\\PassportServiceProvider.php(61): Illuminate\\Support\\ServiceProvider->loadRoutesFrom('C:\\\\xampp\\\\htdocs...')
#3 C:\\xampp\\htdocs\\ddsbegateway\\vendor\\laravel\\lumen-framework\\src\\Routing\\Router.php(62): Laravel\\Passport\\PassportServiceProvider->Laravel\\Passport\\{closure}(Object(Laravel\\Lumen\\Routing\\Router))
#4 C:\\xampp\\htdocs\\ddsbegateway\\vendor\\illuminate\\support\\Facades\\Facade.php(338): Laravel\\Lumen\\Routing\\Router->group(Array, Object(Closure))
#5 C:\\xampp\\htdocs\\ddsbegateway\\vendor\\laravel\\passport\\src\\PassportServiceProvider.php(56): Illuminate\\Support\\Facades\\Facade::__callStatic('group', Array)
#6 C:\\xampp\\htdocs\\ddsbegateway\\vendor\\laravel\\passport\\src\\PassportServiceProvider.php(39): Laravel\\Passport\\PassportServiceProvider->registerRoutes()
#7 C:\\xampp\\htdocs\\ddsbegateway\\vendor\\illuminate\\container\\BoundMethod.php(36): Laravel\\Passport\\PassportServiceProvider->boot()
#8 C:\\xampp\\htdocs\\ddsbegateway\\vendor\\illuminate\\container\\Util.php(41): Illuminate\\Container\\BoundMethod::Illuminate\\Container\\{closure}()
#9 C:\\xampp\\htdocs\\ddsbegateway\\vendor\\illuminate\\container\\BoundMethod.php(93): Illuminate\\Container\\Util::unwrapIfClosure(Object(Closure))
#10 C:\\xampp\\htdocs\\ddsbegateway\\vendor\\illuminate\\container\\BoundMethod.php(35): Illuminate\\Container\\BoundMethod::callBoundMethod(Object(Laravel\\Lumen\\Application), Array, Object(Closure))
#11 C:\\xampp\\htdocs\\ddsbegateway\\vendor\\illuminate\\container\\Container.php(661): Illuminate\\Container\\BoundMethod::call(Object(Laravel\\Lumen\\Application), Array, Array, NULL)
#12 C:\\xampp\\htdocs\\ddsbegateway\\vendor\\laravel\\lumen-framework\\src\\Application.php(277): Illuminate\\Container\\Container->call(Array)
#13 C:\\xampp\\htdocs\\ddsbegateway\\vendor\\laravel\\lumen-framework\\src\\Application.php(262): Laravel\\Lumen\\Application->bootProvider(Object(Laravel\\Passport\\PassportServiceProvider))
#14 C:\\xampp\\htdocs\\ddsbegateway\\vendor\\laravel\\lumen-framework\\src\\Concerns\\RoutesRequests.php(163): Laravel\\Lumen\\Application->boot()
#15 C:\\xampp\\htdocs\\ddsbegateway\\vendor\\laravel\\lumen-framework\\src\\Concerns\\RoutesRequests.php(112): Laravel\\Lumen\\Application->dispatch(NULL)
#16 C:\\xampp\\htdocs\\ddsbegateway\\public\\index.php(28): Laravel\\Lumen\\Application->run()
#17 {main}
"} 
[2025-04-11 14:59:24] local.ERROR: Call to undefined method Laravel\Lumen\Routing\Router::middleware() {"exception":"[object] (Error(code: 0): Call to undefined method Laravel\\Lumen\\Routing\\Router::middleware() at C:\\xampp\\htdocs\\ddsbegateway\\vendor\\illuminate\\support\\Facades\\Facade.php:338)
[stacktrace]
#0 C:\\xampp\\htdocs\\ddsbegateway\\vendor\\laravel\\passport\\routes\\web.php(19): Illuminate\\Support\\Facades\\Facade::__callStatic('middleware', Array)
#1 C:\\xampp\\htdocs\\ddsbegateway\\vendor\\illuminate\\support\\ServiceProvider.php(152): require('C:\\\\xampp\\\\htdocs...')
#2 C:\\xampp\\htdocs\\ddsbegateway\\vendor\\laravel\\passport\\src\\PassportServiceProvider.php(61): Illuminate\\Support\\ServiceProvider->loadRoutesFrom('C:\\\\xampp\\\\htdocs...')
#3 C:\\xampp\\htdocs\\ddsbegateway\\vendor\\laravel\\lumen-framework\\src\\Routing\\Router.php(62): Laravel\\Passport\\PassportServiceProvider->Laravel\\Passport\\{closure}(Object(Laravel\\Lumen\\Routing\\Router))
#4 C:\\xampp\\htdocs\\ddsbegateway\\vendor\\illuminate\\support\\Facades\\Facade.php(338): Laravel\\Lumen\\Routing\\Router->group(Array, Object(Closure))
#5 C:\\xampp\\htdocs\\ddsbegateway\\vendor\\laravel\\passport\\src\\PassportServiceProvider.php(56): Illuminate\\Support\\Facades\\Facade::__callStatic('group', Array)
#6 C:\\xampp\\htdocs\\ddsbegateway\\vendor\\laravel\\passport\\src\\PassportServiceProvider.php(39): Laravel\\Passport\\PassportServiceProvider->registerRoutes()
#7 C:\\xampp\\htdocs\\ddsbegateway\\vendor\\illuminate\\container\\BoundMethod.php(36): Laravel\\Passport\\PassportServiceProvider->boot()
#8 C:\\xampp\\htdocs\\ddsbegateway\\vendor\\illuminate\\container\\Util.php(41): Illuminate\\Container\\BoundMethod::Illuminate\\Container\\{closure}()
#9 C:\\xampp\\htdocs\\ddsbegateway\\vendor\\illuminate\\container\\BoundMethod.php(93): Illuminate\\Container\\Util::unwrapIfClosure(Object(Closure))
#10 C:\\xampp\\htdocs\\ddsbegateway\\vendor\\illuminate\\container\\BoundMethod.php(35): Illuminate\\Container\\BoundMethod::callBoundMethod(Object(Laravel\\Lumen\\Application), Array, Object(Closure))
#11 C:\\xampp\\htdocs\\ddsbegateway\\vendor\\illuminate\\container\\Container.php(661): Illuminate\\Container\\BoundMethod::call(Object(Laravel\\Lumen\\Application), Array, Array, NULL)
#12 C:\\xampp\\htdocs\\ddsbegateway\\vendor\\laravel\\lumen-framework\\src\\Application.php(277): Illuminate\\Container\\Container->call(Array)
#13 C:\\xampp\\htdocs\\ddsbegateway\\vendor\\laravel\\lumen-framework\\src\\Application.php(262): Laravel\\Lumen\\Application->bootProvider(Object(Laravel\\Passport\\PassportServiceProvider))
#14 C:\\xampp\\htdocs\\ddsbegateway\\vendor\\laravel\\lumen-framework\\src\\Concerns\\RoutesRequests.php(163): Laravel\\Lumen\\Application->boot()
#15 C:\\xampp\\htdocs\\ddsbegateway\\vendor\\laravel\\lumen-framework\\src\\Concerns\\RoutesRequests.php(112): Laravel\\Lumen\\Application->dispatch(NULL)
#16 C:\\xampp\\htdocs\\ddsbegateway\\public\\index.php(28): Laravel\\Lumen\\Application->run()
#17 {main}
"} 
[2025-04-11 15:04:02] local.ERROR: Call to undefined method Laravel\Lumen\Routing\Router::middleware() {"exception":"[object] (Error(code: 0): Call to undefined method Laravel\\Lumen\\Routing\\Router::middleware() at C:\\xampp\\htdocs\\ddsbegateway\\vendor\\illuminate\\support\\Facades\\Facade.php:338)
[stacktrace]
#0 C:\\xampp\\htdocs\\ddsbegateway\\vendor\\laravel\\passport\\routes\\web.php(19): Illuminate\\Support\\Facades\\Facade::__callStatic('middleware', Array)
#1 C:\\xampp\\htdocs\\ddsbegateway\\vendor\\illuminate\\support\\ServiceProvider.php(152): require('C:\\\\xampp\\\\htdocs...')
#2 C:\\xampp\\htdocs\\ddsbegateway\\vendor\\laravel\\passport\\src\\PassportServiceProvider.php(61): Illuminate\\Support\\ServiceProvider->loadRoutesFrom('C:\\\\xampp\\\\htdocs...')
#3 C:\\xampp\\htdocs\\ddsbegateway\\vendor\\laravel\\lumen-framework\\src\\Routing\\Router.php(62): Laravel\\Passport\\PassportServiceProvider->Laravel\\Passport\\{closure}(Object(Laravel\\Lumen\\Routing\\Router))
#4 C:\\xampp\\htdocs\\ddsbegateway\\vendor\\illuminate\\support\\Facades\\Facade.php(338): Laravel\\Lumen\\Routing\\Router->group(Array, Object(Closure))
#5 C:\\xampp\\htdocs\\ddsbegateway\\vendor\\laravel\\passport\\src\\PassportServiceProvider.php(56): Illuminate\\Support\\Facades\\Facade::__callStatic('group', Array)
#6 C:\\xampp\\htdocs\\ddsbegateway\\vendor\\laravel\\passport\\src\\PassportServiceProvider.php(39): Laravel\\Passport\\PassportServiceProvider->registerRoutes()
#7 C:\\xampp\\htdocs\\ddsbegateway\\vendor\\illuminate\\container\\BoundMethod.php(36): Laravel\\Passport\\PassportServiceProvider->boot()
#8 C:\\xampp\\htdocs\\ddsbegateway\\vendor\\illuminate\\container\\Util.php(41): Illuminate\\Container\\BoundMethod::Illuminate\\Container\\{closure}()
#9 C:\\xampp\\htdocs\\ddsbegateway\\vendor\\illuminate\\container\\BoundMethod.php(93): Illuminate\\Container\\Util::unwrapIfClosure(Object(Closure))
#10 C:\\xampp\\htdocs\\ddsbegateway\\vendor\\illuminate\\container\\BoundMethod.php(35): Illuminate\\Container\\BoundMethod::callBoundMethod(Object(Laravel\\Lumen\\Application), Array, Object(Closure))
#11 C:\\xampp\\htdocs\\ddsbegateway\\vendor\\illuminate\\container\\Container.php(661): Illuminate\\Container\\BoundMethod::call(Object(Laravel\\Lumen\\Application), Array, Array, NULL)
#12 C:\\xampp\\htdocs\\ddsbegateway\\vendor\\laravel\\lumen-framework\\src\\Application.php(277): Illuminate\\Container\\Container->call(Array)
#13 C:\\xampp\\htdocs\\ddsbegateway\\vendor\\laravel\\lumen-framework\\src\\Application.php(262): Laravel\\Lumen\\Application->bootProvider(Object(Laravel\\Passport\\PassportServiceProvider))
#14 C:\\xampp\\htdocs\\ddsbegateway\\vendor\\laravel\\lumen-framework\\src\\Concerns\\RoutesRequests.php(163): Laravel\\Lumen\\Application->boot()
#15 C:\\xampp\\htdocs\\ddsbegateway\\vendor\\laravel\\lumen-framework\\src\\Concerns\\RoutesRequests.php(112): Laravel\\Lumen\\Application->dispatch(NULL)
#16 C:\\xampp\\htdocs\\ddsbegateway\\public\\index.php(28): Laravel\\Lumen\\Application->run()
#17 {main}
"} 
[2025-04-11 15:07:09] local.ERROR: Call to undefined method Laravel\Lumen\Routing\Router::middleware() {"exception":"[object] (Error(code: 0): Call to undefined method Laravel\\Lumen\\Routing\\Router::middleware() at C:\\xampp\\htdocs\\ddsbegateway\\vendor\\illuminate\\support\\Facades\\Facade.php:338)
[stacktrace]
#0 C:\\xampp\\htdocs\\ddsbegateway\\vendor\\laravel\\passport\\routes\\web.php(19): Illuminate\\Support\\Facades\\Facade::__callStatic('middleware', Array)
#1 C:\\xampp\\htdocs\\ddsbegateway\\vendor\\illuminate\\support\\ServiceProvider.php(152): require('C:\\\\xampp\\\\htdocs...')
#2 C:\\xampp\\htdocs\\ddsbegateway\\vendor\\laravel\\passport\\src\\PassportServiceProvider.php(61): Illuminate\\Support\\ServiceProvider->loadRoutesFrom('C:\\\\xampp\\\\htdocs...')
#3 C:\\xampp\\htdocs\\ddsbegateway\\vendor\\laravel\\lumen-framework\\src\\Routing\\Router.php(62): Laravel\\Passport\\PassportServiceProvider->Laravel\\Passport\\{closure}(Object(Laravel\\Lumen\\Routing\\Router))
#4 C:\\xampp\\htdocs\\ddsbegateway\\vendor\\illuminate\\support\\Facades\\Facade.php(338): Laravel\\Lumen\\Routing\\Router->group(Array, Object(Closure))
#5 C:\\xampp\\htdocs\\ddsbegateway\\vendor\\laravel\\passport\\src\\PassportServiceProvider.php(56): Illuminate\\Support\\Facades\\Facade::__callStatic('group', Array)
#6 C:\\xampp\\htdocs\\ddsbegateway\\vendor\\laravel\\passport\\src\\PassportServiceProvider.php(39): Laravel\\Passport\\PassportServiceProvider->registerRoutes()
#7 C:\\xampp\\htdocs\\ddsbegateway\\vendor\\illuminate\\container\\BoundMethod.php(36): Laravel\\Passport\\PassportServiceProvider->boot()
#8 C:\\xampp\\htdocs\\ddsbegateway\\vendor\\illuminate\\container\\Util.php(41): Illuminate\\Container\\BoundMethod::Illuminate\\Container\\{closure}()
#9 C:\\xampp\\htdocs\\ddsbegateway\\vendor\\illuminate\\container\\BoundMethod.php(93): Illuminate\\Container\\Util::unwrapIfClosure(Object(Closure))
#10 C:\\xampp\\htdocs\\ddsbegateway\\vendor\\illuminate\\container\\BoundMethod.php(35): Illuminate\\Container\\BoundMethod::callBoundMethod(Object(Laravel\\Lumen\\Application), Array, Object(Closure))
#11 C:\\xampp\\htdocs\\ddsbegateway\\vendor\\illuminate\\container\\Container.php(661): Illuminate\\Container\\BoundMethod::call(Object(Laravel\\Lumen\\Application), Array, Array, NULL)
#12 C:\\xampp\\htdocs\\ddsbegateway\\vendor\\laravel\\lumen-framework\\src\\Application.php(277): Illuminate\\Container\\Container->call(Array)
#13 C:\\xampp\\htdocs\\ddsbegateway\\vendor\\laravel\\lumen-framework\\src\\Application.php(262): Laravel\\Lumen\\Application->bootProvider(Object(Laravel\\Passport\\PassportServiceProvider))
#14 C:\\xampp\\htdocs\\ddsbegateway\\vendor\\laravel\\lumen-framework\\src\\Concerns\\RoutesRequests.php(163): Laravel\\Lumen\\Application->boot()
#15 C:\\xampp\\htdocs\\ddsbegateway\\vendor\\laravel\\lumen-framework\\src\\Concerns\\RoutesRequests.php(112): Laravel\\Lumen\\Application->dispatch(NULL)
#16 C:\\xampp\\htdocs\\ddsbegateway\\public\\index.php(28): Laravel\\Lumen\\Application->run()
#17 {main}
"} 
[2025-04-11 15:07:10] local.ERROR: Call to undefined method Laravel\Lumen\Routing\Router::middleware() {"exception":"[object] (Error(code: 0): Call to undefined method Laravel\\Lumen\\Routing\\Router::middleware() at C:\\xampp\\htdocs\\ddsbegateway\\vendor\\illuminate\\support\\Facades\\Facade.php:338)
[stacktrace]
#0 C:\\xampp\\htdocs\\ddsbegateway\\vendor\\laravel\\passport\\routes\\web.php(19): Illuminate\\Support\\Facades\\Facade::__callStatic('middleware', Array)
#1 C:\\xampp\\htdocs\\ddsbegateway\\vendor\\illuminate\\support\\ServiceProvider.php(152): require('C:\\\\xampp\\\\htdocs...')
#2 C:\\xampp\\htdocs\\ddsbegateway\\vendor\\laravel\\passport\\src\\PassportServiceProvider.php(61): Illuminate\\Support\\ServiceProvider->loadRoutesFrom('C:\\\\xampp\\\\htdocs...')
#3 C:\\xampp\\htdocs\\ddsbegateway\\vendor\\laravel\\lumen-framework\\src\\Routing\\Router.php(62): Laravel\\Passport\\PassportServiceProvider->Laravel\\Passport\\{closure}(Object(Laravel\\Lumen\\Routing\\Router))
#4 C:\\xampp\\htdocs\\ddsbegateway\\vendor\\illuminate\\support\\Facades\\Facade.php(338): Laravel\\Lumen\\Routing\\Router->group(Array, Object(Closure))
#5 C:\\xampp\\htdocs\\ddsbegateway\\vendor\\laravel\\passport\\src\\PassportServiceProvider.php(56): Illuminate\\Support\\Facades\\Facade::__callStatic('group', Array)
#6 C:\\xampp\\htdocs\\ddsbegateway\\vendor\\laravel\\passport\\src\\PassportServiceProvider.php(39): Laravel\\Passport\\PassportServiceProvider->registerRoutes()
#7 C:\\xampp\\htdocs\\ddsbegateway\\vendor\\illuminate\\container\\BoundMethod.php(36): Laravel\\Passport\\PassportServiceProvider->boot()
#8 C:\\xampp\\htdocs\\ddsbegateway\\vendor\\illuminate\\container\\Util.php(41): Illuminate\\Container\\BoundMethod::Illuminate\\Container\\{closure}()
#9 C:\\xampp\\htdocs\\ddsbegateway\\vendor\\illuminate\\container\\BoundMethod.php(93): Illuminate\\Container\\Util::unwrapIfClosure(Object(Closure))
#10 C:\\xampp\\htdocs\\ddsbegateway\\vendor\\illuminate\\container\\BoundMethod.php(35): Illuminate\\Container\\BoundMethod::callBoundMethod(Object(Laravel\\Lumen\\Application), Array, Object(Closure))
#11 C:\\xampp\\htdocs\\ddsbegateway\\vendor\\illuminate\\container\\Container.php(661): Illuminate\\Container\\BoundMethod::call(Object(Laravel\\Lumen\\Application), Array, Array, NULL)
#12 C:\\xampp\\htdocs\\ddsbegateway\\vendor\\laravel\\lumen-framework\\src\\Application.php(277): Illuminate\\Container\\Container->call(Array)
#13 C:\\xampp\\htdocs\\ddsbegateway\\vendor\\laravel\\lumen-framework\\src\\Application.php(262): Laravel\\Lumen\\Application->bootProvider(Object(Laravel\\Passport\\PassportServiceProvider))
#14 C:\\xampp\\htdocs\\ddsbegateway\\vendor\\laravel\\lumen-framework\\src\\Concerns\\RoutesRequests.php(163): Laravel\\Lumen\\Application->boot()
#15 C:\\xampp\\htdocs\\ddsbegateway\\vendor\\laravel\\lumen-framework\\src\\Concerns\\RoutesRequests.php(112): Laravel\\Lumen\\Application->dispatch(NULL)
#16 C:\\xampp\\htdocs\\ddsbegateway\\public\\index.php(28): Laravel\\Lumen\\Application->run()
#17 {main}
"} 
[2025-04-11 15:12:30] local.ERROR: Call to undefined method Laravel\Lumen\Routing\Router::middleware() {"exception":"[object] (Error(code: 0): Call to undefined method Laravel\\Lumen\\Routing\\Router::middleware() at C:\\xampp\\htdocs\\ddsbegateway\\vendor\\illuminate\\support\\Facades\\Facade.php:338)
[stacktrace]
#0 C:\\xampp\\htdocs\\ddsbegateway\\vendor\\laravel\\passport\\routes\\web.php(19): Illuminate\\Support\\Facades\\Facade::__callStatic('middleware', Array)
#1 C:\\xampp\\htdocs\\ddsbegateway\\vendor\\illuminate\\support\\ServiceProvider.php(152): require('C:\\\\xampp\\\\htdocs...')
#2 C:\\xampp\\htdocs\\ddsbegateway\\vendor\\laravel\\passport\\src\\PassportServiceProvider.php(61): Illuminate\\Support\\ServiceProvider->loadRoutesFrom('C:\\\\xampp\\\\htdocs...')
#3 C:\\xampp\\htdocs\\ddsbegateway\\vendor\\laravel\\lumen-framework\\src\\Routing\\Router.php(62): Laravel\\Passport\\PassportServiceProvider->Laravel\\Passport\\{closure}(Object(Laravel\\Lumen\\Routing\\Router))
#4 C:\\xampp\\htdocs\\ddsbegateway\\vendor\\illuminate\\support\\Facades\\Facade.php(338): Laravel\\Lumen\\Routing\\Router->group(Array, Object(Closure))
#5 C:\\xampp\\htdocs\\ddsbegateway\\vendor\\laravel\\passport\\src\\PassportServiceProvider.php(56): Illuminate\\Support\\Facades\\Facade::__callStatic('group', Array)
#6 C:\\xampp\\htdocs\\ddsbegateway\\vendor\\laravel\\passport\\src\\PassportServiceProvider.php(39): Laravel\\Passport\\PassportServiceProvider->registerRoutes()
#7 C:\\xampp\\htdocs\\ddsbegateway\\vendor\\illuminate\\container\\BoundMethod.php(36): Laravel\\Passport\\PassportServiceProvider->boot()
#8 C:\\xampp\\htdocs\\ddsbegateway\\vendor\\illuminate\\container\\Util.php(41): Illuminate\\Container\\BoundMethod::Illuminate\\Container\\{closure}()
#9 C:\\xampp\\htdocs\\ddsbegateway\\vendor\\illuminate\\container\\BoundMethod.php(93): Illuminate\\Container\\Util::unwrapIfClosure(Object(Closure))
#10 C:\\xampp\\htdocs\\ddsbegateway\\vendor\\illuminate\\container\\BoundMethod.php(35): Illuminate\\Container\\BoundMethod::callBoundMethod(Object(Laravel\\Lumen\\Application), Array, Object(Closure))
#11 C:\\xampp\\htdocs\\ddsbegateway\\vendor\\illuminate\\container\\Container.php(661): Illuminate\\Container\\BoundMethod::call(Object(Laravel\\Lumen\\Application), Array, Array, NULL)
#12 C:\\xampp\\htdocs\\ddsbegateway\\vendor\\laravel\\lumen-framework\\src\\Application.php(277): Illuminate\\Container\\Container->call(Array)
#13 C:\\xampp\\htdocs\\ddsbegateway\\vendor\\laravel\\lumen-framework\\src\\Application.php(262): Laravel\\Lumen\\Application->bootProvider(Object(Laravel\\Passport\\PassportServiceProvider))
#14 C:\\xampp\\htdocs\\ddsbegateway\\vendor\\laravel\\lumen-framework\\src\\Console\\Kernel.php(114): Laravel\\Lumen\\Application->boot()
#15 C:\\xampp\\htdocs\\ddsbegateway\\artisan(35): Laravel\\Lumen\\Console\\Kernel->handle(Object(Symfony\\Component\\Console\\Input\\ArgvInput), Object(Symfony\\Component\\Console\\Output\\ConsoleOutput))
#16 {main}
"} 
[2025-04-11 15:24:15] local.ERROR: Call to undefined method Laravel\Lumen\Routing\Router::middleware() {"exception":"[object] (Error(code: 0): Call to undefined method Laravel\\Lumen\\Routing\\Router::middleware() at C:\\xampp\\htdocs\\ddsbegateway\\vendor\\illuminate\\support\\Facades\\Facade.php:338)
[stacktrace]
#0 C:\\xampp\\htdocs\\ddsbegateway\\vendor\\laravel\\passport\\routes\\web.php(19): Illuminate\\Support\\Facades\\Facade::__callStatic('middleware', Array)
#1 C:\\xampp\\htdocs\\ddsbegateway\\vendor\\illuminate\\support\\ServiceProvider.php(152): require('C:\\\\xampp\\\\htdocs...')
#2 C:\\xampp\\htdocs\\ddsbegateway\\vendor\\laravel\\passport\\src\\PassportServiceProvider.php(61): Illuminate\\Support\\ServiceProvider->loadRoutesFrom('C:\\\\xampp\\\\htdocs...')
#3 C:\\xampp\\htdocs\\ddsbegateway\\vendor\\laravel\\lumen-framework\\src\\Routing\\Router.php(62): Laravel\\Passport\\PassportServiceProvider->Laravel\\Passport\\{closure}(Object(Laravel\\Lumen\\Routing\\Router))
#4 C:\\xampp\\htdocs\\ddsbegateway\\vendor\\illuminate\\support\\Facades\\Facade.php(338): Laravel\\Lumen\\Routing\\Router->group(Array, Object(Closure))
#5 C:\\xampp\\htdocs\\ddsbegateway\\vendor\\laravel\\passport\\src\\PassportServiceProvider.php(56): Illuminate\\Support\\Facades\\Facade::__callStatic('group', Array)
#6 C:\\xampp\\htdocs\\ddsbegateway\\vendor\\laravel\\passport\\src\\PassportServiceProvider.php(39): Laravel\\Passport\\PassportServiceProvider->registerRoutes()
#7 C:\\xampp\\htdocs\\ddsbegateway\\vendor\\illuminate\\container\\BoundMethod.php(36): Laravel\\Passport\\PassportServiceProvider->boot()
#8 C:\\xampp\\htdocs\\ddsbegateway\\vendor\\illuminate\\container\\Util.php(41): Illuminate\\Container\\BoundMethod::Illuminate\\Container\\{closure}()
#9 C:\\xampp\\htdocs\\ddsbegateway\\vendor\\illuminate\\container\\BoundMethod.php(93): Illuminate\\Container\\Util::unwrapIfClosure(Object(Closure))
#10 C:\\xampp\\htdocs\\ddsbegateway\\vendor\\illuminate\\container\\BoundMethod.php(35): Illuminate\\Container\\BoundMethod::callBoundMethod(Object(Laravel\\Lumen\\Application), Array, Object(Closure))
#11 C:\\xampp\\htdocs\\ddsbegateway\\vendor\\illuminate\\container\\Container.php(661): Illuminate\\Container\\BoundMethod::call(Object(Laravel\\Lumen\\Application), Array, Array, NULL)
#12 C:\\xampp\\htdocs\\ddsbegateway\\vendor\\laravel\\lumen-framework\\src\\Application.php(277): Illuminate\\Container\\Container->call(Array)
#13 C:\\xampp\\htdocs\\ddsbegateway\\vendor\\laravel\\lumen-framework\\src\\Application.php(262): Laravel\\Lumen\\Application->bootProvider(Object(Laravel\\Passport\\PassportServiceProvider))
#14 C:\\xampp\\htdocs\\ddsbegateway\\vendor\\laravel\\lumen-framework\\src\\Console\\Kernel.php(114): Laravel\\Lumen\\Application->boot()
#15 C:\\xampp\\htdocs\\ddsbegateway\\artisan(35): Laravel\\Lumen\\Console\\Kernel->handle(Object(Symfony\\Component\\Console\\Input\\ArgvInput), Object(Symfony\\Component\\Console\\Output\\ConsoleOutput))
#16 {main}
"} 
[2025-04-11 15:24:15] local.ERROR: Call to undefined method Laravel\Lumen\Routing\Router::middleware() {"exception":"[object] (Error(code: 0): Call to undefined method Laravel\\Lumen\\Routing\\Router::middleware() at C:\\xampp\\htdocs\\ddsbegateway\\vendor\\illuminate\\support\\Facades\\Facade.php:338)
[stacktrace]
#0 C:\\xampp\\htdocs\\ddsbegateway\\vendor\\laravel\\passport\\routes\\web.php(19): Illuminate\\Support\\Facades\\Facade::__callStatic('middleware', Array)
#1 C:\\xampp\\htdocs\\ddsbegateway\\vendor\\illuminate\\support\\ServiceProvider.php(152): require('C:\\\\xampp\\\\htdocs...')
#2 C:\\xampp\\htdocs\\ddsbegateway\\vendor\\laravel\\passport\\src\\PassportServiceProvider.php(61): Illuminate\\Support\\ServiceProvider->loadRoutesFrom('C:\\\\xampp\\\\htdocs...')
#3 C:\\xampp\\htdocs\\ddsbegateway\\vendor\\laravel\\lumen-framework\\src\\Routing\\Router.php(62): Laravel\\Passport\\PassportServiceProvider->Laravel\\Passport\\{closure}(Object(Laravel\\Lumen\\Routing\\Router))
#4 C:\\xampp\\htdocs\\ddsbegateway\\vendor\\illuminate\\support\\Facades\\Facade.php(338): Laravel\\Lumen\\Routing\\Router->group(Array, Object(Closure))
#5 C:\\xampp\\htdocs\\ddsbegateway\\vendor\\laravel\\passport\\src\\PassportServiceProvider.php(56): Illuminate\\Support\\Facades\\Facade::__callStatic('group', Array)
#6 C:\\xampp\\htdocs\\ddsbegateway\\vendor\\laravel\\passport\\src\\PassportServiceProvider.php(39): Laravel\\Passport\\PassportServiceProvider->registerRoutes()
#7 C:\\xampp\\htdocs\\ddsbegateway\\vendor\\illuminate\\container\\BoundMethod.php(36): Laravel\\Passport\\PassportServiceProvider->boot()
#8 C:\\xampp\\htdocs\\ddsbegateway\\vendor\\illuminate\\container\\Util.php(41): Illuminate\\Container\\BoundMethod::Illuminate\\Container\\{closure}()
#9 C:\\xampp\\htdocs\\ddsbegateway\\vendor\\illuminate\\container\\BoundMethod.php(93): Illuminate\\Container\\Util::unwrapIfClosure(Object(Closure))
#10 C:\\xampp\\htdocs\\ddsbegateway\\vendor\\illuminate\\container\\BoundMethod.php(35): Illuminate\\Container\\BoundMethod::callBoundMethod(Object(Laravel\\Lumen\\Application), Array, Object(Closure))
#11 C:\\xampp\\htdocs\\ddsbegateway\\vendor\\illuminate\\container\\Container.php(661): Illuminate\\Container\\BoundMethod::call(Object(Laravel\\Lumen\\Application), Array, Array, NULL)
#12 C:\\xampp\\htdocs\\ddsbegateway\\vendor\\laravel\\lumen-framework\\src\\Application.php(277): Illuminate\\Container\\Container->call(Array)
#13 C:\\xampp\\htdocs\\ddsbegateway\\vendor\\laravel\\lumen-framework\\src\\Application.php(262): Laravel\\Lumen\\Application->bootProvider(Object(Laravel\\Passport\\PassportServiceProvider))
#14 C:\\xampp\\htdocs\\ddsbegateway\\vendor\\laravel\\lumen-framework\\src\\Console\\Kernel.php(114): Laravel\\Lumen\\Application->boot()
#15 C:\\xampp\\htdocs\\ddsbegateway\\artisan(35): Laravel\\Lumen\\Console\\Kernel->handle(Object(Symfony\\Component\\Console\\Input\\ArgvInput), Object(Symfony\\Component\\Console\\Output\\ConsoleOutput))
#16 {main}
"} 
[2025-04-11 15:30:18] local.ERROR: Call to undefined method Laravel\Lumen\Routing\Router::middleware() {"exception":"[object] (Error(code: 0): Call to undefined method Laravel\\Lumen\\Routing\\Router::middleware() at C:\\xampp\\htdocs\\ddsbegateway\\vendor\\illuminate\\support\\Facades\\Facade.php:338)
[stacktrace]
#0 C:\\xampp\\htdocs\\ddsbegateway\\vendor\\laravel\\passport\\routes\\web.php(19): Illuminate\\Support\\Facades\\Facade::__callStatic('middleware', Array)
#1 C:\\xampp\\htdocs\\ddsbegateway\\vendor\\illuminate\\support\\ServiceProvider.php(152): require('C:\\\\xampp\\\\htdocs...')
#2 C:\\xampp\\htdocs\\ddsbegateway\\vendor\\laravel\\passport\\src\\PassportServiceProvider.php(61): Illuminate\\Support\\ServiceProvider->loadRoutesFrom('C:\\\\xampp\\\\htdocs...')
#3 C:\\xampp\\htdocs\\ddsbegateway\\vendor\\laravel\\lumen-framework\\src\\Routing\\Router.php(62): Laravel\\Passport\\PassportServiceProvider->Laravel\\Passport\\{closure}(Object(Laravel\\Lumen\\Routing\\Router))
#4 C:\\xampp\\htdocs\\ddsbegateway\\vendor\\illuminate\\support\\Facades\\Facade.php(338): Laravel\\Lumen\\Routing\\Router->group(Array, Object(Closure))
#5 C:\\xampp\\htdocs\\ddsbegateway\\vendor\\laravel\\passport\\src\\PassportServiceProvider.php(56): Illuminate\\Support\\Facades\\Facade::__callStatic('group', Array)
#6 C:\\xampp\\htdocs\\ddsbegateway\\vendor\\laravel\\passport\\src\\PassportServiceProvider.php(39): Laravel\\Passport\\PassportServiceProvider->registerRoutes()
#7 C:\\xampp\\htdocs\\ddsbegateway\\vendor\\illuminate\\container\\BoundMethod.php(36): Laravel\\Passport\\PassportServiceProvider->boot()
#8 C:\\xampp\\htdocs\\ddsbegateway\\vendor\\illuminate\\container\\Util.php(41): Illuminate\\Container\\BoundMethod::Illuminate\\Container\\{closure}()
#9 C:\\xampp\\htdocs\\ddsbegateway\\vendor\\illuminate\\container\\BoundMethod.php(93): Illuminate\\Container\\Util::unwrapIfClosure(Object(Closure))
#10 C:\\xampp\\htdocs\\ddsbegateway\\vendor\\illuminate\\container\\BoundMethod.php(35): Illuminate\\Container\\BoundMethod::callBoundMethod(Object(Laravel\\Lumen\\Application), Array, Object(Closure))
#11 C:\\xampp\\htdocs\\ddsbegateway\\vendor\\illuminate\\container\\Container.php(661): Illuminate\\Container\\BoundMethod::call(Object(Laravel\\Lumen\\Application), Array, Array, NULL)
#12 C:\\xampp\\htdocs\\ddsbegateway\\vendor\\laravel\\lumen-framework\\src\\Application.php(277): Illuminate\\Container\\Container->call(Array)
#13 C:\\xampp\\htdocs\\ddsbegateway\\vendor\\laravel\\lumen-framework\\src\\Application.php(262): Laravel\\Lumen\\Application->bootProvider(Object(Laravel\\Passport\\PassportServiceProvider))
#14 C:\\xampp\\htdocs\\ddsbegateway\\vendor\\laravel\\lumen-framework\\src\\Console\\Kernel.php(114): Laravel\\Lumen\\Application->boot()
#15 C:\\xampp\\htdocs\\ddsbegateway\\artisan(35): Laravel\\Lumen\\Console\\Kernel->handle(Object(Symfony\\Component\\Console\\Input\\ArgvInput), Object(Symfony\\Component\\Console\\Output\\ConsoleOutput))
#16 {main}
"} 
[2025-04-11 15:30:19] local.ERROR: Call to undefined method Laravel\Lumen\Routing\Router::middleware() {"exception":"[object] (Error(code: 0): Call to undefined method Laravel\\Lumen\\Routing\\Router::middleware() at C:\\xampp\\htdocs\\ddsbegateway\\vendor\\illuminate\\support\\Facades\\Facade.php:338)
[stacktrace]
#0 C:\\xampp\\htdocs\\ddsbegateway\\vendor\\laravel\\passport\\routes\\web.php(19): Illuminate\\Support\\Facades\\Facade::__callStatic('middleware', Array)
#1 C:\\xampp\\htdocs\\ddsbegateway\\vendor\\illuminate\\support\\ServiceProvider.php(152): require('C:\\\\xampp\\\\htdocs...')
#2 C:\\xampp\\htdocs\\ddsbegateway\\vendor\\laravel\\passport\\src\\PassportServiceProvider.php(61): Illuminate\\Support\\ServiceProvider->loadRoutesFrom('C:\\\\xampp\\\\htdocs...')
#3 C:\\xampp\\htdocs\\ddsbegateway\\vendor\\laravel\\lumen-framework\\src\\Routing\\Router.php(62): Laravel\\Passport\\PassportServiceProvider->Laravel\\Passport\\{closure}(Object(Laravel\\Lumen\\Routing\\Router))
#4 C:\\xampp\\htdocs\\ddsbegateway\\vendor\\illuminate\\support\\Facades\\Facade.php(338): Laravel\\Lumen\\Routing\\Router->group(Array, Object(Closure))
#5 C:\\xampp\\htdocs\\ddsbegateway\\vendor\\laravel\\passport\\src\\PassportServiceProvider.php(56): Illuminate\\Support\\Facades\\Facade::__callStatic('group', Array)
#6 C:\\xampp\\htdocs\\ddsbegateway\\vendor\\laravel\\passport\\src\\PassportServiceProvider.php(39): Laravel\\Passport\\PassportServiceProvider->registerRoutes()
#7 C:\\xampp\\htdocs\\ddsbegateway\\vendor\\illuminate\\container\\BoundMethod.php(36): Laravel\\Passport\\PassportServiceProvider->boot()
#8 C:\\xampp\\htdocs\\ddsbegateway\\vendor\\illuminate\\container\\Util.php(41): Illuminate\\Container\\BoundMethod::Illuminate\\Container\\{closure}()
#9 C:\\xampp\\htdocs\\ddsbegateway\\vendor\\illuminate\\container\\BoundMethod.php(93): Illuminate\\Container\\Util::unwrapIfClosure(Object(Closure))
#10 C:\\xampp\\htdocs\\ddsbegateway\\vendor\\illuminate\\container\\BoundMethod.php(35): Illuminate\\Container\\BoundMethod::callBoundMethod(Object(Laravel\\Lumen\\Application), Array, Object(Closure))
#11 C:\\xampp\\htdocs\\ddsbegateway\\vendor\\illuminate\\container\\Container.php(661): Illuminate\\Container\\BoundMethod::call(Object(Laravel\\Lumen\\Application), Array, Array, NULL)
#12 C:\\xampp\\htdocs\\ddsbegateway\\vendor\\laravel\\lumen-framework\\src\\Application.php(277): Illuminate\\Container\\Container->call(Array)
#13 C:\\xampp\\htdocs\\ddsbegateway\\vendor\\laravel\\lumen-framework\\src\\Application.php(262): Laravel\\Lumen\\Application->bootProvider(Object(Laravel\\Passport\\PassportServiceProvider))
#14 C:\\xampp\\htdocs\\ddsbegateway\\vendor\\laravel\\lumen-framework\\src\\Console\\Kernel.php(114): Laravel\\Lumen\\Application->boot()
#15 C:\\xampp\\htdocs\\ddsbegateway\\artisan(35): Laravel\\Lumen\\Console\\Kernel->handle(Object(Symfony\\Component\\Console\\Input\\ArgvInput), Object(Symfony\\Component\\Console\\Output\\ConsoleOutput))
#16 {main}
"} 
[2025-04-11 15:31:27] local.ERROR: Call to undefined method Laravel\Lumen\Routing\Router::middleware() {"exception":"[object] (Error(code: 0): Call to undefined method Laravel\\Lumen\\Routing\\Router::middleware() at C:\\xampp\\htdocs\\ddsbegateway\\vendor\\illuminate\\support\\Facades\\Facade.php:338)
[stacktrace]
#0 C:\\xampp\\htdocs\\ddsbegateway\\vendor\\laravel\\passport\\routes\\web.php(19): Illuminate\\Support\\Facades\\Facade::__callStatic('middleware', Array)
#1 C:\\xampp\\htdocs\\ddsbegateway\\vendor\\illuminate\\support\\ServiceProvider.php(152): require('C:\\\\xampp\\\\htdocs...')
#2 C:\\xampp\\htdocs\\ddsbegateway\\vendor\\laravel\\passport\\src\\PassportServiceProvider.php(61): Illuminate\\Support\\ServiceProvider->loadRoutesFrom('C:\\\\xampp\\\\htdocs...')
#3 C:\\xampp\\htdocs\\ddsbegateway\\vendor\\laravel\\lumen-framework\\src\\Routing\\Router.php(62): Laravel\\Passport\\PassportServiceProvider->Laravel\\Passport\\{closure}(Object(Laravel\\Lumen\\Routing\\Router))
#4 C:\\xampp\\htdocs\\ddsbegateway\\vendor\\illuminate\\support\\Facades\\Facade.php(338): Laravel\\Lumen\\Routing\\Router->group(Array, Object(Closure))
#5 C:\\xampp\\htdocs\\ddsbegateway\\vendor\\laravel\\passport\\src\\PassportServiceProvider.php(56): Illuminate\\Support\\Facades\\Facade::__callStatic('group', Array)
#6 C:\\xampp\\htdocs\\ddsbegateway\\vendor\\laravel\\passport\\src\\PassportServiceProvider.php(39): Laravel\\Passport\\PassportServiceProvider->registerRoutes()
#7 C:\\xampp\\htdocs\\ddsbegateway\\vendor\\illuminate\\container\\BoundMethod.php(36): Laravel\\Passport\\PassportServiceProvider->boot()
#8 C:\\xampp\\htdocs\\ddsbegateway\\vendor\\illuminate\\container\\Util.php(41): Illuminate\\Container\\BoundMethod::Illuminate\\Container\\{closure}()
#9 C:\\xampp\\htdocs\\ddsbegateway\\vendor\\illuminate\\container\\BoundMethod.php(93): Illuminate\\Container\\Util::unwrapIfClosure(Object(Closure))
#10 C:\\xampp\\htdocs\\ddsbegateway\\vendor\\illuminate\\container\\BoundMethod.php(35): Illuminate\\Container\\BoundMethod::callBoundMethod(Object(Laravel\\Lumen\\Application), Array, Object(Closure))
#11 C:\\xampp\\htdocs\\ddsbegateway\\vendor\\illuminate\\container\\Container.php(661): Illuminate\\Container\\BoundMethod::call(Object(Laravel\\Lumen\\Application), Array, Array, NULL)
#12 C:\\xampp\\htdocs\\ddsbegateway\\vendor\\laravel\\lumen-framework\\src\\Application.php(277): Illuminate\\Container\\Container->call(Array)
#13 C:\\xampp\\htdocs\\ddsbegateway\\vendor\\laravel\\lumen-framework\\src\\Application.php(262): Laravel\\Lumen\\Application->bootProvider(Object(Laravel\\Passport\\PassportServiceProvider))
#14 C:\\xampp\\htdocs\\ddsbegateway\\vendor\\laravel\\lumen-framework\\src\\Console\\Kernel.php(114): Laravel\\Lumen\\Application->boot()
#15 C:\\xampp\\htdocs\\ddsbegateway\\artisan(35): Laravel\\Lumen\\Console\\Kernel->handle(Object(Symfony\\Component\\Console\\Input\\ArgvInput), Object(Symfony\\Component\\Console\\Output\\ConsoleOutput))
#16 {main}
"} 
[2025-04-11 15:31:49] local.ERROR: Call to undefined method Laravel\Lumen\Routing\Router::middleware() {"exception":"[object] (Error(code: 0): Call to undefined method Laravel\\Lumen\\Routing\\Router::middleware() at C:\\xampp\\htdocs\\ddsbegateway\\vendor\\illuminate\\support\\Facades\\Facade.php:338)
[stacktrace]
#0 C:\\xampp\\htdocs\\ddsbegateway\\vendor\\laravel\\passport\\routes\\web.php(19): Illuminate\\Support\\Facades\\Facade::__callStatic('middleware', Array)
#1 C:\\xampp\\htdocs\\ddsbegateway\\vendor\\illuminate\\support\\ServiceProvider.php(152): require('C:\\\\xampp\\\\htdocs...')
#2 C:\\xampp\\htdocs\\ddsbegateway\\vendor\\laravel\\passport\\src\\PassportServiceProvider.php(61): Illuminate\\Support\\ServiceProvider->loadRoutesFrom('C:\\\\xampp\\\\htdocs...')
#3 C:\\xampp\\htdocs\\ddsbegateway\\vendor\\laravel\\lumen-framework\\src\\Routing\\Router.php(62): Laravel\\Passport\\PassportServiceProvider->Laravel\\Passport\\{closure}(Object(Laravel\\Lumen\\Routing\\Router))
#4 C:\\xampp\\htdocs\\ddsbegateway\\vendor\\illuminate\\support\\Facades\\Facade.php(338): Laravel\\Lumen\\Routing\\Router->group(Array, Object(Closure))
#5 C:\\xampp\\htdocs\\ddsbegateway\\vendor\\laravel\\passport\\src\\PassportServiceProvider.php(56): Illuminate\\Support\\Facades\\Facade::__callStatic('group', Array)
#6 C:\\xampp\\htdocs\\ddsbegateway\\vendor\\laravel\\passport\\src\\PassportServiceProvider.php(39): Laravel\\Passport\\PassportServiceProvider->registerRoutes()
#7 C:\\xampp\\htdocs\\ddsbegateway\\vendor\\illuminate\\container\\BoundMethod.php(36): Laravel\\Passport\\PassportServiceProvider->boot()
#8 C:\\xampp\\htdocs\\ddsbegateway\\vendor\\illuminate\\container\\Util.php(41): Illuminate\\Container\\BoundMethod::Illuminate\\Container\\{closure}()
#9 C:\\xampp\\htdocs\\ddsbegateway\\vendor\\illuminate\\container\\BoundMethod.php(93): Illuminate\\Container\\Util::unwrapIfClosure(Object(Closure))
#10 C:\\xampp\\htdocs\\ddsbegateway\\vendor\\illuminate\\container\\BoundMethod.php(35): Illuminate\\Container\\BoundMethod::callBoundMethod(Object(Laravel\\Lumen\\Application), Array, Object(Closure))
#11 C:\\xampp\\htdocs\\ddsbegateway\\vendor\\illuminate\\container\\Container.php(661): Illuminate\\Container\\BoundMethod::call(Object(Laravel\\Lumen\\Application), Array, Array, NULL)
#12 C:\\xampp\\htdocs\\ddsbegateway\\vendor\\laravel\\lumen-framework\\src\\Application.php(277): Illuminate\\Container\\Container->call(Array)
#13 C:\\xampp\\htdocs\\ddsbegateway\\vendor\\laravel\\lumen-framework\\src\\Application.php(262): Laravel\\Lumen\\Application->bootProvider(Object(Laravel\\Passport\\PassportServiceProvider))
#14 C:\\xampp\\htdocs\\ddsbegateway\\vendor\\laravel\\lumen-framework\\src\\Console\\Kernel.php(114): Laravel\\Lumen\\Application->boot()
#15 C:\\xampp\\htdocs\\ddsbegateway\\artisan(35): Laravel\\Lumen\\Console\\Kernel->handle(Object(Symfony\\Component\\Console\\Input\\ArgvInput), Object(Symfony\\Component\\Console\\Output\\ConsoleOutput))
#16 {main}
"} 
[2025-04-11 15:36:52] local.ERROR: Client authentication failed {"exception":"[object] (Laravel\\Passport\\Exceptions\\OAuthServerException(code: 4): Client authentication failed at C:\\xampp\\htdocs\\ddsbegateway\\vendor\\laravel\\passport\\src\\Http\\Controllers\\HandlesOAuthErrors.php:26)
[stacktrace]
#0 C:\\xampp\\htdocs\\ddsbegateway\\vendor\\dusterio\\lumen-passport\\src\\Http\\Controllers\\AccessTokenController.php(25): Laravel\\Passport\\Http\\Controllers\\AccessTokenController->withErrorHandling(Object(Closure))
#1 C:\\xampp\\htdocs\\ddsbegateway\\vendor\\illuminate\\container\\BoundMethod.php(36): Dusterio\\LumenPassport\\Http\\Controllers\\AccessTokenController->issueToken(Object(Nyholm\\Psr7\\ServerRequest))
#2 C:\\xampp\\htdocs\\ddsbegateway\\vendor\\illuminate\\container\\Util.php(41): Illuminate\\Container\\BoundMethod::Illuminate\\Container\\{closure}()
#3 C:\\xampp\\htdocs\\ddsbegateway\\vendor\\illuminate\\container\\BoundMethod.php(93): Illuminate\\Container\\Util::unwrapIfClosure(Object(Closure))
#4 C:\\xampp\\htdocs\\ddsbegateway\\vendor\\illuminate\\container\\BoundMethod.php(35): Illuminate\\Container\\BoundMethod::callBoundMethod(Object(Laravel\\Lumen\\Application), Array, Object(Closure))
#5 C:\\xampp\\htdocs\\ddsbegateway\\vendor\\illuminate\\container\\Container.php(661): Illuminate\\Container\\BoundMethod::call(Object(Laravel\\Lumen\\Application), Array, Array, NULL)
#6 C:\\xampp\\htdocs\\ddsbegateway\\vendor\\laravel\\lumen-framework\\src\\Concerns\\RoutesRequests.php(389): Illuminate\\Container\\Container->call(Array, Array)
#7 C:\\xampp\\htdocs\\ddsbegateway\\vendor\\laravel\\lumen-framework\\src\\Concerns\\RoutesRequests.php(331): Laravel\\Lumen\\Application->callControllerCallable(Array, Array)
#8 C:\\xampp\\htdocs\\ddsbegateway\\vendor\\laravel\\lumen-framework\\src\\Concerns\\RoutesRequests.php(282): Laravel\\Lumen\\Application->callControllerAction(Array)
#9 C:\\xampp\\htdocs\\ddsbegateway\\vendor\\laravel\\lumen-framework\\src\\Concerns\\RoutesRequests.php(267): Laravel\\Lumen\\Application->callActionOnArrayBasedRoute(Array)
#10 C:\\xampp\\htdocs\\ddsbegateway\\vendor\\laravel\\lumen-framework\\src\\Concerns\\RoutesRequests.php(169): Laravel\\Lumen\\Application->handleFoundRoute(Array)
#11 C:\\xampp\\htdocs\\ddsbegateway\\vendor\\laravel\\lumen-framework\\src\\Concerns\\RoutesRequests.php(429): Laravel\\Lumen\\Application->Laravel\\Lumen\\Concerns\\{closure}(Object(Laravel\\Lumen\\Http\\Request))
#12 C:\\xampp\\htdocs\\ddsbegateway\\vendor\\laravel\\lumen-framework\\src\\Concerns\\RoutesRequests.php(165): Laravel\\Lumen\\Application->sendThroughPipeline(Array, Object(Closure))
#13 C:\\xampp\\htdocs\\ddsbegateway\\vendor\\laravel\\lumen-framework\\src\\Concerns\\RoutesRequests.php(112): Laravel\\Lumen\\Application->dispatch(NULL)
#14 C:\\xampp\\htdocs\\ddsbegateway\\public\\index.php(28): Laravel\\Lumen\\Application->run()
#15 {main}

[previous exception] [object] (League\\OAuth2\\Server\\Exception\\OAuthServerException(code: 4): Client authentication failed at C:\\xampp\\htdocs\\ddsbegateway\\vendor\\league\\oauth2-server\\src\\Exception\\OAuthServerException.php:154)
[stacktrace]
#0 C:\\xampp\\htdocs\\ddsbegateway\\vendor\\league\\oauth2-server\\src\\Grant\\AbstractGrant.php(199): League\\OAuth2\\Server\\Exception\\OAuthServerException::invalidClient(Object(Nyholm\\Psr7\\ServerRequest))
#1 C:\\xampp\\htdocs\\ddsbegateway\\vendor\\league\\oauth2-server\\src\\Grant\\ClientCredentialsGrant.php(45): League\\OAuth2\\Server\\Grant\\AbstractGrant->validateClient(Object(Nyholm\\Psr7\\ServerRequest))
#2 C:\\xampp\\htdocs\\ddsbegateway\\vendor\\league\\oauth2-server\\src\\AuthorizationServer.php(201): League\\OAuth2\\Server\\Grant\\ClientCredentialsGrant->respondToAccessTokenRequest(Object(Nyholm\\Psr7\\ServerRequest), Object(League\\OAuth2\\Server\\ResponseTypes\\BearerTokenResponse), Object(DateInterval))
#3 C:\\xampp\\htdocs\\ddsbegateway\\vendor\\dusterio\\lumen-passport\\src\\Http\\Controllers\\AccessTokenController.php(34): League\\OAuth2\\Server\\AuthorizationServer->respondToAccessTokenRequest(Object(Nyholm\\Psr7\\ServerRequest), Object(Laminas\\Diactoros\\Response))
#4 C:\\xampp\\htdocs\\ddsbegateway\\vendor\\laravel\\passport\\src\\Http\\Controllers\\HandlesOAuthErrors.php(24): Dusterio\\LumenPassport\\Http\\Controllers\\AccessTokenController->Dusterio\\LumenPassport\\Http\\Controllers\\{closure}()
#5 C:\\xampp\\htdocs\\ddsbegateway\\vendor\\dusterio\\lumen-passport\\src\\Http\\Controllers\\AccessTokenController.php(25): Laravel\\Passport\\Http\\Controllers\\AccessTokenController->withErrorHandling(Object(Closure))
#6 C:\\xampp\\htdocs\\ddsbegateway\\vendor\\illuminate\\container\\BoundMethod.php(36): Dusterio\\LumenPassport\\Http\\Controllers\\AccessTokenController->issueToken(Object(Nyholm\\Psr7\\ServerRequest))
#7 C:\\xampp\\htdocs\\ddsbegateway\\vendor\\illuminate\\container\\Util.php(41): Illuminate\\Container\\BoundMethod::Illuminate\\Container\\{closure}()
#8 C:\\xampp\\htdocs\\ddsbegateway\\vendor\\illuminate\\container\\BoundMethod.php(93): Illuminate\\Container\\Util::unwrapIfClosure(Object(Closure))
#9 C:\\xampp\\htdocs\\ddsbegateway\\vendor\\illuminate\\container\\BoundMethod.php(35): Illuminate\\Container\\BoundMethod::callBoundMethod(Object(Laravel\\Lumen\\Application), Array, Object(Closure))
#10 C:\\xampp\\htdocs\\ddsbegateway\\vendor\\illuminate\\container\\Container.php(661): Illuminate\\Container\\BoundMethod::call(Object(Laravel\\Lumen\\Application), Array, Array, NULL)
#11 C:\\xampp\\htdocs\\ddsbegateway\\vendor\\laravel\\lumen-framework\\src\\Concerns\\RoutesRequests.php(389): Illuminate\\Container\\Container->call(Array, Array)
#12 C:\\xampp\\htdocs\\ddsbegateway\\vendor\\laravel\\lumen-framework\\src\\Concerns\\RoutesRequests.php(331): Laravel\\Lumen\\Application->callControllerCallable(Array, Array)
#13 C:\\xampp\\htdocs\\ddsbegateway\\vendor\\laravel\\lumen-framework\\src\\Concerns\\RoutesRequests.php(282): Laravel\\Lumen\\Application->callControllerAction(Array)
#14 C:\\xampp\\htdocs\\ddsbegateway\\vendor\\laravel\\lumen-framework\\src\\Concerns\\RoutesRequests.php(267): Laravel\\Lumen\\Application->callActionOnArrayBasedRoute(Array)
#15 C:\\xampp\\htdocs\\ddsbegateway\\vendor\\laravel\\lumen-framework\\src\\Concerns\\RoutesRequests.php(169): Laravel\\Lumen\\Application->handleFoundRoute(Array)
#16 C:\\xampp\\htdocs\\ddsbegateway\\vendor\\laravel\\lumen-framework\\src\\Concerns\\RoutesRequests.php(429): Laravel\\Lumen\\Application->Laravel\\Lumen\\Concerns\\{closure}(Object(Laravel\\Lumen\\Http\\Request))
#17 C:\\xampp\\htdocs\\ddsbegateway\\vendor\\laravel\\lumen-framework\\src\\Concerns\\RoutesRequests.php(165): Laravel\\Lumen\\Application->sendThroughPipeline(Array, Object(Closure))
#18 C:\\xampp\\htdocs\\ddsbegateway\\vendor\\laravel\\lumen-framework\\src\\Concerns\\RoutesRequests.php(112): Laravel\\Lumen\\Application->dispatch(NULL)
#19 C:\\xampp\\htdocs\\ddsbegateway\\public\\index.php(28): Laravel\\Lumen\\Application->run()
#20 {main}
"} 
